#
# There is insufficient memory for the Java Runtime Environment to continue.
# Native memory allocation (mmap) failed to map 125829120 bytes for G1 virtual space
# Possible reasons:
#   The system is out of physical RAM or swap space
#   The process is running with CompressedOops enabled, and the Java Heap may be blocking the growth of the native heap
# Possible solutions:
#   Reduce memory load on the system
#   Increase physical memory or swap space
#   Check if swap backing store is full
#   Decrease Java heap size (-Xmx/-Xms)
#   Decrease number of Java threads
#   Decrease Java thread stack sizes (-Xss)
#   Set larger code cache with -XX:ReservedCodeCacheSize=
#   JVM is running with Unscaled Compressed Oops mode in which the Java heap is
#     placed in the first 4GB address space. The Java Heap base address is the
#     maximum limit for the native heap growth. Please use -XX:HeapBaseMinAddress
#     to set the Java Heap base and to place the Java Heap above 4GB virtual address.
# This output file may be truncated or incomplete.
#
#  Out of Memory Error (os_windows.cpp:3548), pid=9080, tid=17872
#
# JRE version:  (17.0.13+10) (build )
# Java VM: Java HotSpot(TM) 64-Bit Server VM (17.0.13+10-LTS-268, mixed mode, sharing, tiered, compressed oops, compressed class ptrs, g1 gc, windows-amd64)
# No core dump will be written. Minidumps are not enabled by default on client versions of Windows
#

---------------  S U M M A R Y ------------

Command Line: -DkotlinLanguageServer.version=1.3.13 org.javacs.kt.MainKt

Host: AMD Ryzen 5 4600H with Radeon Graphics         , 12 cores, 7G,  Windows 11 , 64 bit Build 26100 (10.0.26100.8115)
Time: Tue Apr 14 09:00:50 2026 Afr. centrale Ouest elapsed time: 2.077856 seconds (0d 0h 0m 2s)

---------------  T H R E A D  ---------------

Current thread (0x000001e49c051d70):  JavaThread "Unknown thread" [_thread_in_vm, id=17872, stack(0x0000008514100000,0x0000008514200000)]

Stack: [0x0000008514100000,0x0000008514200000]
Native frames: (J=compiled Java code, j=interpreted, Vv=VM code, C=native code)
V  [jvm.dll+0x67a23a]
V  [jvm.dll+0x7da96d]
V  [jvm.dll+0x7dc2b3]
V  [jvm.dll+0x7dc923]
V  [jvm.dll+0x2450ef]
V  [jvm.dll+0x677279]
V  [jvm.dll+0x66bf22]
V  [jvm.dll+0x302006]
V  [jvm.dll+0x3095a6]
V  [jvm.dll+0x359e9e]
V  [jvm.dll+0x35a0cf]
V  [jvm.dll+0x2d90d8]
V  [jvm.dll+0x2da044]
V  [jvm.dll+0x7ace81]
V  [jvm.dll+0x367701]
V  [jvm.dll+0x78bcc9]
V  [jvm.dll+0x3ec9bf]
V  [jvm.dll+0x3ee5f1]
C  [jli.dll+0x5297]
C  [ucrtbase.dll+0x37b0]
C  [KERNEL32.DLL+0x2e8d7]
C  [ntdll.dll+0x8c3fc]


---------------  P R O C E S S  ---------------

Threads class SMR info:
_java_thread_list=0x00007ffa73438a18, length=0, elements={
}

Java Threads: ( => current thread )

Other Threads:
  0x000001e49c0ab0d0 GCTaskThread "GC Thread#0" [stack: 0x0000008514200000,0x0000008514300000] [id=20156]
  0x000001e49c0bc210 ConcurrentGCThread "G1 Main Marker" [stack: 0x0000008514300000,0x0000008514400000] [id=16912]
  0x000001e49c0beb30 ConcurrentGCThread "G1 Conc#0" [stack: 0x0000008514400000,0x0000008514500000] [id=17520]

[error occurred during error reporting (printing all threads), id 0xc0000005, EXCEPTION_ACCESS_VIOLATION (0xc0000005) at pc=0x00007ffa72c69bc7]

VM state: not at safepoint (not fully initialized)

VM Mutex/Monitor currently owned by a thread:  ([mutex/lock_event])
[0x000001e49c04ed90] Heap_lock - owner thread: 0x000001e49c051d70

Heap address: 0x0000000089400000, size: 1900 MB, Compressed Oops mode: 32-bit

CDS archive(s) mapped at: [0x0000000000000000-0x0000000000000000-0x0000000000000000), size 0, SharedBaseAddress: 0x0000000800000000, ArchiveRelocationMode: 1.
Narrow klass base: 0x0000000000000000, Narrow klass shift: 0, Narrow klass range: 0x0

GC Precious Log:
<Empty>

Heap:
 garbage-first heap   total 0K, used 0K [0x0000000089400000, 0x0000000100000000)
  region size 1024K, 0 young (0K), 0 survivors (0K)

[error occurred during error reporting (printing heap information), id 0xc0000005, EXCEPTION_ACCESS_VIOLATION (0xc0000005) at pc=0x00007ffa73053a29]

GC Heap History (0 events):
No events

Deoptimization events (0 events):
No events

Classes unloaded (0 events):
No events

Classes redefined (0 events):
No events

Internal exceptions (0 events):
No events

VM Operations (0 events):
No events

Events (1 events):
Event: 0.032 Loaded shared library C:\Program Files\Java\jdk-17\bin\java.dll


Dynamic libraries:
0x00007ff6ba740000 - 0x00007ff6ba750000 	C:\Program Files\Java\jdk-17\bin\java.exe
0x00007ffab4a20000 - 0x00007ffab4c87000 	C:\WINDOWS\SYSTEM32\ntdll.dll
0x00007ffab36d0000 - 0x00007ffab3799000 	C:\WINDOWS\System32\KERNEL32.DLL
0x00007ffab1c90000 - 0x00007ffab2084000 	C:\WINDOWS\System32\KERNELBASE.dll
0x00007ffab22b0000 - 0x00007ffab23fb000 	C:\WINDOWS\System32\ucrtbase.dll
0x00007ffa9bf20000 - 0x00007ffa9bf39000 	C:\Program Files\Java\jdk-17\bin\jli.dll
0x00007ffa9bf00000 - 0x00007ffa9bf1b000 	C:\Program Files\Java\jdk-17\bin\VCRUNTIME140.dll
0x00007ffab4920000 - 0x00007ffab49d6000 	C:\WINDOWS\System32\ADVAPI32.dll
0x00007ffab37a0000 - 0x00007ffab3849000 	C:\WINDOWS\System32\msvcrt.dll
0x00007ffab2ed0000 - 0x00007ffab2f77000 	C:\WINDOWS\System32\sechost.dll
0x00007ffab2990000 - 0x00007ffab2aa8000 	C:\WINDOWS\System32\RPCRT4.dll
0x00007ffab34c0000 - 0x00007ffab3685000 	C:\WINDOWS\System32\USER32.dll
0x00007ffab24b0000 - 0x00007ffab24d7000 	C:\WINDOWS\System32\win32u.dll
0x00007ffa9b2a0000 - 0x00007ffa9b533000 	C:\WINDOWS\WinSxS\amd64_microsoft.windows.common-controls_6595b64144ccf1df_6.0.26100.8115_none_3e075c82e3354f9c\COMCTL32.dll
0x00007ffab39c0000 - 0x00007ffab39eb000 	C:\WINDOWS\System32\GDI32.dll
0x00007ffab12f0000 - 0x00007ffab141a000 	C:\WINDOWS\System32\gdi32full.dll
0x00007ffab2090000 - 0x00007ffab2133000 	C:\WINDOWS\System32\msvcp_win.dll
0x00007ffaa8e40000 - 0x00007ffaa8e4b000 	C:\WINDOWS\SYSTEM32\VERSION.dll
0x00007ffab2b00000 - 0x00007ffab2b32000 	C:\WINDOWS\System32\IMM32.DLL
0x00007ffaaab40000 - 0x00007ffaaab4c000 	C:\Program Files\Java\jdk-17\bin\vcruntime140_1.dll
0x00007ffa7d960000 - 0x00007ffa7d9ee000 	C:\Program Files\Java\jdk-17\bin\msvcp140.dll
0x00007ffa72980000 - 0x00007ffa73561000 	C:\Program Files\Java\jdk-17\bin\server\jvm.dll
0x00007ffab3850000 - 0x00007ffab3858000 	C:\WINDOWS\System32\PSAPI.DLL
0x00007ffaa7380000 - 0x00007ffaa73b6000 	C:\WINDOWS\SYSTEM32\WINMM.dll
0x00007ffaabab0000 - 0x00007ffaababa000 	C:\WINDOWS\SYSTEM32\WSOCK32.dll
0x00007ffab2f80000 - 0x00007ffab3000000 	C:\WINDOWS\System32\WS2_32.dll
0x00007ffab0040000 - 0x00007ffab005b000 	C:\WINDOWS\SYSTEM32\kernel.appcore.dll
0x00007ffaa2f50000 - 0x00007ffaa2f5a000 	C:\Program Files\Java\jdk-17\bin\jimage.dll
0x00007ffaa7900000 - 0x00007ffaa7b42000 	C:\WINDOWS\SYSTEM32\DBGHELP.DLL
0x00007ffab2b40000 - 0x00007ffab2ec2000 	C:\WINDOWS\System32\combase.dll
0x00007ffab38e0000 - 0x00007ffab39b7000 	C:\WINDOWS\System32\OLEAUT32.dll
0x00007ffa95c10000 - 0x00007ffa95c4b000 	C:\WINDOWS\SYSTEM32\dbgcore.DLL
0x00007ffab2400000 - 0x00007ffab24a5000 	C:\WINDOWS\System32\bcryptPrimitives.dll
0x00007ffa9bd60000 - 0x00007ffa9bd85000 	C:\Program Files\Java\jdk-17\bin\java.dll

dbghelp: loaded successfully - version: 4.0.5 - missing functions: none
symbol engine: initialized successfully - sym options: 0x614 - pdb path: .;C:\Program Files\Java\jdk-17\bin;C:\WINDOWS\SYSTEM32;C:\WINDOWS\WinSxS\amd64_microsoft.windows.common-controls_6595b64144ccf1df_6.0.26100.8115_none_3e075c82e3354f9c;C:\Program Files\Java\jdk-17\bin\server

VM Arguments:
jvm_args: -DkotlinLanguageServer.version=1.3.13 
java_command: org.javacs.kt.MainKt
java_class_path (initial): c:\Users\asus\AppData\Roaming\Code\User\globalStorage\fwcd.kotlin\langServerInstall\server\lib\server-1.3.13.jar;c:\Users\asus\AppData\Roaming\Code\User\globalStorage\fwcd.kotlin\langServerInstall\server\lib\shared-1.3.13.jar;c:\Users\asus\AppData\Roaming\Code\User\globalStorage\fwcd.kotlin\langServerInstall\server\lib\kotlin-scripting-jvm-host-unshaded-2.1.0.jar;c:\Users\asus\AppData\Roaming\Code\User\globalStorage\fwcd.kotlin\langServerInstall\server\lib\kotlin-scripting-compiler-2.1.0.jar;c:\Users\asus\AppData\Roaming\Code\User\globalStorage\fwcd.kotlin\langServerInstall\server\lib\ktfmt-b5d31d1.jar;c:\Users\asus\AppData\Roaming\Code\User\globalStorage\fwcd.kotlin\langServerInstall\server\lib\kotlin-compiler-2.1.0.jar;c:\Users\asus\AppData\Roaming\Code\User\globalStorage\fwcd.kotlin\langServerInstall\server\lib\exposed-dao-0.37.3.jar;c:\Users\asus\AppData\Roaming\Code\User\globalStorage\fwcd.kotlin\langServerInstall\server\lib\exposed-jdbc-0.37.3.jar;c:\Users\asus\AppData\Roaming\Code\User\globalStorage\fwcd.kotlin\langServerInstall\server\lib\exposed-core-0.37.3.jar;c:\Users\asus\AppData\Roaming\Code\User\globalStorage\fwcd.kotlin\langServerInstall\server\lib\kotlin-scripting-compiler-impl-2.1.0.jar;c:\Users\asus\AppData\Roaming\Code\User\globalStorage\fwcd.kotlin\langServerInstall\server\lib\kotlin-reflect-2.1.0.jar;c:\Users\asus\AppData\Roaming\Code\User\globalStorage\fwcd.kotlin\langServerInstall\server\lib\kotlin-scripting-jvm-2.1.0.jar;c:\Users\asus\AppData\Roaming\Code\User\globalStorage\fwcd.kotlin\langServerInstall\server\lib\kotlin-scripting-common-2.1.0.jar;c:\Users\asus\AppData\Roaming\Code\User\globalStorage\fwcd.kotlin\langServerInstall\server\lib\kotlinx-coroutines-core-jvm-1.6.4.jar;c:\Users\asus\AppData\Roaming\Code\User\globalStorage\fwcd.kotlin\langServerInstall\server\lib\kotlin-stdlib-jdk8-2.1.0.jar;c:\Users\asus\AppData\Roaming\Code\User\globalStorage\fwcd.kotlin\langServerInstall\server\lib\kotlin-stdlib-jdk7-2.
Launcher Type: SUN_STANDARD

[Global flags]
     intx CICompilerCount                          = 4                                         {product} {ergonomic}
     uint ConcGCThreads                            = 3                                         {product} {ergonomic}
     uint G1ConcRefinementThreads                  = 10                                        {product} {ergonomic}
   size_t G1HeapRegionSize                         = 1048576                                   {product} {ergonomic}
    uintx GCDrainStackTargetSize                   = 64                                        {product} {ergonomic}
   size_t InitialHeapSize                          = 125829120                                 {product} {ergonomic}
   size_t MarkStackSize                            = 4194304                                   {product} {ergonomic}
   size_t MaxHeapSize                              = 1992294400                                {product} {ergonomic}
   size_t MinHeapDeltaBytes                        = 1048576                                   {product} {ergonomic}
   size_t MinHeapSize                              = 8388608                                   {product} {ergonomic}
    uintx NonNMethodCodeHeapSize                   = 5839372                                {pd product} {ergonomic}
    uintx NonProfiledCodeHeapSize                  = 122909434                              {pd product} {ergonomic}
    uintx ProfiledCodeHeapSize                     = 122909434                              {pd product} {ergonomic}
    uintx ReservedCodeCacheSize                    = 251658240                              {pd product} {ergonomic}
     bool SegmentedCodeCache                       = true                                      {product} {ergonomic}
   size_t SoftMaxHeapSize                          = 1992294400                             {manageable} {ergonomic}
     bool UseCompressedClassPointers               = true                           {product lp64_product} {ergonomic}
     bool UseCompressedOops                        = true                           {product lp64_product} {ergonomic}
     bool UseG1GC                                  = true                                      {product} {ergonomic}
     bool UseLargePagesIndividualAllocation        = false                                  {pd product} {ergonomic}

Logging:
Log output configuration:
 #0: stdout all=warning uptime,level,tags
 #1: stderr all=off uptime,level,tags

Environment Variables:
CLASSPATH=c:\Users\asus\AppData\Roaming\Code\User\globalStorage\fwcd.kotlin\langServerInstall\server\lib\server-1.3.13.jar;c:\Users\asus\AppData\Roaming\Code\User\globalStorage\fwcd.kotlin\langServerInstall\server\lib\shared-1.3.13.jar;c:\Users\asus\AppData\Roaming\Code\User\globalStorage\fwcd.kotlin\langServerInstall\server\lib\kotlin-scripting-jvm-host-unshaded-2.1.0.jar;c:\Users\asus\AppData\Roaming\Code\User\globalStorage\fwcd.kotlin\langServerInstall\server\lib\kotlin-scripting-compiler-2.1.0.jar;c:\Users\asus\AppData\Roaming\Code\User\globalStorage\fwcd.kotlin\langServerInstall\server\lib\ktfmt-b5d31d1.jar;c:\Users\asus\AppData\Roaming\Code\User\globalStorage\fwcd.kotlin\langServerInstall\server\lib\kotlin-compiler-2.1.0.jar;c:\Users\asus\AppData\Roaming\Code\User\globalStorage\fwcd.kotlin\langServerInstall\server\lib\exposed-dao-0.37.3.jar;c:\Users\asus\AppData\Roaming\Code\User\globalStorage\fwcd.kotlin\langServerInstall\server\lib\exposed-jdbc-0.37.3.jar;c:\Users\asus\AppData\Roaming\Code\User\globalStorage\fwcd.kotlin\langServerInstall\server\lib\exposed-core-0.37.3.jar;c:\Users\asus\AppData\Roaming\Code\User\globalStorage\fwcd.kotlin\langServerInstall\server\lib\kotlin-scripting-compiler-impl-2.1.0.jar;c:\Users\asus\AppData\Roaming\Code\User\globalStorage\fwcd.kotlin\langServerInstall\server\lib\kotlin-reflect-2.1.0.jar;c:\Users\asus\AppData\Roaming\Code\User\globalStorage\fwcd.kotlin\langServerInstall\server\lib\kotlin-scripting-jvm-2.1.0.jar;c:\Users\asus\AppData\Roaming\Code\User\globalStorage\fwcd.kotlin\langServerInstall\server\lib\kotlin-scripting-common-2.1.0.jar;c:\Users\asus\AppData\Roaming\Code\User\globalStorage\fwcd.kotlin\langServerInstall\server\lib\kotlinx-coroutines-core-jvm-1.6.4.jar;c:\Users\asus\AppData\Roaming\Code\User\globalStorage\fwcd.kotlin\langServerInstall\server\lib\kotlin-stdlib-jdk8-2.1.0.jar;c:\Users\asus\AppData\Roaming\Code\User\globalStorage\fwcd.kotlin\langServerInstall\server\lib\kotlin-stdlib-jdk7-2.1.0.jar;c:\Users\asus\AppDa
PATH=C:\Python314\Scripts\;C:\Python314\;C:\Program Files\Common Files\Oracle\Java\javapath;C:\WINDOWS\System32;C:\WINDOWS\System32\WindowsPowerShell\v1.0\;C:\Program Files\Git\cmd;C:\Program Files\dotnet\;C:\Users\asus\AppData\Local\Programs\Python\Python312\Scripts\;C:\Users\asus\AppData\Local\Programs\Python\Python312\;C:\apache-maven-3.9.4\bin;C:\mongosh-2.5.1-win32-x64\bin;C:\Gradle\gradle-8.9\gradle-8.9\bin;C:\xampp\php;C:\ProgramData\ComposerSetup\bin;C:\Users\asus\AppData\Local\Google\Cloud SDK\google-cloud-sdk\bin;C:\terraform\bin;C:\WINDOWS\system32;C:\WINDOWS;C:\WINDOWS\System32\Wbem;C:\WINDOWS\System32\WindowsPowerShell\v1.0\;C:\WINDOWS\System32\OpenSSH\;C:\Program Files\;C:\ProgramData\chocolatey\bin;C:\Program Files\Docker\Docker\resources\bin;C:\Program Files\cursor\resources\app\bin;C:\mysql-9.5.0-winx64\bin;C:\Program Files\PowerShell\7\;C:\Program Files\PowerShell\7;C:\Python314\Scripts\;C:\Python314\;C:\Program Files\Common Files\Oracle\Java\javapath;C:\WINDOWS\System32;C:\WINDOWS\System32\WindowsPowerShell\v1.0\;C:\Program Files\Git\cmd;C:\Program Files\dotnet\;C:\Users\asus\AppData\Local\Programs\Python\Python312\Scripts\;C:\Users\asus\AppData\Local\Programs\Python\Python312\;C:\apache-maven-3.9.4\bin;C:\mongosh-2.5.1-win32-x64\bin;C:\Gradle\gradle-8.9\gradle-8.9\bin;C:\xampp\php;C:\ProgramData\ComposerSetup\bin;C:\Users\asus\AppData\Local\Google\Cloud SDK\google-cloud-sdk\bin;C:\terraform\bin;C:\WINDOWS\system32;C:\WINDOWS;C:\WINDOWS\System32\Wbem;C:\WINDOWS\System32\WindowsPowerShell\v1.0\;C:\WINDOWS\System32\OpenSSH\;C:\Program Files\PowerShell\7\;C:\Program Files\;C:\ProgramData\chocolatey\bin;C:\Program Files\Docker\Docker\resources\bin;C:\Program Files\cursor\resources\app\bin;C:\mysql-9.5.0-winx64\bin;C:\Program Files\PowerShell\7;C:\Python314\Scripts\;C:\Python314\;C:\Program Files\Common Files\Oracle\Java\javapath;C:\WINDOWS\System32;C:\WINDOWS\System32\WindowsPowerShell\v1.0\;C:\Program Files\Git\cmd;C:\Program Files\dotnet\;C:\Program Fi
USERNAME=asus
OS=Windows_NT
PROCESSOR_IDENTIFIER=AMD64 Family 23 Model 96 Stepping 1, AuthenticAMD



---------------  S Y S T E M  ---------------

OS:
 Windows 11 , 64 bit Build 26100 (10.0.26100.8115)
OS uptime: 0 days 6:23 hours
Hyper-V role detected

CPU: total 12 (initial active 12) (12 cores per cpu, 2 threads per core) family 23 model 96 stepping 1 microcode 0x8600106, cx8, cmov, fxsr, ht, mmx, 3dnowpref, sse, sse2, sse3, ssse3, sse4a, sse4.1, sse4.2, popcnt, lzcnt, tsc, tscinvbit, avx, avx2, aes, clmul, bmi1, bmi2, adx, sha, fma, vzeroupper, clflush, clflushopt, hv

Memory: 4k page, system-wide physical 7597M (415M free)
TotalPageFile size 31149M (AvailPageFile size 12M)
current process WorkingSet (physical memory assigned to process): 12M, peak: 12M
current process commit charge ("private bytes"): 64M, peak: 184M

vm_info: Java HotSpot(TM) 64-Bit Server VM (17.0.13+10-LTS-268) for windows-amd64 JRE (17.0.13+10-LTS-268), built on Sep 30 2024 06:33:13 by "mach5one" with MS VC++ 17.6 (VS2022)

END.
