#
# There is insufficient memory for the Java Runtime Environment to continue.
# Native memory allocation (malloc) failed to allocate 1048576 bytes. Error detail: AllocateHeap
# Possible reasons:
#   The system is out of physical RAM or swap space
#   This process is running with CompressedOops enabled, and the Java Heap may be blocking the growth of the native heap
# Possible solutions:
#   Reduce memory load on the system
#   Increase physical memory or swap space
#   Check if swap backing store is full
#   Decrease Java heap size (-Xmx/-Xms)
#   Decrease number of Java threads
#   Decrease Java thread stack sizes (-Xss)
#   Set larger code cache with -XX:ReservedCodeCacheSize=
#   JVM is running with Unscaled Compressed Oops mode in which the Java heap is
#     placed in the first 4GB address space. The Java Heap base address is the
#     maximum limit for the native heap growth. Please use -XX:HeapBaseMinAddress
#     to set the Java Heap base and to place the Java Heap above 4GB virtual address.
# This output file may be truncated or incomplete.
#
#  Out of Memory Error (allocation.cpp:44), pid=8528, tid=21800
#
# JRE version: OpenJDK Runtime Environment Temurin-21.0.10+7 (21.0.10+7) (build 21.0.10+7-LTS)
# Java VM: OpenJDK 64-Bit Server VM Temurin-21.0.10+7 (21.0.10+7-LTS, mixed mode, sharing, tiered, compressed oops, compressed class ptrs, parallel gc, windows-amd64)
# No core dump will be written. Minidumps are not enabled by default on client versions of Windows
#

---------------  S U M M A R Y ------------

Command Line: --add-modules=ALL-SYSTEM --add-opens=java.base/java.util=ALL-UNNAMED --add-opens=java.base/java.lang=ALL-UNNAMED --add-opens=java.base/sun.nio.fs=ALL-UNNAMED -Declipse.application=org.eclipse.jdt.ls.core.id1 -Dosgi.bundles.defaultStartLevel=4 -Declipse.product=org.eclipse.jdt.ls.core.product -Djava.import.generatesMetadataFilesAtProjectRoot=false -DDetectVMInstallationsJob.disabled=true -Dfile.encoding=utf8 -XX:+UseParallelGC -XX:GCTimeRatio=4 -XX:AdaptiveSizePolicyWeight=90 -Dsun.zip.disableMemoryMapping=true -Xmx2G -Xms100m -Xlog:disable -javaagent:c:\Users\asus\.vscode\extensions\redhat.java-1.53.0-win32-x64\lombok\lombok-1.18.39-4050.jar -XX:+HeapDumpOnOutOfMemoryError -XX:HeapDumpPath=c:\Users\asus\AppData\Roaming\Code\User\workspaceStorage\66dd6c130ef3f275720df085af434132\redhat.java -Daether.dependencyCollector.impl=bf c:\Users\asus\.vscode\extensions\redhat.java-1.53.0-win32-x64\server\plugins\org.eclipse.equinox.launcher_1.7.100.v20251111-0406.jar -configuration c:\Users\asus\AppData\Roaming\Code\User\globalStorage\redhat.java\1.53.0\config_win -data c:\Users\asus\AppData\Roaming\Code\User\workspaceStorage\66dd6c130ef3f275720df085af434132\redhat.java\jdt_ws --pipe=\\.\pipe\lsp-254f15278002caa9dfed0bef61e0aa96-sock

Host: AMD Ryzen 5 4600H with Radeon Graphics         , 12 cores, 7G,  Windows 11 , 64 bit Build 26100 (10.0.26100.7920)
Time: Wed Apr  1 10:26:11 2026 Afr. centrale Ouest elapsed time: 360.981586 seconds (0d 0h 6m 0s)

---------------  T H R E A D  ---------------

Current thread (0x00000159162d8820):  JavaThread "Attach Listener" daemon [_thread_in_vm, id=21800, stack(0x0000003112600000,0x0000003112700000) (1024K)]

Stack: [0x0000003112600000,0x0000003112700000]
Native frames: (J=compiled Java code, j=interpreted, Vv=VM code, C=native code)
V  [jvm.dll+0x6d7a39]
V  [jvm.dll+0x8b4b26]
V  [jvm.dll+0x8b70de]
V  [jvm.dll+0x8b77c3]
V  [jvm.dll+0x284346]
V  [jvm.dll+0xc1277]
V  [jvm.dll+0x6d82e9]
V  [jvm.dll+0x1334a6]
V  [jvm.dll+0x3f857e]
V  [jvm.dll+0x85f59d]
V  [jvm.dll+0x6d626d]
C  [ucrtbase.dll+0x37b0]
C  [KERNEL32.DLL+0x2e8d7]
C  [ntdll.dll+0x8c48c]


---------------  P R O C E S S  ---------------

Threads class SMR info:
_java_thread_list=0x00000159781d7da0, length=45, elements={
0x0000015913efe7f0, 0x00000159161de590, 0x00000159162d6bd0, 0x00000159162d7bc0,
0x00000159162d8820, 0x00000159162dca60, 0x00000159162dec70, 0x00000159162e8540,
0x00000159162ea850, 0x000001596f276a80, 0x000001596f367640, 0x00000159748d0aa0,
0x0000015974257d50, 0x000001597469e3e0, 0x0000015974669a70, 0x000001597478eb00,
0x000001597556a460, 0x000001597556b180, 0x00000159755690b0, 0x0000015975567d00,
0x0000015975569740, 0x0000015976887030, 0x0000015976883bb0, 0x00000159768848d0,
0x00000159768876c0, 0x0000015976884240, 0x0000015976887d50, 0x0000015976885c80,
0x00000159768883e0, 0x0000015976886310, 0x0000015976884f60, 0x0000015976888a70,
0x00000159768855f0, 0x0000015976889100, 0x0000015976889790, 0x0000015976889e20,
0x000001597688a4b0, 0x000001597688ab40, 0x000001597688b1d0, 0x0000015977c271f0,
0x0000015977c24a90, 0x0000015977c25120, 0x0000015977c28c30, 0x0000015977c27880,
0x0000015977c27f10
}

Java Threads: ( => current thread )
  0x0000015913efe7f0 JavaThread "main"                              [_thread_blocked, id=17548, stack(0x0000003111f00000,0x0000003112000000) (1024K)]
  0x00000159161de590 JavaThread "Reference Handler"          daemon [_thread_blocked, id=20368, stack(0x0000003112300000,0x0000003112400000) (1024K)]
  0x00000159162d6bd0 JavaThread "Finalizer"                  daemon [_thread_blocked, id=23548, stack(0x0000003112400000,0x0000003112500000) (1024K)]
  0x00000159162d7bc0 JavaThread "Signal Dispatcher"          daemon [_thread_blocked, id=448, stack(0x0000003112500000,0x0000003112600000) (1024K)]
=>0x00000159162d8820 JavaThread "Attach Listener"            daemon [_thread_in_vm, id=21800, stack(0x0000003112600000,0x0000003112700000) (1024K)]
  0x00000159162dca60 JavaThread "Service Thread"             daemon [_thread_blocked, id=16156, stack(0x0000003112700000,0x0000003112800000) (1024K)]
  0x00000159162dec70 JavaThread "Monitor Deflation Thread"   daemon [_thread_blocked, id=12284, stack(0x0000003112800000,0x0000003112900000) (1024K)]
  0x00000159162e8540 JavaThread "C2 CompilerThread0"         daemon [_thread_blocked, id=5392, stack(0x0000003112900000,0x0000003112a00000) (1024K)]
  0x00000159162ea850 JavaThread "C1 CompilerThread0"         daemon [_thread_blocked, id=10628, stack(0x0000003112a00000,0x0000003112b00000) (1024K)]
  0x000001596f276a80 JavaThread "Common-Cleaner"             daemon [_thread_blocked, id=12292, stack(0x0000003112b00000,0x0000003112c00000) (1024K)]
  0x000001596f367640 JavaThread "Notification Thread"        daemon [_thread_blocked, id=11380, stack(0x0000003112c00000,0x0000003112d00000) (1024K)]
  0x00000159748d0aa0 JavaThread "Active Thread: Equinox Container: dee5cbb6-9fbc-43f7-b312-0ad29cc501a6"        [_thread_blocked, id=4772, stack(0x0000003112d00000,0x0000003112e00000) (1024K)]
  0x0000015974257d50 JavaThread "Refresh Thread: Equinox Container: dee5cbb6-9fbc-43f7-b312-0ad29cc501a6" daemon [_thread_blocked, id=8284, stack(0x0000003113500000,0x0000003113600000) (1024K)]
  0x000001597469e3e0 JavaThread "Framework Event Dispatcher: Equinox Container: dee5cbb6-9fbc-43f7-b312-0ad29cc501a6" daemon [_thread_blocked, id=13820, stack(0x0000003113600000,0x0000003113700000) (1024K)]
  0x0000015974669a70 JavaThread "Start Level: Equinox Container: dee5cbb6-9fbc-43f7-b312-0ad29cc501a6" daemon [_thread_blocked, id=2408, stack(0x0000003113700000,0x0000003113800000) (1024K)]
  0x000001597478eb00 JavaThread "Bundle File Closer"         daemon [_thread_blocked, id=1808, stack(0x0000003113b00000,0x0000003113c00000) (1024K)]
  0x000001597556a460 JavaThread "SCR Component Actor"        daemon [_thread_blocked, id=1076, stack(0x0000003113800000,0x0000003113900000) (1024K)]
  0x000001597556b180 JavaThread "Worker-JM"                         [_thread_blocked, id=9076, stack(0x0000003113c00000,0x0000003113d00000) (1024K)]
  0x00000159755690b0 JavaThread "JNA Cleaner"                daemon [_thread_blocked, id=5720, stack(0x0000003113d00000,0x0000003113e00000) (1024K)]
  0x0000015975567d00 JavaThread "Worker-1"                          [_thread_blocked, id=2836, stack(0x0000003113f00000,0x0000003114000000) (1024K)]
  0x0000015975569740 JavaThread "Java indexing"              daemon [_thread_blocked, id=21336, stack(0x0000003114300000,0x0000003114400000) (1024K)]
  0x0000015976887030 JavaThread "Worker-4"                          [_thread_blocked, id=19724, stack(0x0000003114700000,0x0000003114800000) (1024K)]
  0x0000015976883bb0 JavaThread "Thread-1"                   daemon [_thread_in_native, id=8216, stack(0x0000003114800000,0x0000003114900000) (1024K)]
  0x00000159768848d0 JavaThread "Thread-2"                   daemon [_thread_in_native, id=10844, stack(0x0000003114900000,0x0000003114a00000) (1024K)]
  0x00000159768876c0 JavaThread "Thread-3"                   daemon [_thread_in_native, id=19448, stack(0x0000003114a00000,0x0000003114b00000) (1024K)]
  0x0000015976884240 JavaThread "Thread-4"                   daemon [_thread_in_native, id=6940, stack(0x0000003114b00000,0x0000003114c00000) (1024K)]
  0x0000015976887d50 JavaThread "Thread-5"                   daemon [_thread_in_native, id=22964, stack(0x0000003114c00000,0x0000003114d00000) (1024K)]
  0x0000015976885c80 JavaThread "Thread-6"                   daemon [_thread_in_native, id=1988, stack(0x0000003114d00000,0x0000003114e00000) (1024K)]
  0x00000159768883e0 JavaThread "Thread-7"                   daemon [_thread_in_native, id=10772, stack(0x0000003114e00000,0x0000003114f00000) (1024K)]
  0x0000015976886310 JavaThread "Thread-8"                   daemon [_thread_in_native, id=21348, stack(0x0000003114f00000,0x0000003115000000) (1024K)]
  0x0000015976884f60 JavaThread "Thread-9"                   daemon [_thread_in_native, id=7520, stack(0x0000003115000000,0x0000003115100000) (1024K)]
  0x0000015976888a70 JavaThread "Thread-10"                  daemon [_thread_in_native, id=20608, stack(0x0000003115100000,0x0000003115200000) (1024K)]
  0x00000159768855f0 JavaThread "Thread-11"                  daemon [_thread_in_native, id=17748, stack(0x0000003115200000,0x0000003115300000) (1024K)]
  0x0000015976889100 JavaThread "Thread-12"                  daemon [_thread_in_native, id=1544, stack(0x0000003115300000,0x0000003115400000) (1024K)]
  0x0000015976889790 JavaThread "Thread-13"                  daemon [_thread_in_native, id=2680, stack(0x0000003115400000,0x0000003115500000) (1024K)]
  0x0000015976889e20 JavaThread "pool-2-thread-1"                   [_thread_blocked, id=19484, stack(0x0000003115500000,0x0000003115600000) (1024K)]
  0x000001597688a4b0 JavaThread "WorkspaceEventsHandler"            [_thread_blocked, id=22104, stack(0x0000003115600000,0x0000003115700000) (1024K)]
  0x000001597688ab40 JavaThread "pool-1-thread-1"                   [_thread_blocked, id=8156, stack(0x0000003115700000,0x0000003115800000) (1024K)]
  0x000001597688b1d0 JavaThread "ForkJoinPool.commonPool-worker-1" daemon [_thread_blocked, id=17244, stack(0x0000003114200000,0x0000003114300000) (1024K)]
  0x0000015977c271f0 JavaThread "ForkJoinPool.commonPool-worker-2" daemon [_thread_blocked, id=9144, stack(0x0000003115800000,0x0000003115900000) (1024K)]
  0x0000015977c24a90 JavaThread "ForkJoinPool.commonPool-worker-3" daemon [_thread_blocked, id=6736, stack(0x0000003115900000,0x0000003115a00000) (1024K)]
  0x0000015977c25120 JavaThread "ForkJoinPool.commonPool-worker-6" daemon [_thread_blocked, id=20556, stack(0x0000003115c00000,0x0000003115d00000) (1024K)]
  0x0000015977c28c30 JavaThread "ForkJoinPool.commonPool-worker-8" daemon [_thread_blocked, id=4100, stack(0x0000003115e00000,0x0000003115f00000) (1024K)]
  0x0000015977c27880 JavaThread "ForkJoinPool.commonPool-worker-9" daemon [_thread_blocked, id=17588, stack(0x0000003115f00000,0x0000003116000000) (1024K)]
  0x0000015977c27f10 JavaThread "ForkJoinPool.commonPool-worker-10" daemon [_thread_blocked, id=12876, stack(0x0000003116000000,0x0000003116100000) (1024K)]
Total: 45

Other Threads:
  0x00000159162d3a90 VMThread "VM Thread"                           [id=15852, stack(0x0000003112200000,0x0000003112300000) (1024K)]
  0x00000159160bca00 WatcherThread "VM Periodic Task Thread"        [id=1956, stack(0x0000003112100000,0x0000003112200000) (1024K)]
  0x000001591624fa50 WorkerThread "GC Thread#0"                     [id=9632, stack(0x0000003112000000,0x0000003112100000) (1024K)]
  0x00000159743ae8d0 WorkerThread "GC Thread#1"                     [id=3448, stack(0x0000003112e00000,0x0000003112f00000) (1024K)]
  0x00000159743aec80 WorkerThread "GC Thread#2"                     [id=4564, stack(0x0000003112f00000,0x0000003113000000) (1024K)]
  0x0000015974a940a0 WorkerThread "GC Thread#3"                     [id=22868, stack(0x0000003113000000,0x0000003113100000) (1024K)]
  0x0000015974a94450 WorkerThread "GC Thread#4"                     [id=3564, stack(0x0000003113100000,0x0000003113200000) (1024K)]
  0x0000015974a94800 WorkerThread "GC Thread#5"                     [id=17304, stack(0x0000003113200000,0x0000003113300000) (1024K)]
  0x0000015974a94bb0 WorkerThread "GC Thread#6"                     [id=12040, stack(0x0000003113300000,0x0000003113400000) (1024K)]
  0x00000159747397f0 WorkerThread "GC Thread#7"                     [id=15516, stack(0x0000003113400000,0x0000003113500000) (1024K)]
  0x0000015974627a30 WorkerThread "GC Thread#8"                     [id=17096, stack(0x0000003113900000,0x0000003113a00000) (1024K)]
  0x0000015974627de0 WorkerThread "GC Thread#9"                     [id=14348, stack(0x0000003113a00000,0x0000003113b00000) (1024K)]
Total: 12

Threads with active compile tasks:
Total: 0

VM state: not at safepoint (normal execution)

VM Mutex/Monitor currently owned by a thread: None

Heap address: 0x0000000080000000, size: 2048 MB, Compressed Oops mode: 32-bit

CDS archive(s) mapped at: [0x000001592d000000-0x000001592dba0000-0x000001592dba0000), size 12189696, SharedBaseAddress: 0x000001592d000000, ArchiveRelocationMode: 1.
Compressed class space mapped at: 0x000001592e000000-0x000001596e000000, reserved size: 1073741824
Narrow klass base: 0x000001592d000000, Narrow klass shift: 0, Narrow klass range: 0x100000000

GC Precious Log:
 CardTable entry size: 512
 CPUs: 12 total, 12 available
 Memory: 7597M
 Large Page Support: Disabled
 NUMA Support: Disabled
 Compressed Oops: Enabled (32-bit)
 Alignments: Space 512K, Generation 512K, Heap 2M
 Heap Min Capacity: 100M
 Heap Initial Capacity: 100M
 Heap Max Capacity: 2G
 Pre-touch: Disabled
 Parallel Workers: 10

Heap:
 PSYoungGen      total 18944K, used 1099K [0x00000000d5580000, 0x00000000d6900000, 0x0000000100000000)
  eden space 17920K, 3% used [0x00000000d5580000,0x00000000d5612f08,0x00000000d6700000)
  from space 1024K, 50% used [0x00000000d6700000,0x00000000d6780000,0x00000000d6800000)
  to   space 1024K, 0% used [0x00000000d6800000,0x00000000d6800000,0x00000000d6900000)
 ParOldGen       total 81408K, used 81144K [0x0000000080000000, 0x0000000084f80000, 0x00000000d5580000)
  object space 81408K, 99% used [0x0000000080000000,0x0000000084f3e130,0x0000000084f80000)
 Metaspace       used 54516K, committed 55936K, reserved 1114112K
  class space    used 5804K, committed 6400K, reserved 1048576K

Card table byte_map: [0x0000015915bd0000,0x0000015915fe0000] _byte_map_base: 0x00000159157d0000

Marking Bits: (ParMarkBitMap*) 0x00007ffba9b33450
 Begin Bits: [0x00000159286e0000, 0x000001592a6e0000)
 End Bits:   [0x000001592a6e0000, 0x000001592c6e0000)

Polling page: 0x0000015914050000

Metaspace:

Usage:
  Non-class:     47.57 MB used.
      Class:      5.67 MB used.
       Both:     53.24 MB used.

Virtual space:
  Non-class space:       64.00 MB reserved,      48.38 MB ( 76%) committed,  1 nodes.
      Class space:        1.00 GB reserved,       6.25 MB ( <1%) committed,  1 nodes.
             Both:        1.06 GB reserved,      54.62 MB (  5%) committed. 

Chunk freelists:
   Non-Class:  15.09 MB
       Class:  9.70 MB
        Both:  24.79 MB

MaxMetaspaceSize: unlimited
CompressedClassSpaceSize: 1.00 GB
Initial GC threshold: 21.00 MB
Current GC threshold: 58.88 MB
CDS: on
 - commit_granule_bytes: 65536.
 - commit_granule_words: 8192.
 - virtual_space_node_default_size: 8388608.
 - enlarge_chunks_in_place: 1.
 - use_allocation_guard: 0.


Internal statistics:

num_allocs_failed_limit: 10.
num_arena_births: 1142.
num_arena_deaths: 14.
num_vsnodes_births: 2.
num_vsnodes_deaths: 0.
num_space_committed: 874.
num_space_uncommitted: 0.
num_chunks_returned_to_freelist: 24.
num_chunks_taken_from_freelist: 3792.
num_chunk_merges: 12.
num_chunk_splits: 2254.
num_chunks_enlarged: 1172.
num_inconsistent_stats: 0.

CodeHeap 'non-profiled nmethods': size=120000Kb used=7000Kb max_used=7000Kb free=112999Kb
 bounds [0x0000015920f00000, 0x00000159215e0000, 0x0000015928430000]
CodeHeap 'profiled nmethods': size=120000Kb used=22122Kb max_used=22122Kb free=97877Kb
 bounds [0x0000015919430000, 0x000001591a9d0000, 0x0000015920960000]
CodeHeap 'non-nmethods': size=5760Kb used=1391Kb max_used=1450Kb free=4368Kb
 bounds [0x0000015920960000, 0x0000015920bd0000, 0x0000015920f00000]
CodeCache: size=245760Kb, used=30513Kb, max_used=30572Kb, free=215244Kb
 total_blobs=10517, nmethods=9825, adapters=598, full_count=0
Compilation: enabled, stopped_count=0, restarted_count=0

Compilation events (20 events):
Event: 108.578 Thread 0x00000159162e8540 10435       4       java.lang.invoke.MethodHandleImpl::makePairwiseConvertByEditor (617 bytes)
Event: 109.422 Thread 0x00000159162e8540 nmethod 10435 0x00000159215ca190 code [0x00000159215ca9e0, 0x00000159215cf7e8]
Event: 143.886 Thread 0x00000159162ea850 10436       3       java.util.concurrent.ScheduledThreadPoolExecutor::canRunInCurrentRunState (61 bytes)
Event: 143.891 Thread 0x00000159162ea850 nmethod 10436 0x000001591a9c7210 code [0x000001591a9c7420, 0x000001591a9c7bd0]
Event: 183.914 Thread 0x00000159162ea850 10437       1       java.util.concurrent.ThreadPoolExecutor::getQueue (5 bytes)
Event: 183.921 Thread 0x00000159162ea850 nmethod 10437 0x00000159215d5e10 code [0x00000159215d5fa0, 0x00000159215d6068]
Event: 234.032 Thread 0x00000159162ea850 10438       3       java.util.concurrent.locks.ReentrantLock::lock (8 bytes)
Event: 234.039 Thread 0x00000159162ea850 nmethod 10438 0x000001591a9c7e10 code [0x000001591a9c7fe0, 0x000001591a9c8290]
Event: 244.420 Thread 0x00000159162ea850 10439       3       java.util.concurrent.locks.AbstractQueuedSynchronizer$ConditionObject::canReacquire (38 bytes)
Event: 244.426 Thread 0x00000159162ea850 nmethod 10439 0x000001591a9c8390 code [0x000001591a9c8560, 0x000001591a9c88a8]
Event: 290.142 Thread 0x00000159162ea850 10440       3       java.lang.reflect.Method::isVarArgs (5 bytes)
Event: 290.145 Thread 0x00000159162ea850 nmethod 10440 0x000001591a9c8a10 code [0x000001591a9c8bc0, 0x000001591a9c8d98]
Event: 338.702 Thread 0x00000159162ea850 10441       3       org.eclipse.core.internal.utils.StringPool::add (50 bytes)
Event: 338.788 Thread 0x00000159162ea850 nmethod 10441 0x000001591a9c8e90 code [0x000001591a9c9080, 0x000001591a9c9550]
Event: 338.790 Thread 0x00000159162ea850 10442       3       org.eclipse.core.internal.dtree.AbstractDataTreeNode::storeStrings (42 bytes)
Event: 338.805 Thread 0x00000159162ea850 nmethod 10442 0x000001591a9c9710 code [0x000001591a9c98e0, 0x000001591a9c9c58]
Event: 338.806 Thread 0x00000159162ea850 10443       3       org.eclipse.core.internal.dtree.DataTreeNode::storeStrings (28 bytes)
Event: 338.808 Thread 0x00000159162ea850 nmethod 10443 0x000001591a9c9e10 code [0x000001591a9c9fe0, 0x000001591a9ca460]
Event: 338.808 Thread 0x00000159162ea850 10444       3       org.eclipse.core.internal.resources.ResourceInfo::shareStrings (43 bytes)
Event: 338.819 Thread 0x00000159162ea850 nmethod 10444 0x000001591a9ca590 code [0x000001591a9ca760, 0x000001591a9caa28]

GC Heap History (20 events):
Event: 102.523 GC heap before
{Heap before GC invocations=58 (full 2):
 PSYoungGen      total 21504K, used 21024K [0x00000000d5580000, 0x00000000d6c00000, 0x0000000100000000)
  eden space 19968K, 100% used [0x00000000d5580000,0x00000000d6900000,0x00000000d6900000)
  from space 1536K, 68% used [0x00000000d6900000,0x00000000d6a08000,0x00000000d6a80000)
  to   space 1536K, 0% used [0x00000000d6a80000,0x00000000d6a80000,0x00000000d6c00000)
 ParOldGen       total 75264K, used 75020K [0x0000000080000000, 0x0000000084980000, 0x00000000d5580000)
  object space 75264K, 99% used [0x0000000080000000,0x0000000084943028,0x0000000084980000)
 Metaspace       used 53514K, committed 54912K, reserved 1114112K
  class space    used 5678K, committed 6272K, reserved 1048576K
}
Event: 102.527 GC heap after
{Heap after GC invocations=58 (full 2):
 PSYoungGen      total 20992K, used 689K [0x00000000d5580000, 0x00000000d6b80000, 0x0000000100000000)
  eden space 19968K, 0% used [0x00000000d5580000,0x00000000d5580000,0x00000000d6900000)
  from space 1024K, 67% used [0x00000000d6a80000,0x00000000d6b2c7d0,0x00000000d6b80000)
  to   space 1024K, 0% used [0x00000000d6980000,0x00000000d6980000,0x00000000d6a80000)
 ParOldGen       total 76288K, used 75972K [0x0000000080000000, 0x0000000084a80000, 0x00000000d5580000)
  object space 76288K, 99% used [0x0000000080000000,0x0000000084a31038,0x0000000084a80000)
 Metaspace       used 53514K, committed 54912K, reserved 1114112K
  class space    used 5678K, committed 6272K, reserved 1048576K
}
Event: 106.757 GC heap before
{Heap before GC invocations=59 (full 2):
 PSYoungGen      total 20992K, used 20657K [0x00000000d5580000, 0x00000000d6b80000, 0x0000000100000000)
  eden space 19968K, 100% used [0x00000000d5580000,0x00000000d6900000,0x00000000d6900000)
  from space 1024K, 67% used [0x00000000d6a80000,0x00000000d6b2c7d0,0x00000000d6b80000)
  to   space 1024K, 0% used [0x00000000d6980000,0x00000000d6980000,0x00000000d6a80000)
 ParOldGen       total 76288K, used 75972K [0x0000000080000000, 0x0000000084a80000, 0x00000000d5580000)
  object space 76288K, 99% used [0x0000000080000000,0x0000000084a31038,0x0000000084a80000)
 Metaspace       used 53630K, committed 54976K, reserved 1114112K
  class space    used 5690K, committed 6272K, reserved 1048576K
}
Event: 106.761 GC heap after
{Heap after GC invocations=59 (full 2):
 PSYoungGen      total 20992K, used 788K [0x00000000d5580000, 0x00000000d6b00000, 0x0000000100000000)
  eden space 19968K, 0% used [0x00000000d5580000,0x00000000d5580000,0x00000000d6900000)
  from space 1024K, 77% used [0x00000000d6980000,0x00000000d6a452b8,0x00000000d6a80000)
  to   space 512K, 0% used [0x00000000d6a80000,0x00000000d6a80000,0x00000000d6b00000)
 ParOldGen       total 76800K, used 76356K [0x0000000080000000, 0x0000000084b00000, 0x00000000d5580000)
  object space 76800K, 99% used [0x0000000080000000,0x0000000084a91038,0x0000000084b00000)
 Metaspace       used 53630K, committed 54976K, reserved 1114112K
  class space    used 5690K, committed 6272K, reserved 1048576K
}
Event: 106.896 GC heap before
{Heap before GC invocations=60 (full 2):
 PSYoungGen      total 20992K, used 20756K [0x00000000d5580000, 0x00000000d6b00000, 0x0000000100000000)
  eden space 19968K, 100% used [0x00000000d5580000,0x00000000d6900000,0x00000000d6900000)
  from space 1024K, 77% used [0x00000000d6980000,0x00000000d6a452b8,0x00000000d6a80000)
  to   space 512K, 0% used [0x00000000d6a80000,0x00000000d6a80000,0x00000000d6b00000)
 ParOldGen       total 76800K, used 76356K [0x0000000080000000, 0x0000000084b00000, 0x00000000d5580000)
  object space 76800K, 99% used [0x0000000080000000,0x0000000084a91038,0x0000000084b00000)
 Metaspace       used 53631K, committed 54976K, reserved 1114112K
  class space    used 5690K, committed 6272K, reserved 1048576K
}
Event: 106.899 GC heap after
{Heap after GC invocations=60 (full 2):
 PSYoungGen      total 20480K, used 484K [0x00000000d5580000, 0x00000000d6b00000, 0x0000000100000000)
  eden space 19968K, 0% used [0x00000000d5580000,0x00000000d5580000,0x00000000d6900000)
  from space 512K, 94% used [0x00000000d6a80000,0x00000000d6af9290,0x00000000d6b00000)
  to   space 1024K, 0% used [0x00000000d6900000,0x00000000d6900000,0x00000000d6a00000)
 ParOldGen       total 76800K, used 76717K [0x0000000080000000, 0x0000000084b00000, 0x00000000d5580000)
  object space 76800K, 99% used [0x0000000080000000,0x0000000084aeb438,0x0000000084b00000)
 Metaspace       used 53631K, committed 54976K, reserved 1114112K
  class space    used 5690K, committed 6272K, reserved 1048576K
}
Event: 107.001 GC heap before
{Heap before GC invocations=61 (full 2):
 PSYoungGen      total 20480K, used 20452K [0x00000000d5580000, 0x00000000d6b00000, 0x0000000100000000)
  eden space 19968K, 100% used [0x00000000d5580000,0x00000000d6900000,0x00000000d6900000)
  from space 512K, 94% used [0x00000000d6a80000,0x00000000d6af9290,0x00000000d6b00000)
  to   space 1024K, 0% used [0x00000000d6900000,0x00000000d6900000,0x00000000d6a00000)
 ParOldGen       total 76800K, used 76717K [0x0000000080000000, 0x0000000084b00000, 0x00000000d5580000)
  object space 76800K, 99% used [0x0000000080000000,0x0000000084aeb438,0x0000000084b00000)
 Metaspace       used 53647K, committed 54976K, reserved 1114112K
  class space    used 5690K, committed 6272K, reserved 1048576K
}
Event: 107.003 GC heap after
{Heap after GC invocations=61 (full 2):
 PSYoungGen      total 20992K, used 743K [0x00000000d5580000, 0x00000000d6b00000, 0x0000000100000000)
  eden space 19968K, 0% used [0x00000000d5580000,0x00000000d5580000,0x00000000d6900000)
  from space 1024K, 72% used [0x00000000d6900000,0x00000000d69b9e10,0x00000000d6a00000)
  to   space 1024K, 0% used [0x00000000d6a00000,0x00000000d6a00000,0x00000000d6b00000)
 ParOldGen       total 77312K, used 77093K [0x0000000080000000, 0x0000000084b80000, 0x00000000d5580000)
  object space 77312K, 99% used [0x0000000080000000,0x0000000084b49438,0x0000000084b80000)
 Metaspace       used 53647K, committed 54976K, reserved 1114112K
  class space    used 5690K, committed 6272K, reserved 1048576K
}
Event: 107.089 GC heap before
{Heap before GC invocations=62 (full 2):
 PSYoungGen      total 20992K, used 20711K [0x00000000d5580000, 0x00000000d6b00000, 0x0000000100000000)
  eden space 19968K, 100% used [0x00000000d5580000,0x00000000d6900000,0x00000000d6900000)
  from space 1024K, 72% used [0x00000000d6900000,0x00000000d69b9e10,0x00000000d6a00000)
  to   space 1024K, 0% used [0x00000000d6a00000,0x00000000d6a00000,0x00000000d6b00000)
 ParOldGen       total 77312K, used 77093K [0x0000000080000000, 0x0000000084b80000, 0x00000000d5580000)
  object space 77312K, 99% used [0x0000000080000000,0x0000000084b49438,0x0000000084b80000)
 Metaspace       used 53648K, committed 54976K, reserved 1114112K
  class space    used 5690K, committed 6272K, reserved 1048576K
}
Event: 107.092 GC heap after
{Heap after GC invocations=62 (full 2):
 PSYoungGen      total 20480K, used 1023K [0x00000000d5580000, 0x00000000d6c00000, 0x0000000100000000)
  eden space 19456K, 0% used [0x00000000d5580000,0x00000000d5580000,0x00000000d6880000)
  from space 1024K, 99% used [0x00000000d6a00000,0x00000000d6afff90,0x00000000d6b00000)
  to   space 1536K, 0% used [0x00000000d6880000,0x00000000d6880000,0x00000000d6a00000)
 ParOldGen       total 77824K, used 77437K [0x0000000080000000, 0x0000000084c00000, 0x00000000d5580000)
  object space 77824K, 99% used [0x0000000080000000,0x0000000084b9f438,0x0000000084c00000)
 Metaspace       used 53648K, committed 54976K, reserved 1114112K
  class space    used 5690K, committed 6272K, reserved 1048576K
}
Event: 107.162 GC heap before
{Heap before GC invocations=63 (full 2):
 PSYoungGen      total 20480K, used 20479K [0x00000000d5580000, 0x00000000d6c00000, 0x0000000100000000)
  eden space 19456K, 100% used [0x00000000d5580000,0x00000000d6880000,0x00000000d6880000)
  from space 1024K, 99% used [0x00000000d6a00000,0x00000000d6afff90,0x00000000d6b00000)
  to   space 1536K, 0% used [0x00000000d6880000,0x00000000d6880000,0x00000000d6a00000)
 ParOldGen       total 77824K, used 77437K [0x0000000080000000, 0x0000000084c00000, 0x00000000d5580000)
  object space 77824K, 99% used [0x0000000080000000,0x0000000084b9f438,0x0000000084c00000)
 Metaspace       used 53649K, committed 54976K, reserved 1114112K
  class space    used 5690K, committed 6272K, reserved 1048576K
}
Event: 107.166 GC heap after
{Heap after GC invocations=63 (full 2):
 PSYoungGen      total 19968K, used 512K [0x00000000d5580000, 0x00000000d6a80000, 0x0000000100000000)
  eden space 19456K, 0% used [0x00000000d5580000,0x00000000d5580000,0x00000000d6880000)
  from space 512K, 100% used [0x00000000d6880000,0x00000000d6900000,0x00000000d6900000)
  to   space 1024K, 0% used [0x00000000d6980000,0x00000000d6980000,0x00000000d6a80000)
 ParOldGen       total 77824K, used 77605K [0x0000000080000000, 0x0000000084c00000, 0x00000000d5580000)
  object space 77824K, 99% used [0x0000000080000000,0x0000000084bc9438,0x0000000084c00000)
 Metaspace       used 53649K, committed 54976K, reserved 1114112K
  class space    used 5690K, committed 6272K, reserved 1048576K
}
Event: 107.290 GC heap before
{Heap before GC invocations=64 (full 2):
 PSYoungGen      total 19968K, used 19968K [0x00000000d5580000, 0x00000000d6a80000, 0x0000000100000000)
  eden space 19456K, 100% used [0x00000000d5580000,0x00000000d6880000,0x00000000d6880000)
  from space 512K, 100% used [0x00000000d6880000,0x00000000d6900000,0x00000000d6900000)
  to   space 1024K, 0% used [0x00000000d6980000,0x00000000d6980000,0x00000000d6a80000)
 ParOldGen       total 77824K, used 77605K [0x0000000080000000, 0x0000000084c00000, 0x00000000d5580000)
  object space 77824K, 99% used [0x0000000080000000,0x0000000084bc9438,0x0000000084c00000)
 Metaspace       used 53656K, committed 54976K, reserved 1114112K
  class space    used 5690K, committed 6272K, reserved 1048576K
}
Event: 107.294 GC heap after
{Heap after GC invocations=64 (full 2):
 PSYoungGen      total 18944K, used 1015K [0x00000000d5580000, 0x00000000d6d80000, 0x0000000100000000)
  eden space 17920K, 0% used [0x00000000d5580000,0x00000000d5580000,0x00000000d6700000)
  from space 1024K, 99% used [0x00000000d6980000,0x00000000d6a7dc68,0x00000000d6a80000)
  to   space 2560K, 0% used [0x00000000d6700000,0x00000000d6700000,0x00000000d6980000)
 ParOldGen       total 78848K, used 78773K [0x0000000080000000, 0x0000000084d00000, 0x00000000d5580000)
  object space 78848K, 99% used [0x0000000080000000,0x0000000084ced540,0x0000000084d00000)
 Metaspace       used 53656K, committed 54976K, reserved 1114112K
  class space    used 5690K, committed 6272K, reserved 1048576K
}
Event: 107.354 GC heap before
{Heap before GC invocations=65 (full 2):
 PSYoungGen      total 18944K, used 18935K [0x00000000d5580000, 0x00000000d6d80000, 0x0000000100000000)
  eden space 17920K, 100% used [0x00000000d5580000,0x00000000d6700000,0x00000000d6700000)
  from space 1024K, 99% used [0x00000000d6980000,0x00000000d6a7dc68,0x00000000d6a80000)
  to   space 2560K, 0% used [0x00000000d6700000,0x00000000d6700000,0x00000000d6980000)
 ParOldGen       total 78848K, used 78773K [0x0000000080000000, 0x0000000084d00000, 0x00000000d5580000)
  object space 78848K, 99% used [0x0000000080000000,0x0000000084ced540,0x0000000084d00000)
 Metaspace       used 53657K, committed 54976K, reserved 1114112K
  class space    used 5690K, committed 6272K, reserved 1048576K
}
Event: 107.358 GC heap after
{Heap after GC invocations=65 (full 2):
 PSYoungGen      total 19456K, used 1088K [0x00000000d5580000, 0x00000000d6a00000, 0x0000000100000000)
  eden space 17920K, 0% used [0x00000000d5580000,0x00000000d5580000,0x00000000d6700000)
  from space 1536K, 70% used [0x00000000d6700000,0x00000000d6810000,0x00000000d6880000)
  to   space 1536K, 0% used [0x00000000d6880000,0x00000000d6880000,0x00000000d6a00000)
 ParOldGen       total 80384K, used 79792K [0x0000000080000000, 0x0000000084e80000, 0x00000000d5580000)
  object space 80384K, 99% used [0x0000000080000000,0x0000000084dec120,0x0000000084e80000)
 Metaspace       used 53657K, committed 54976K, reserved 1114112K
  class space    used 5690K, committed 6272K, reserved 1048576K
}
Event: 107.462 GC heap before
{Heap before GC invocations=66 (full 2):
 PSYoungGen      total 19456K, used 18960K [0x00000000d5580000, 0x00000000d6a00000, 0x0000000100000000)
  eden space 17920K, 99% used [0x00000000d5580000,0x00000000d66f42a0,0x00000000d6700000)
  from space 1536K, 70% used [0x00000000d6700000,0x00000000d6810000,0x00000000d6880000)
  to   space 1536K, 0% used [0x00000000d6880000,0x00000000d6880000,0x00000000d6a00000)
 ParOldGen       total 80384K, used 79792K [0x0000000080000000, 0x0000000084e80000, 0x00000000d5580000)
  object space 80384K, 99% used [0x0000000080000000,0x0000000084dec120,0x0000000084e80000)
 Metaspace       used 53676K, committed 55040K, reserved 1114112K
  class space    used 5690K, committed 6272K, reserved 1048576K
}
Event: 107.465 GC heap after
{Heap after GC invocations=66 (full 2):
 PSYoungGen      total 18432K, used 480K [0x00000000d5580000, 0x00000000d6900000, 0x0000000100000000)
  eden space 17920K, 0% used [0x00000000d5580000,0x00000000d5580000,0x00000000d6700000)
  from space 512K, 93% used [0x00000000d6880000,0x00000000d68f8000,0x00000000d6900000)
  to   space 1024K, 0% used [0x00000000d6700000,0x00000000d6700000,0x00000000d6800000)
 ParOldGen       total 80896K, used 80768K [0x0000000080000000, 0x0000000084f00000, 0x00000000d5580000)
  object space 80896K, 99% used [0x0000000080000000,0x0000000084ee0130,0x0000000084f00000)
 Metaspace       used 53676K, committed 55040K, reserved 1114112K
  class space    used 5690K, committed 6272K, reserved 1048576K
}
Event: 157.889 GC heap before
{Heap before GC invocations=67 (full 2):
 PSYoungGen      total 18432K, used 18400K [0x00000000d5580000, 0x00000000d6900000, 0x0000000100000000)
  eden space 17920K, 100% used [0x00000000d5580000,0x00000000d6700000,0x00000000d6700000)
  from space 512K, 93% used [0x00000000d6880000,0x00000000d68f8000,0x00000000d6900000)
  to   space 1024K, 0% used [0x00000000d6700000,0x00000000d6700000,0x00000000d6800000)
 ParOldGen       total 80896K, used 80768K [0x0000000080000000, 0x0000000084f00000, 0x00000000d5580000)
  object space 80896K, 99% used [0x0000000080000000,0x0000000084ee0130,0x0000000084f00000)
 Metaspace       used 54505K, committed 55936K, reserved 1114112K
  class space    used 5803K, committed 6400K, reserved 1048576K
}
Event: 157.916 GC heap after
{Heap after GC invocations=67 (full 2):
 PSYoungGen      total 18944K, used 512K [0x00000000d5580000, 0x00000000d6900000, 0x0000000100000000)
  eden space 17920K, 0% used [0x00000000d5580000,0x00000000d5580000,0x00000000d6700000)
  from space 1024K, 50% used [0x00000000d6700000,0x00000000d6780000,0x00000000d6800000)
  to   space 1024K, 0% used [0x00000000d6800000,0x00000000d6800000,0x00000000d6900000)
 ParOldGen       total 81408K, used 81144K [0x0000000080000000, 0x0000000084f80000, 0x00000000d5580000)
  object space 81408K, 99% used [0x0000000080000000,0x0000000084f3e130,0x0000000084f80000)
 Metaspace       used 54505K, committed 55936K, reserved 1114112K
  class space    used 5803K, committed 6400K, reserved 1048576K
}

Dll operation events (10 events):
Event: 0.029 Loaded shared library c:\Users\asus\.vscode\extensions\redhat.java-1.53.0-win32-x64\jre\21.0.10-win32-x86_64\bin\java.dll
Event: 0.224 Loaded shared library c:\Users\asus\.vscode\extensions\redhat.java-1.53.0-win32-x64\jre\21.0.10-win32-x86_64\bin\zip.dll
Event: 0.305 Loaded shared library C:\Users\asus\.vscode\extensions\redhat.java-1.53.0-win32-x64\jre\21.0.10-win32-x86_64\bin\instrument.dll
Event: 0.317 Loaded shared library C:\Users\asus\.vscode\extensions\redhat.java-1.53.0-win32-x64\jre\21.0.10-win32-x86_64\bin\net.dll
Event: 0.329 Loaded shared library C:\Users\asus\.vscode\extensions\redhat.java-1.53.0-win32-x64\jre\21.0.10-win32-x86_64\bin\nio.dll
Event: 0.353 Loaded shared library C:\Users\asus\.vscode\extensions\redhat.java-1.53.0-win32-x64\jre\21.0.10-win32-x86_64\bin\zip.dll
Event: 0.397 Loaded shared library C:\Users\asus\.vscode\extensions\redhat.java-1.53.0-win32-x64\jre\21.0.10-win32-x86_64\bin\jimage.dll
Event: 0.631 Loaded shared library c:\Users\asus\.vscode\extensions\redhat.java-1.53.0-win32-x64\jre\21.0.10-win32-x86_64\bin\verify.dll
Event: 12.954 Loaded shared library C:\Users\asus\AppData\Roaming\Code\User\globalStorage\redhat.java\1.53.0\config_win\org.eclipse.equinox.launcher\org.eclipse.equinox.launcher.win32.win32.x86_64_1.3.0.v20260203-2149\eclipse_11919.dll
Event: 36.869 Loaded shared library C:\Users\asus\AppData\Local\Temp\jna-3003984\jna16218224656542097403.dll

Deoptimization events (20 events):
Event: 107.816 Thread 0x0000015977c26b60 Uncommon trap: trap_request=0xffffff45 fr.pc=0x0000015921406494 relative=0x0000000000000cf4
Event: 107.816 Thread 0x0000015977c26b60 Uncommon trap: reason=unstable_if action=reinterpret pc=0x0000015921406494 method=java.util.concurrent.ConcurrentHashMap.putVal(Ljava/lang/Object;Ljava/lang/Object;Z)Ljava/lang/Object; @ 245 c2
Event: 107.816 Thread 0x0000015977c26b60 DEOPT PACKING pc=0x0000015921406494 sp=0x0000003115bfe6e0
Event: 107.816 Thread 0x0000015977c26b60 DEOPT UNPACKING pc=0x00000159209b3aa2 sp=0x0000003115bfe678 mode 2
Event: 107.855 Thread 0x0000015975567d00 Uncommon trap: trap_request=0xffffffde fr.pc=0x00000159213ed3e0 relative=0x0000000000000120
Event: 107.855 Thread 0x0000015975567d00 Uncommon trap: reason=class_check action=maybe_recompile pc=0x00000159213ed3e0 method=java.util.stream.ReduceOps$ReduceOp.evaluateSequential(Ljava/util/stream/PipelineHelper;Ljava/util/Spliterator;)Ljava/lang/Object; @ 2 c2
Event: 107.855 Thread 0x0000015975567d00 DEOPT PACKING pc=0x00000159213ed3e0 sp=0x0000003113fff0b0
Event: 107.855 Thread 0x0000015975567d00 DEOPT UNPACKING pc=0x00000159209b3aa2 sp=0x0000003113fff048 mode 2
Event: 108.516 Thread 0x0000015975567d00 Uncommon trap: trap_request=0xffffff76 fr.pc=0x00000159211c0a98 relative=0x0000000000000458
Event: 108.516 Thread 0x0000015975567d00 Uncommon trap: reason=predicate action=maybe_recompile pc=0x00000159211c0a98 method=java.util.TimSort.binarySort([Ljava/lang/Object;IIILjava/util/Comparator;)V @ 34 c2
Event: 108.517 Thread 0x0000015975567d00 DEOPT PACKING pc=0x00000159211c0a98 sp=0x0000003113ffea80
Event: 108.517 Thread 0x0000015975567d00 DEOPT UNPACKING pc=0x00000159209b3aa2 sp=0x0000003113ffea20 mode 2
Event: 108.518 Thread 0x0000015975567d00 Uncommon trap: trap_request=0xffffffde fr.pc=0x0000015921038444 relative=0x00000000000001a4
Event: 108.518 Thread 0x0000015975567d00 Uncommon trap: reason=class_check action=maybe_recompile pc=0x0000015921038444 method=java.util.Collections.eq(Ljava/lang/Object;Ljava/lang/Object;)Z @ 18 c2
Event: 108.518 Thread 0x0000015975567d00 DEOPT PACKING pc=0x0000015921038444 sp=0x0000003113ffec30
Event: 108.518 Thread 0x0000015975567d00 DEOPT UNPACKING pc=0x00000159209b3aa2 sp=0x0000003113ffeb70 mode 2
Event: 108.519 Thread 0x0000015975567d00 Uncommon trap: trap_request=0xffffffde fr.pc=0x0000015921038444 relative=0x00000000000001a4
Event: 108.519 Thread 0x0000015975567d00 Uncommon trap: reason=class_check action=maybe_recompile pc=0x0000015921038444 method=java.util.Collections.eq(Ljava/lang/Object;Ljava/lang/Object;)Z @ 18 c2
Event: 108.519 Thread 0x0000015975567d00 DEOPT PACKING pc=0x0000015921038444 sp=0x0000003113ffed90
Event: 108.519 Thread 0x0000015975567d00 DEOPT UNPACKING pc=0x00000159209b3aa2 sp=0x0000003113ffecd0 mode 2

Classes loaded (20 events):
Event: 107.856 Loading class java/util/stream/ReduceOps$CountingSink done
Event: 107.856 Loading class java/util/stream/ReduceOps$CountingSink$OfRef done
Event: 108.349 Loading class java/util/stream/ReduceOps$1
Event: 108.349 Loading class java/util/stream/ReduceOps$1 done
Event: 108.349 Loading class java/util/stream/ReduceOps$1ReducingSink
Event: 108.350 Loading class java/util/stream/ReduceOps$1ReducingSink done
Event: 108.414 Loading class java/nio/charset/CharacterCodingException
Event: 108.417 Loading class java/nio/charset/CharacterCodingException done
Event: 108.417 Loading class java/io/SequenceInputStream
Event: 108.417 Loading class java/io/SequenceInputStream done
Event: 108.457 Loading class org/xml/sax/SAXNotRecognizedException
Event: 108.457 Loading class org/xml/sax/SAXNotRecognizedException done
Event: 108.457 Loading class org/xml/sax/SAXNotSupportedException
Event: 108.457 Loading class org/xml/sax/SAXNotSupportedException done
Event: 108.461 Loading class com/sun/org/apache/xerces/internal/util/URI
Event: 108.462 Loading class com/sun/org/apache/xerces/internal/util/URI done
Event: 108.469 Loading class com/sun/org/apache/xerces/internal/xni/XNIException
Event: 108.470 Loading class com/sun/org/apache/xerces/internal/xni/XNIException done
Event: 108.473 Loading class com/sun/org/apache/xerces/internal/xni/parser/XMLParseException
Event: 108.474 Loading class com/sun/org/apache/xerces/internal/xni/parser/XMLParseException done

Classes unloaded (7 events):
Event: 38.941 Thread 0x00000159162d3a90 Unloading class 0x000001592e1a5000 'java/lang/invoke/LambdaForm$MH+0x000001592e1a5000'
Event: 38.941 Thread 0x00000159162d3a90 Unloading class 0x000001592e1a4c00 'java/lang/invoke/LambdaForm$MH+0x000001592e1a4c00'
Event: 38.941 Thread 0x00000159162d3a90 Unloading class 0x000001592e1a4800 'java/lang/invoke/LambdaForm$MH+0x000001592e1a4800'
Event: 38.941 Thread 0x00000159162d3a90 Unloading class 0x000001592e1a4400 'java/lang/invoke/LambdaForm$MH+0x000001592e1a4400'
Event: 38.941 Thread 0x00000159162d3a90 Unloading class 0x000001592e1a4000 'java/lang/invoke/LambdaForm$BMH+0x000001592e1a4000'
Event: 38.941 Thread 0x00000159162d3a90 Unloading class 0x000001592e1a3c00 'java/lang/invoke/LambdaForm$DMH+0x000001592e1a3c00'
Event: 38.941 Thread 0x00000159162d3a90 Unloading class 0x000001592e1a2800 'java/lang/invoke/LambdaForm$DMH+0x000001592e1a2800'

Classes redefined (0 events):
No events

Internal exceptions (20 events):
Event: 95.423 Thread 0x0000015977c26b60 Exception <a 'sun/nio/fs/WindowsException'{0x00000000d5697108}> (0x00000000d5697108) 
thrown [s\src\hotspot\share\prims\jni.cpp, line 520]
Event: 95.426 Thread 0x0000015977c26b60 Exception <a 'sun/nio/fs/WindowsException'{0x00000000d56a2c70}> (0x00000000d56a2c70) 
thrown [s\src\hotspot\share\prims\jni.cpp, line 520]
Event: 95.427 Thread 0x0000015977c26b60 Exception <a 'sun/nio/fs/WindowsException'{0x00000000d56a3550}> (0x00000000d56a3550) 
thrown [s\src\hotspot\share\prims\jni.cpp, line 520]
Event: 95.433 Thread 0x0000015977c26b60 Exception <a 'sun/nio/fs/WindowsException'{0x00000000d56a4f88}> (0x00000000d56a4f88) 
thrown [s\src\hotspot\share\prims\jni.cpp, line 520]
Event: 95.433 Thread 0x0000015977c26b60 Exception <a 'sun/nio/fs/WindowsException'{0x00000000d56a5868}> (0x00000000d56a5868) 
thrown [s\src\hotspot\share\prims\jni.cpp, line 520]
Event: 95.620 Thread 0x0000015977c26b60 Exception <a 'sun/nio/fs/WindowsException'{0x00000000d588a890}> (0x00000000d588a890) 
thrown [s\src\hotspot\share\prims\jni.cpp, line 520]
Event: 95.676 Thread 0x0000015977c26b60 Exception <a 'sun/nio/fs/WindowsException'{0x00000000d560f480}> (0x00000000d560f480) 
thrown [s\src\hotspot\share\prims\jni.cpp, line 520]
Event: 95.895 Thread 0x0000015975567d00 Implicit null exception at 0x00000159212ed8a6 to 0x00000159212ede40
Event: 95.903 Thread 0x0000015975567d00 Implicit null exception at 0x0000015921337183 to 0x00000159213376d4
Event: 95.946 Thread 0x0000015975567d00 Implicit null exception at 0x000001592151768a to 0x000001592151adb8
Event: 95.948 Thread 0x0000015975567d00 Implicit null exception at 0x000001592151174b to 0x0000015921512134
Event: 95.950 Thread 0x0000015975567d00 Implicit null exception at 0x00000159214fcea8 to 0x00000159214fd764
Event: 107.684 Thread 0x0000015975567d00 Exception <a 'java/lang/NoSuchMethodError'{0x00000000d5fd1358}: 'java.lang.Object java.lang.invoke.DirectMethodHandle$Holder.invokeSpecial(java.lang.Object, java.lang.Object, int, long)'> (0x00000000d5fd1358) 
thrown [s\src\hotspot\share\interpreter\linkResolver.cpp, line 773]
Event: 107.862 Thread 0x0000015975567d00 Exception <a 'sun/nio/fs/WindowsException'{0x00000000d6232698}> (0x00000000d6232698) 
thrown [s\src\hotspot\share\prims\jni.cpp, line 520]
Event: 107.863 Thread 0x0000015975567d00 Exception <a 'sun/nio/fs/WindowsException'{0x00000000d6232cc8}> (0x00000000d6232cc8) 
thrown [s\src\hotspot\share\prims\jni.cpp, line 520]
Event: 108.543 Thread 0x0000015975567d00 Exception <a 'java/io/FileNotFoundException'{0x00000000d660f6d0}> (0x00000000d660f6d0) 
thrown [s\src\hotspot\share\prims\jni.cpp, line 520]
Event: 108.544 Thread 0x0000015975567d00 Exception <a 'java/io/FileNotFoundException'{0x00000000d6610818}> (0x00000000d6610818) 
thrown [s\src\hotspot\share\prims\jni.cpp, line 520]
Event: 108.554 Thread 0x0000015975567d00 Exception <a 'java/lang/NoSuchMethodError'{0x00000000d6639860}: 'java.lang.Object java.lang.invoke.DirectMethodHandle$Holder.invokeStatic(java.lang.Object, java.lang.Object, int, java.lang.Object)'> (0x00000000d6639860) 
thrown [s\src\hotspot\share\interpreter\linkResolver.cpp, line 773]
Event: 108.556 Thread 0x0000015975567d00 Exception <a 'java/lang/NoSuchMethodError'{0x00000000d66400e8}: 'java.lang.Object java.lang.invoke.DirectMethodHandle$Holder.newInvokeSpecial(java.lang.Object, java.lang.Object, int)'> (0x00000000d66400e8) 
thrown [s\src\hotspot\share\interpreter\linkResolver.cpp, line 773]
Event: 290.289 Thread 0x000001597688ab40 Exception <a 'java/lang/IncompatibleClassChangeError'{0x00000000d560e690}: Found class java.lang.Object, but interface was expected> (0x00000000d560e690) 
thrown [s\src\hotspot\share\interpreter\linkResolver.cpp, line 840]

ZGC Phase Switch (0 events):
No events

VM Operations (20 events):
Event: 108.492 Executing non-safepoint VM operation: HandshakeAllThreads (Deoptimize)
Event: 108.492 Executing non-safepoint VM operation: HandshakeAllThreads (Deoptimize) done
Event: 109.504 Executing safepoint VM operation: Cleanup
Event: 109.504 Executing safepoint VM operation: Cleanup done
Event: 120.316 Executing non-safepoint VM operation: HandshakeAllThreads (HandshakeForDeflation)
Event: 120.316 Executing non-safepoint VM operation: HandshakeAllThreads (HandshakeForDeflation) done
Event: 120.316 Executing non-safepoint VM operation: RendezvousGCThreads
Event: 120.316 Executing non-safepoint VM operation: RendezvousGCThreads done
Event: 157.889 Executing safepoint VM operation: ParallelGCFailedAllocation (Allocation Failure)
Event: 157.916 Executing safepoint VM operation: ParallelGCFailedAllocation (Allocation Failure) done
Event: 180.538 Executing non-safepoint VM operation: HandshakeAllThreads (HandshakeForDeflation)
Event: 180.538 Executing non-safepoint VM operation: HandshakeAllThreads (HandshakeForDeflation) done
Event: 180.539 Executing non-safepoint VM operation: RendezvousGCThreads
Event: 180.539 Executing non-safepoint VM operation: RendezvousGCThreads done
Event: 288.665 Executing safepoint VM operation: Cleanup
Event: 288.667 Executing safepoint VM operation: Cleanup done
Event: 290.670 Executing safepoint VM operation: Cleanup
Event: 290.670 Executing safepoint VM operation: Cleanup done
Event: 339.062 Executing safepoint VM operation: Cleanup
Event: 339.066 Executing safepoint VM operation: Cleanup done

Memory protections (0 events):
No events

Nmethod flushes (20 events):
Event: 43.215 Thread 0x00000159162d3a90 flushing  nmethod 0x0000015919a8bd90
Event: 43.216 Thread 0x00000159162d3a90 flushing  nmethod 0x0000015919aa9f90
Event: 43.216 Thread 0x00000159162d3a90 flushing  nmethod 0x0000015919ae1610
Event: 43.216 Thread 0x00000159162d3a90 flushing  nmethod 0x0000015919ae1a10
Event: 43.216 Thread 0x00000159162d3a90 flushing  nmethod 0x0000015919ae2310
Event: 43.216 Thread 0x00000159162d3a90 flushing  nmethod 0x0000015919ae3510
Event: 43.216 Thread 0x00000159162d3a90 flushing  nmethod 0x0000015919ae4190
Event: 43.216 Thread 0x00000159162d3a90 flushing  nmethod 0x0000015919ae4910
Event: 43.216 Thread 0x00000159162d3a90 flushing  nmethod 0x0000015919ae5690
Event: 43.216 Thread 0x00000159162d3a90 flushing  nmethod 0x0000015919ae5b10
Event: 43.216 Thread 0x00000159162d3a90 flushing  nmethod 0x0000015919ae6c10
Event: 43.216 Thread 0x00000159162d3a90 flushing  nmethod 0x0000015919ae8610
Event: 43.216 Thread 0x00000159162d3a90 flushing  nmethod 0x0000015919ae9090
Event: 43.216 Thread 0x00000159162d3a90 flushing  nmethod 0x0000015919af4690
Event: 43.216 Thread 0x00000159162d3a90 flushing  nmethod 0x0000015919b3dd10
Event: 43.216 Thread 0x00000159162d3a90 flushing  nmethod 0x0000015919b40410
Event: 43.216 Thread 0x00000159162d3a90 flushing  nmethod 0x0000015919b95190
Event: 43.216 Thread 0x00000159162d3a90 flushing  nmethod 0x0000015919b99490
Event: 43.216 Thread 0x00000159162d3a90 flushing  nmethod 0x0000015919bbe190
Event: 43.216 Thread 0x00000159162d3a90 flushing  nmethod 0x0000015919bf8c10

Events (20 events):
Event: 70.285 Thread 0x0000015976cf51c0 Thread exited: 0x0000015976cf51c0
Event: 95.248 Thread 0x00000159162ea850 Thread added: 0x000001597453e8d0
Event: 95.552 Thread 0x00000159162ea850 Thread added: 0x000001597490c3b0
Event: 96.762 Thread 0x000001597490c3b0 Thread exited: 0x000001597490c3b0
Event: 97.666 Thread 0x000001597453e8d0 Thread exited: 0x000001597453e8d0
Event: 98.119 Thread 0x00000159162ea850 Thread added: 0x000001597453e8d0
Event: 98.344 Thread 0x000001597453e8d0 Thread exited: 0x000001597453e8d0
Event: 98.860 Thread 0x00000159162e8540 Thread added: 0x0000015974c5d300
Event: 100.309 Thread 0x0000015974c5d300 Thread exited: 0x0000015974c5d300
Event: 107.538 Thread 0x00000159162ea850 Thread added: 0x00000159752ed110
Event: 107.814 Thread 0x00000159162ea850 Thread added: 0x000001597753a630
Event: 108.350 Thread 0x000001597753a630 Thread exited: 0x000001597753a630
Event: 108.350 Thread 0x00000159752ed110 Thread exited: 0x00000159752ed110
Event: 155.569 Thread 0x000001597556aaf0 Thread exited: 0x000001597556aaf0
Event: 155.572 Thread 0x0000015975568a20 Thread exited: 0x0000015975568a20
Event: 167.819 Thread 0x0000015975569dd0 Thread exited: 0x0000015975569dd0
Event: 167.835 Thread 0x0000015977c26b60 Thread exited: 0x0000015977c26b60
Event: 227.900 Thread 0x0000015977c257b0 Thread exited: 0x0000015977c257b0
Event: 288.003 Thread 0x0000015977c285a0 Thread exited: 0x0000015977c285a0
Event: 348.390 Thread 0x0000015977c25e40 Thread exited: 0x0000015977c25e40


Dynamic libraries:
0x00007ff6afd80000 - 0x00007ff6afd8e000 	c:\Users\asus\.vscode\extensions\redhat.java-1.53.0-win32-x64\jre\21.0.10-win32-x86_64\bin\java.exe
0x00007ffc6a100000 - 0x00007ffc6a367000 	C:\WINDOWS\SYSTEM32\ntdll.dll
0x00007ffc690e0000 - 0x00007ffc691a9000 	C:\WINDOWS\System32\KERNEL32.DLL
0x00007ffc66b80000 - 0x00007ffc66f71000 	C:\WINDOWS\System32\KERNELBASE.dll
0x00007ffc66f80000 - 0x00007ffc670cb000 	C:\WINDOWS\System32\ucrtbase.dll
0x00007ffc3cc00000 - 0x00007ffc3cc1e000 	c:\Users\asus\.vscode\extensions\redhat.java-1.53.0-win32-x64\jre\21.0.10-win32-x86_64\bin\VCRUNTIME140.dll
0x00007ffc3d5e0000 - 0x00007ffc3d5f8000 	c:\Users\asus\.vscode\extensions\redhat.java-1.53.0-win32-x64\jre\21.0.10-win32-x86_64\bin\jli.dll
0x00007ffc65de0000 - 0x00007ffc66073000 	C:\WINDOWS\WinSxS\amd64_microsoft.windows.common-controls_6595b64144ccf1df_6.0.26100.8037_none_3e092faae333b53b\COMCTL32.dll
0x00007ffc691b0000 - 0x00007ffc69375000 	C:\WINDOWS\System32\USER32.dll
0x00007ffc6a010000 - 0x00007ffc6a0b9000 	C:\WINDOWS\System32\msvcrt.dll
0x00007ffc66b50000 - 0x00007ffc66b77000 	C:\WINDOWS\System32\win32u.dll
0x00007ffc69000000 - 0x00007ffc6902b000 	C:\WINDOWS\System32\GDI32.dll
0x00007ffc670d0000 - 0x00007ffc671fb000 	C:\WINDOWS\System32\gdi32full.dll
0x00007ffc67c70000 - 0x00007ffc67d13000 	C:\WINDOWS\System32\msvcp_win.dll
0x00007ffc69380000 - 0x00007ffc693b1000 	C:\WINDOWS\System32\IMM32.DLL
0x00007ffc4f580000 - 0x00007ffc4f58c000 	c:\Users\asus\.vscode\extensions\redhat.java-1.53.0-win32-x64\jre\21.0.10-win32-x86_64\bin\vcruntime140_1.dll
0x00007ffc287c0000 - 0x00007ffc2884d000 	c:\Users\asus\.vscode\extensions\redhat.java-1.53.0-win32-x64\jre\21.0.10-win32-x86_64\bin\msvcp140.dll
0x00007ffba8e70000 - 0x00007ffba9c11000 	c:\Users\asus\.vscode\extensions\redhat.java-1.53.0-win32-x64\jre\21.0.10-win32-x86_64\bin\server\jvm.dll
0x00007ffc68d60000 - 0x00007ffc68e1b000 	C:\WINDOWS\System32\ADVAPI32.dll
0x00007ffc69030000 - 0x00007ffc690d7000 	C:\WINDOWS\System32\sechost.dll
0x00007ffc687d0000 - 0x00007ffc688e8000 	C:\WINDOWS\System32\RPCRT4.dll
0x00007ffc68750000 - 0x00007ffc687c4000 	C:\WINDOWS\System32\WS2_32.dll
0x00007ffc66840000 - 0x00007ffc6689e000 	C:\WINDOWS\SYSTEM32\POWRPROF.dll
0x00007ffc5e8a0000 - 0x00007ffc5e8d5000 	C:\WINDOWS\SYSTEM32\WINMM.dll
0x00007ffc5e8e0000 - 0x00007ffc5e8eb000 	C:\WINDOWS\SYSTEM32\VERSION.dll
0x00007ffc66820000 - 0x00007ffc66834000 	C:\WINDOWS\SYSTEM32\UMPDC.dll
0x00007ffc64e00000 - 0x00007ffc64e1b000 	C:\WINDOWS\SYSTEM32\kernel.appcore.dll
0x00007ffc4ef10000 - 0x00007ffc4ef1a000 	c:\Users\asus\.vscode\extensions\redhat.java-1.53.0-win32-x64\jre\21.0.10-win32-x86_64\bin\jimage.dll
0x00007ffc661b0000 - 0x00007ffc663f2000 	C:\WINDOWS\SYSTEM32\DBGHELP.DLL
0x00007ffc69c80000 - 0x00007ffc6a002000 	C:\WINDOWS\System32\combase.dll
0x00007ffc684d0000 - 0x00007ffc685a7000 	C:\WINDOWS\System32\OLEAUT32.dll
0x00007ffc66080000 - 0x00007ffc660bb000 	C:\WINDOWS\SYSTEM32\dbgcore.DLL
0x00007ffc67350000 - 0x00007ffc673f5000 	C:\WINDOWS\System32\bcryptPrimitives.dll
0x00007ffc4dd10000 - 0x00007ffc4dd1f000 	c:\Users\asus\.vscode\extensions\redhat.java-1.53.0-win32-x64\jre\21.0.10-win32-x86_64\bin\instrument.dll
0x00007ffc33d40000 - 0x00007ffc33d60000 	c:\Users\asus\.vscode\extensions\redhat.java-1.53.0-win32-x64\jre\21.0.10-win32-x86_64\bin\java.dll
0x00007ffc69500000 - 0x00007ffc69c5f000 	C:\WINDOWS\System32\SHELL32.dll
0x00007ffc669e0000 - 0x00007ffc66b4a000 	C:\WINDOWS\System32\wintypes.dll
0x00007ffc67400000 - 0x00007ffc67c64000 	C:\WINDOWS\System32\windows.storage.dll
0x00007ffc685b0000 - 0x00007ffc686a7000 	C:\WINDOWS\System32\SHCORE.dll
0x00007ffc68f90000 - 0x00007ffc68ff7000 	C:\WINDOWS\System32\shlwapi.dll
0x00007ffc66900000 - 0x00007ffc66929000 	C:\WINDOWS\SYSTEM32\profapi.dll
0x00007ffc3c560000 - 0x00007ffc3c578000 	c:\Users\asus\.vscode\extensions\redhat.java-1.53.0-win32-x64\jre\21.0.10-win32-x86_64\bin\zip.dll
0x00007ffc4acb0000 - 0x00007ffc4acc0000 	C:\Users\asus\.vscode\extensions\redhat.java-1.53.0-win32-x64\jre\21.0.10-win32-x86_64\bin\net.dll
0x00007ffc60ba0000 - 0x00007ffc60cc7000 	C:\WINDOWS\SYSTEM32\WINHTTP.dll
0x00007ffc65310000 - 0x00007ffc6537b000 	C:\WINDOWS\system32\mswsock.dll
0x00007ffc3c000000 - 0x00007ffc3c016000 	C:\Users\asus\.vscode\extensions\redhat.java-1.53.0-win32-x64\jre\21.0.10-win32-x86_64\bin\nio.dll
0x00007ffc49550000 - 0x00007ffc49560000 	c:\Users\asus\.vscode\extensions\redhat.java-1.53.0-win32-x64\jre\21.0.10-win32-x86_64\bin\verify.dll
0x00007ffc2ea30000 - 0x00007ffc2ea75000 	C:\Users\asus\AppData\Roaming\Code\User\globalStorage\redhat.java\1.53.0\config_win\org.eclipse.equinox.launcher\org.eclipse.equinox.launcher.win32.win32.x86_64_1.3.0.v20260203-2149\eclipse_11919.dll
0x00007ffc68330000 - 0x00007ffc684c5000 	C:\WINDOWS\System32\ole32.dll
0x00007ffc66500000 - 0x00007ffc6651b000 	C:\WINDOWS\SYSTEM32\CRYPTSP.dll
0x00007ffc657d0000 - 0x00007ffc65809000 	C:\WINDOWS\system32\rsaenh.dll
0x00007ffc65380000 - 0x00007ffc653b2000 	C:\WINDOWS\SYSTEM32\USERENV.dll
0x00007ffc668d0000 - 0x00007ffc668fa000 	C:\WINDOWS\SYSTEM32\bcrypt.dll
0x00007ffc65a20000 - 0x00007ffc65a2c000 	C:\WINDOWS\SYSTEM32\CRYPTBASE.dll
0x00007ffc64770000 - 0x00007ffc647a3000 	C:\WINDOWS\SYSTEM32\IPHLPAPI.DLL
0x00007ffc68950000 - 0x00007ffc6895a000 	C:\WINDOWS\System32\NSI.dll
0x00007ffc2dac0000 - 0x00007ffc2db09000 	C:\Users\asus\AppData\Local\Temp\jna-3003984\jna16218224656542097403.dll
0x00007ffc69c70000 - 0x00007ffc69c78000 	C:\WINDOWS\System32\PSAPI.DLL
0x00007ffc60d20000 - 0x00007ffc60d3d000 	C:\WINDOWS\SYSTEM32\dhcpcsvc6.DLL
0x00007ffc60cf0000 - 0x00007ffc60d13000 	C:\WINDOWS\SYSTEM32\dhcpcsvc.DLL

JVMTI agents:
c:\Users\asus\.vscode\extensions\redhat.java-1.53.0-win32-x64\lombok\lombok-1.18.39-4050.jar path:c:\Users\asus\.vscode\extensions\redhat.java-1.53.0-win32-x64\jre\21.0.10-win32-x86_64\bin\instrument.dll, loaded, initialized, instrumentlib options:none

dbghelp: loaded successfully - version: 4.0.5 - missing functions: none
symbol engine: initialized successfully - sym options: 0x614 - pdb path: .;c:\Users\asus\.vscode\extensions\redhat.java-1.53.0-win32-x64\jre\21.0.10-win32-x86_64\bin;C:\WINDOWS\SYSTEM32;C:\WINDOWS\WinSxS\amd64_microsoft.windows.common-controls_6595b64144ccf1df_6.0.26100.8037_none_3e092faae333b53b;c:\Users\asus\.vscode\extensions\redhat.java-1.53.0-win32-x64\jre\21.0.10-win32-x86_64\bin\server;C:\Users\asus\AppData\Roaming\Code\User\globalStorage\redhat.java\1.53.0\config_win\org.eclipse.equinox.launcher\org.eclipse.equinox.launcher.win32.win32.x86_64_1.3.0.v20260203-2149;C:\Users\asus\AppData\Local\Temp\jna-3003984

VM Arguments:
jvm_args: --add-modules=ALL-SYSTEM --add-opens=java.base/java.util=ALL-UNNAMED --add-opens=java.base/java.lang=ALL-UNNAMED --add-opens=java.base/sun.nio.fs=ALL-UNNAMED -Declipse.application=org.eclipse.jdt.ls.core.id1 -Dosgi.bundles.defaultStartLevel=4 -Declipse.product=org.eclipse.jdt.ls.core.product -Djava.import.generatesMetadataFilesAtProjectRoot=false -DDetectVMInstallationsJob.disabled=true -Dfile.encoding=utf8 -XX:+UseParallelGC -XX:GCTimeRatio=4 -XX:AdaptiveSizePolicyWeight=90 -Dsun.zip.disableMemoryMapping=true -Xmx2G -Xms100m -Xlog:disable -javaagent:c:\Users\asus\.vscode\extensions\redhat.java-1.53.0-win32-x64\lombok\lombok-1.18.39-4050.jar -XX:+HeapDumpOnOutOfMemoryError -XX:HeapDumpPath=c:\Users\asus\AppData\Roaming\Code\User\workspaceStorage\66dd6c130ef3f275720df085af434132\redhat.java -Daether.dependencyCollector.impl=bf 
java_command: c:\Users\asus\.vscode\extensions\redhat.java-1.53.0-win32-x64\server\plugins\org.eclipse.equinox.launcher_1.7.100.v20251111-0406.jar -configuration c:\Users\asus\AppData\Roaming\Code\User\globalStorage\redhat.java\1.53.0\config_win -data c:\Users\asus\AppData\Roaming\Code\User\workspaceStorage\66dd6c130ef3f275720df085af434132\redhat.java\jdt_ws --pipe=\\.\pipe\lsp-254f15278002caa9dfed0bef61e0aa96-sock
java_class_path (initial): c:\Users\asus\.vscode\extensions\redhat.java-1.53.0-win32-x64\server\plugins\org.eclipse.equinox.launcher_1.7.100.v20251111-0406.jar
Launcher Type: SUN_STANDARD

[Global flags]
    uintx AdaptiveSizePolicyWeight                 = 90                                        {product} {command line}
     intx CICompilerCount                          = 4                                         {product} {ergonomic}
    uintx GCTimeRatio                              = 4                                         {product} {command line}
     bool HeapDumpOnOutOfMemoryError               = true                                   {manageable} {command line}
    ccstr HeapDumpPath                             = c:\Users\asus\AppData\Roaming\Code\User\workspaceStorage\66dd6c130ef3f275720df085af434132\redhat.java         {manageable} {command line}
   size_t InitialHeapSize                          = 104857600                                 {product} {command line}
   size_t MaxHeapSize                              = 2147483648                                {product} {command line}
   size_t MaxNewSize                               = 715653120                                 {product} {ergonomic}
   size_t MinHeapDeltaBytes                        = 524288                                    {product} {ergonomic}
   size_t MinHeapSize                              = 104857600                                 {product} {command line}
   size_t NewSize                                  = 34603008                                  {product} {ergonomic}
    uintx NonNMethodCodeHeapSize                   = 5839372                                {pd product} {ergonomic}
    uintx NonProfiledCodeHeapSize                  = 122909434                              {pd product} {ergonomic}
   size_t OldSize                                  = 70254592                                  {product} {ergonomic}
    uintx ProfiledCodeHeapSize                     = 122909434                              {pd product} {ergonomic}
    uintx ReservedCodeCacheSize                    = 251658240                              {pd product} {ergonomic}
     bool SegmentedCodeCache                       = true                                      {product} {ergonomic}
   size_t SoftMaxHeapSize                          = 2147483648                             {manageable} {ergonomic}
     bool UseCompressedOops                        = true                           {product lp64_product} {ergonomic}
     bool UseLargePagesIndividualAllocation        = false                                  {pd product} {ergonomic}
     bool UseParallelGC                            = true                                      {product} {command line}

Logging:
Log output configuration:
 #0: stdout all=off uptime,level,tags foldmultilines=false
 #1: stderr all=off uptime,level,tags foldmultilines=false

Release file:
JAVA_VERSION="21.0.10" 
MODULES="java.base java.compiler java.datatransfer java.xml java.prefs java.desktop java.instrument java.logging java.management java.security.sasl java.naming java.rmi java.management.rmi java.net.http java.scripting java.security.jgss java.transaction.xa java.sql java.sql.rowset java.xml.crypto java.se java.smartcardio jdk.accessibility jdk.internal.jvmstat jdk.attach jdk.charsets jdk.internal.opt jdk.zipfs jdk.compiler jdk.crypto.ec jdk.crypto.cryptoki jdk.crypto.mscapi jdk.dynalink jdk.internal.ed jdk.editpad jdk.hotspot.agent jdk.httpserver jdk.internal.le jdk.internal.vm.ci jdk.internal.vm.compiler jdk.internal.vm.compiler.management jdk.jartool jdk.javadoc jdk.jcmd jdk.management jdk.management.agent jdk.jconsole jdk.jdeps jdk.jdwp.agent jdk.jdi jdk.jfr jdk.jshell jdk.jsobject jdk.jstatd jdk.localedata jdk.management.jfr jdk.naming.dns jdk.naming.rmi jdk.net jdk.nio.mapmode jdk.random jdk.sctp jdk.security.auth jdk.security.jgss jdk.unsupported jdk.unsupported.desktop jdk.xml.dom" 

Environment Variables:
PATH=C:\Users\asus\AppData\Local\Programs\Microsoft VS Code;C:\Python314\Scripts\;C:\Python314\;C:\Program Files\Common Files\Oracle\Java\javapath;C:\WINDOWS\System32;C:\WINDOWS\System32\WindowsPowerShell\v1.0\;C:\Program Files\Git\cmd;C:\Program Files\dotnet\;C:\Users\asus\AppData\Local\Programs\Python\Python312\Scripts\;C:\Users\asus\AppData\Local\Programs\Python\Python312\;C:\apache-maven-3.9.4\bin;C:\mongosh-2.5.1-win32-x64\bin;C:\Gradle\gradle-8.9\gradle-8.9\bin;C:\xampp\php;C:\ProgramData\ComposerSetup\bin;C:\Users\asus\AppData\Local\Google\Cloud SDK\google-cloud-sdk\bin;C:\terraform\bin;C:\WINDOWS\system32;C:\WINDOWS;C:\WINDOWS\System32\Wbem;C:\WINDOWS\System32\WindowsPowerShell\v1.0\;C:\WINDOWS\System32\OpenSSH\;C:\Program Files\;C:\ProgramData\chocolatey\bin;C:\Program Files\Docker\Docker\resources\bin;C:\Program Files\cursor\resources\app\bin;C:\mysql-9.5.0-winx64\bin;C:\Program Files\PowerShell\7\;C:\Program Files\PowerShell\7;C:\Python314\Scripts\;C:\Python314\;C:\Program Files\Common Files\Oracle\Java\javapath;C:\WINDOWS\System32;C:\WINDOWS\System32\WindowsPowerShell\v1.0\;C:\Program Files\Git\cmd;C:\Program Files\dotnet\;C:\Users\asus\AppData\Local\Programs\Python\Python312\Scripts\;C:\Users\asus\AppData\Local\Programs\Python\Python312\;C:\apache-maven-3.9.4\bin;C:\mongosh-2.5.1-win32-x64\bin;C:\Gradle\gradle-8.9\gradle-8.9\bin;C:\xampp\php;C:\ProgramData\ComposerSetup\bin;C:\Users\asus\AppData\Local\Google\Cloud SDK\google-cloud-sdk\bin;C:\terraform\bin;C:\WINDOWS\system32;C:\WINDOWS;C:\WINDOWS\System32\Wbem;C:\WINDOWS\System32\WindowsPowerShell\v1.0\;C:\WINDOWS\System32\OpenSSH\;C:\Program Files\PowerShell\7\;C:\Program Files\;C:\ProgramData\chocolatey\bin;C:\Program Files\Docker\Docker\resources\bin;C:\Program Files\cursor\resources\app\bin;C:\mysql-9.5.0-winx64\bin;C:\Program Files\PowerShell\7;C:\Python314\Scripts\;C:\Python314\;C:\Program Files\Common Files\Oracle\Java\javapath;C:\WINDOWS\System32;C:\WINDOWS\System32\WindowsPowerShell\v1.0\;C:\Program Files\Git\cmd;C:\Program Files\dotnet\;C:\Program Files (x86)\Windows Kits\10\Windows Performance Toolkit\;C:\Users\asus\AppData\Local\Programs\Python\Python312\Scripts\;C:\Users\asus\AppData\Local\Programs\Python\Python312\;C:\apache-maven-3.9.4\bin;C:\mongosh-2.5.1-win32-x64\bin;C:\Gradle\gradle-8.9\gradle-8.9\bin;C:\xampp\php;C:\ProgramData\ComposerSetup\bin;C:\terraform\bin;C:\WINDOWS\system32;C:\WINDOWS;C:\WINDOWS\System32\Wbem;C:\WINDOWS\System32\WindowsPowerShell\v1.0\;C:\WINDOWS\System32\OpenSSH\;C:\Program Files\PowerShell\7\;C:\Program Files\;C:\ProgramData\chocolatey\bin;C:\Program Files\Docker\Docker\resources\bin;C:\Users\asus\AppData\Local\Pandoc;C:\Users\asus\safespeak\venv\Scripts;C:\Program Files\PowerShell\7;C:\Program Files\Common Files;C:\Users\asus\AppData\Local\Programs\Microsoft VS Code\bin;C:\Program Files\JetBrains\IntelliJ IDEA 2025.3.2\bin;C:\Users\asus\AppData\Local\Programs\Antigravity\bin;C:\mysql-9.5.0-winx64\bin;;C:\tools\bin
USERNAME=asus
OS=Windows_NT
PROCESSOR_IDENTIFIER=AMD64 Family 23 Model 96 Stepping 1, AuthenticAMD
TMP=C:\Users\asus\AppData\Local\Temp
TEMP=C:\Users\asus\AppData\Local\Temp




Periodic native trim disabled

---------------  S Y S T E M  ---------------

OS:
 Windows 11 , 64 bit Build 26100 (10.0.26100.7920)
OS uptime: 0 days 9:54 hours
Hyper-V role detected

CPU: total 12 (initial active 12) (12 cores per cpu, 2 threads per core) family 23 model 96 stepping 1 microcode 0x8600106, cx8, cmov, fxsr, ht, mmx, 3dnowpref, sse, sse2, sse3, ssse3, sse4a, sse4.1, sse4.2, popcnt, lzcnt, tsc, tscinvbit, avx, avx2, aes, clmul, bmi1, bmi2, adx, sha, fma, vzeroupper, clflush, clflushopt, hv, rdtscp, rdpid, f16c
Processor Information for the first 12 processors :
  Max Mhz: 3001, Current Mhz: 3001, Mhz Limit: 3001

Memory: 4k page, system-wide physical 7597M (469M free)
TotalPageFile size 31149M (AvailPageFile size 0M)
current process WorkingSet (physical memory assigned to process): 7M, peak: 275M
current process commit charge ("private bytes"): 348M, peak: 380M

vm_info: OpenJDK 64-Bit Server VM (21.0.10+7-LTS) for windows-amd64 JRE (21.0.10+7-LTS), built on 2026-01-20T00:00:00Z by "admin" with MS VC++ 17.12 (VS2022)

END.
