#
# There is insufficient memory for the Java Runtime Environment to continue.
# Native memory allocation (malloc) failed to allocate 646816 bytes for Chunk::new
# Possible reasons:
#   The system is out of physical RAM or swap space
#   The process is running with CompressedOops enabled, and the Java Heap may be blocking the growth of the native heap
# Possible solutions:
#   Reduce memory load on the system
#   Increase physical memory or swap space
#   Check if swap backing store is full
#   Decrease Java heap size (-Xmx/-Xms)
#   Decrease number of Java threads
#   Decrease Java thread stack sizes (-Xss)
#   Set larger code cache with -XX:ReservedCodeCacheSize=
#   JVM is running with Unscaled Compressed Oops mode in which the Java heap is
#     placed in the first 4GB address space. The Java Heap base address is the
#     maximum limit for the native heap growth. Please use -XX:HeapBaseMinAddress
#     to set the Java Heap base and to place the Java Heap above 4GB virtual address.
# This output file may be truncated or incomplete.
#
#  Out of Memory Error (arena.cpp:189), pid=11320, tid=8664
#
# JRE version: Java(TM) SE Runtime Environment (17.0.13+10) (build 17.0.13+10-LTS-268)
# Java VM: Java HotSpot(TM) 64-Bit Server VM (17.0.13+10-LTS-268, mixed mode, sharing, tiered, compressed oops, compressed class ptrs, g1 gc, windows-amd64)
# No core dump will be written. Minidumps are not enabled by default on client versions of Windows
#

---------------  S U M M A R Y ------------

Command Line: --add-opens=java.base/java.lang=ALL-UNNAMED --enable-native-access=ALL-UNNAMED -Dclassworlds.conf=C:/Users/asus/.m2/wrapper/dists/apache-maven-3.9.12/6068d197/bin/m2.conf -Dmaven.home=C:/Users/asus/.m2/wrapper/dists/apache-maven-3.9.12/6068d197 -Dlibrary.jansi.path=C:/Users/asus/.m2/wrapper/dists/apache-maven-3.9.12/6068d197/lib/jansi-native -Dmaven.multiModuleProjectDirectory=C:/Projet_Mika_Services/backend org.codehaus.plexus.classworlds.launcher.Launcher compile

Host: AMD Ryzen 5 4600H with Radeon Graphics         , 12 cores, 7G,  Windows 11 , 64 bit Build 26100 (10.0.26100.7920)
Time: Wed Apr  1 16:21:00 2026 Afr. centrale Ouest elapsed time: 14.238271 seconds (0d 0h 0m 14s)

---------------  T H R E A D  ---------------

Current thread (0x000001ef7f062ac0):  JavaThread "C2 CompilerThread0" daemon [_thread_in_native, id=8664, stack(0x0000002be0f00000,0x0000002be1000000)]


Current CompileTask:
C2:  14238 5052       4       jdk.internal.org.objectweb.asm.Frame::execute (2305 bytes)

Stack: [0x0000002be0f00000,0x0000002be1000000]
Native frames: (J=compiled Java code, j=interpreted, Vv=VM code, C=native code)
V  [jvm.dll+0x67a23a]
V  [jvm.dll+0x7da96d]
V  [jvm.dll+0x7dc2b3]
V  [jvm.dll+0x7dc923]
V  [jvm.dll+0x2450ef]
V  [jvm.dll+0xab793]
V  [jvm.dll+0xabd5c]
V  [jvm.dll+0x2aa58f]
V  [jvm.dll+0x582039]
V  [jvm.dll+0x21f482]
V  [jvm.dll+0x21817b]
V  [jvm.dll+0x215bc5]
V  [jvm.dll+0x1a2980]
V  [jvm.dll+0x22616b]
V  [jvm.dll+0x22430b]
V  [jvm.dll+0x790a8c]
V  [jvm.dll+0x78af1a]
V  [jvm.dll+0x679125]
C  [ucrtbase.dll+0x37b0]
C  [KERNEL32.DLL+0x2e8d7]
C  [ntdll.dll+0x8c48c]


---------------  P R O C E S S  ---------------

Threads class SMR info:
_java_thread_list=0x000001ef4c5633e0, length=13, elements={
0x000001ef64d2b8b0, 0x000001ef7f0419b0, 0x000001ef7f043ea0, 0x000001ef7f05d350,
0x000001ef7f05d830, 0x000001ef7f05dd10, 0x000001ef7f05e1f0, 0x000001ef7f062ac0,
0x000001ef7f063090, 0x000001ef7f0635b0, 0x000001ef4b0e3210, 0x000001ef4b0ebf30,
0x000001ef4c1a0eb0
}

Java Threads: ( => current thread )
  0x000001ef64d2b8b0 JavaThread "main" [_thread_in_Java, id=13264, stack(0x0000002be0200000,0x0000002be0300000)]
  0x000001ef7f0419b0 JavaThread "Reference Handler" daemon [_thread_blocked, id=1504, stack(0x0000002be0900000,0x0000002be0a00000)]
  0x000001ef7f043ea0 JavaThread "Finalizer" daemon [_thread_blocked, id=7736, stack(0x0000002be0a00000,0x0000002be0b00000)]
  0x000001ef7f05d350 JavaThread "Signal Dispatcher" daemon [_thread_blocked, id=6528, stack(0x0000002be0b00000,0x0000002be0c00000)]
  0x000001ef7f05d830 JavaThread "Attach Listener" daemon [_thread_blocked, id=10852, stack(0x0000002be0c00000,0x0000002be0d00000)]
  0x000001ef7f05dd10 JavaThread "Service Thread" daemon [_thread_blocked, id=18788, stack(0x0000002be0d00000,0x0000002be0e00000)]
  0x000001ef7f05e1f0 JavaThread "Monitor Deflation Thread" daemon [_thread_blocked, id=14040, stack(0x0000002be0e00000,0x0000002be0f00000)]
=>0x000001ef7f062ac0 JavaThread "C2 CompilerThread0" daemon [_thread_in_native, id=8664, stack(0x0000002be0f00000,0x0000002be1000000)]
  0x000001ef7f063090 JavaThread "C1 CompilerThread0" daemon [_thread_blocked, id=15928, stack(0x0000002be1000000,0x0000002be1100000)]
  0x000001ef7f0635b0 JavaThread "Sweeper thread" daemon [_thread_blocked, id=20172, stack(0x0000002be1100000,0x0000002be1200000)]
  0x000001ef4b0e3210 JavaThread "Common-Cleaner" daemon [_thread_blocked, id=25564, stack(0x0000002be1200000,0x0000002be1300000)]
  0x000001ef4b0ebf30 JavaThread "Notification Thread" daemon [_thread_blocked, id=5580, stack(0x0000002be1300000,0x0000002be1400000)]
  0x000001ef4c1a0eb0 JavaThread "Thread-1" daemon [_thread_blocked, id=11776, stack(0x0000002be1d00000,0x0000002be1e00000)]

Other Threads:
  0x000001ef7f03e100 VMThread "VM Thread" [stack: 0x0000002be0800000,0x0000002be0900000] [id=12632]
  0x000001ef64dab9b0 WatcherThread [stack: 0x0000002be1400000,0x0000002be1500000] [id=10136]
  0x000001ef64d7f6e0 GCTaskThread "GC Thread#0" [stack: 0x0000002be0300000,0x0000002be0400000] [id=11588]
  0x000001ef4b301510 GCTaskThread "GC Thread#1" [stack: 0x0000002be1700000,0x0000002be1800000] [id=1744]
  0x000001ef4bcf0b60 GCTaskThread "GC Thread#2" [stack: 0x0000002be1800000,0x0000002be1900000] [id=22684]
  0x000001ef4bb65540 GCTaskThread "GC Thread#3" [stack: 0x0000002be1900000,0x0000002be1a00000] [id=10184]
  0x000001ef4bb65800 GCTaskThread "GC Thread#4" [stack: 0x0000002be1a00000,0x0000002be1b00000] [id=23500]
  0x000001ef4bc35070 GCTaskThread "GC Thread#5" [stack: 0x0000002be1b00000,0x0000002be1c00000] [id=24844]
  0x000001ef4bc45340 GCTaskThread "GC Thread#6" [stack: 0x0000002be1c00000,0x0000002be1d00000] [id=24852]
  0x000001ef4bcf13d0 GCTaskThread "GC Thread#7" [stack: 0x0000002be1500000,0x0000002be1600000] [id=13276]
  0x000001ef4bcf1690 GCTaskThread "GC Thread#8" [stack: 0x0000002be1600000,0x0000002be1700000] [id=24620]
  0x000001ef4bf09dd0 GCTaskThread "GC Thread#9" [stack: 0x0000002be1f00000,0x0000002be2000000] [id=19728]
  0x000001ef64d903c0 ConcurrentGCThread "G1 Main Marker" [stack: 0x0000002be0400000,0x0000002be0500000] [id=20580]
  0x000001ef64d90dd0 ConcurrentGCThread "G1 Conc#0" [stack: 0x0000002be0500000,0x0000002be0600000] [id=8252]
  0x000001ef4d3b0d90 ConcurrentGCThread "G1 Conc#1" [stack: 0x0000000000000000,0x0000000000000000] [id=24948]
  0x000001ef4ce33000 ConcurrentGCThread "G1 Conc#2" [stack: 0x0000000000000000,0x0000000000000000] [id=23328]
  0x000001ef64deea60 ConcurrentGCThread "G1 Refine#0" [stack: 0x0000002be0600000,0x0000002be0700000] [id=18072]
  0x000001ef7ef00540 ConcurrentGCThread "G1 Service" [stack: 0x0000002be0700000,0x0000002be0800000] [id=22212]

Threads with active compile tasks:
C2 CompilerThread0    14293 5052       4       jdk.internal.org.objectweb.asm.Frame::execute (2305 bytes)

VM state: not at safepoint (normal execution)

VM Mutex/Monitor currently owned by a thread: None

Heap address: 0x0000000089400000, size: 1900 MB, Compressed Oops mode: 32-bit

CDS archive(s) mapped at: [0x000001ef06000000-0x000001ef06bd0000-0x000001ef06bd0000), size 12386304, SharedBaseAddress: 0x000001ef06000000, ArchiveRelocationMode: 1.
Compressed class space mapped at: 0x000001ef07000000-0x000001ef47000000, reserved size: 1073741824
Narrow klass base: 0x000001ef06000000, Narrow klass shift: 0, Narrow klass range: 0x100000000

GC Precious Log:
 CPUs: 12 total, 12 available
 Memory: 7597M
 Large Page Support: Disabled
 NUMA Support: Disabled
 Compressed Oops: Enabled (32-bit)
 Heap Region Size: 1M
 Heap Min Capacity: 8M
 Heap Initial Capacity: 120M
 Heap Max Capacity: 1900M
 Pre-touch: Disabled
 Parallel Workers: 10
 Concurrent Workers: 3
 Concurrent Refinement Workers: 10
 Periodic GC: Disabled

Heap:
 garbage-first heap   total 304128K, used 25664K [0x0000000089400000, 0x0000000100000000)
  region size 1024K, 9 young (9216K), 7 survivors (7168K)
 Metaspace       used 21210K, committed 21568K, reserved 1114112K
  class space    used 2256K, committed 2432K, reserved 1048576K

Heap Regions: E=young(eden), S=young(survivor), O=old, HS=humongous(starts), HC=humongous(continues), CS=collection set, F=free, OA=open archive, CA=closed archive, TAMS=top-at-mark-start (previous, next)
|   0|0x0000000089400000, 0x0000000089500000, 0x0000000089500000|100%| O|  |TAMS 0x0000000089400000, 0x0000000089500000| Untracked 
|   1|0x0000000089500000, 0x0000000089600000, 0x0000000089600000|100%| O|  |TAMS 0x0000000089500000, 0x0000000089600000| Untracked 
|   2|0x0000000089600000, 0x0000000089700000, 0x0000000089700000|100%| O|  |TAMS 0x0000000089600000, 0x0000000089700000| Untracked 
|   3|0x0000000089700000, 0x0000000089800000, 0x0000000089800000|100%| O|  |TAMS 0x0000000089700000, 0x0000000089800000| Untracked 
|   4|0x0000000089800000, 0x0000000089900000, 0x0000000089900000|100%| O|  |TAMS 0x0000000089800000, 0x0000000089900000| Untracked 
|   5|0x0000000089900000, 0x0000000089a00000, 0x0000000089a00000|100%| O|  |TAMS 0x0000000089900000, 0x0000000089a00000| Untracked 
|   6|0x0000000089a00000, 0x0000000089b00000, 0x0000000089b00000|100%| O|  |TAMS 0x0000000089a00000, 0x0000000089b00000| Untracked 
|   7|0x0000000089b00000, 0x0000000089c00000, 0x0000000089c00000|100%| O|  |TAMS 0x0000000089b00000, 0x0000000089c00000| Untracked 
|   8|0x0000000089c00000, 0x0000000089d00000, 0x0000000089d00000|100%| O|  |TAMS 0x0000000089c00000, 0x0000000089d00000| Untracked 
|   9|0x0000000089d00000, 0x0000000089e00000, 0x0000000089e00000|100%| O|  |TAMS 0x0000000089d00000, 0x0000000089e00000| Untracked 
|  10|0x0000000089e00000, 0x0000000089f00000, 0x0000000089f00000|100%| O|  |TAMS 0x0000000089e00000, 0x0000000089f00000| Untracked 
|  11|0x0000000089f00000, 0x000000008a000000, 0x000000008a000000|100%| O|  |TAMS 0x0000000089f00000, 0x000000008a000000| Untracked 
|  12|0x000000008a000000, 0x000000008a100000, 0x000000008a100000|100%| O|  |TAMS 0x000000008a000000, 0x000000008a100000| Untracked 
|  13|0x000000008a100000, 0x000000008a132c00, 0x000000008a200000| 19%| O|  |TAMS 0x000000008a100000, 0x000000008a132c00| Untracked 
|  14|0x000000008a200000, 0x000000008a200000, 0x000000008a300000|  0%| F|  |TAMS 0x000000008a200000, 0x000000008a200000| Untracked 
|  15|0x000000008a300000, 0x000000008a300000, 0x000000008a400000|  0%| F|  |TAMS 0x000000008a300000, 0x000000008a300000| Untracked 
|  16|0x000000008a400000, 0x000000008a400000, 0x000000008a500000|  0%| F|  |TAMS 0x000000008a400000, 0x000000008a400000| Untracked 
|  17|0x000000008a500000, 0x000000008a500000, 0x000000008a600000|  0%| F|  |TAMS 0x000000008a500000, 0x000000008a500000| Untracked 
|  18|0x000000008a600000, 0x000000008a600000, 0x000000008a700000|  0%| F|  |TAMS 0x000000008a600000, 0x000000008a600000| Untracked 
|  19|0x000000008a700000, 0x000000008a700000, 0x000000008a800000|  0%| F|  |TAMS 0x000000008a700000, 0x000000008a700000| Untracked 
|  20|0x000000008a800000, 0x000000008a800000, 0x000000008a900000|  0%| F|  |TAMS 0x000000008a800000, 0x000000008a800000| Untracked 
|  21|0x000000008a900000, 0x000000008a900000, 0x000000008aa00000|  0%| F|  |TAMS 0x000000008a900000, 0x000000008a900000| Untracked 
|  22|0x000000008aa00000, 0x000000008aa00000, 0x000000008ab00000|  0%| F|  |TAMS 0x000000008aa00000, 0x000000008aa00000| Untracked 
|  23|0x000000008ab00000, 0x000000008ab00000, 0x000000008ac00000|  0%| F|  |TAMS 0x000000008ab00000, 0x000000008ab00000| Untracked 
|  24|0x000000008ac00000, 0x000000008ac00000, 0x000000008ad00000|  0%| F|  |TAMS 0x000000008ac00000, 0x000000008ac00000| Untracked 
|  25|0x000000008ad00000, 0x000000008ad00000, 0x000000008ae00000|  0%| F|  |TAMS 0x000000008ad00000, 0x000000008ad00000| Untracked 
|  26|0x000000008ae00000, 0x000000008ae00000, 0x000000008af00000|  0%| F|  |TAMS 0x000000008ae00000, 0x000000008ae00000| Untracked 
|  27|0x000000008af00000, 0x000000008af00000, 0x000000008b000000|  0%| F|  |TAMS 0x000000008af00000, 0x000000008af00000| Untracked 
|  28|0x000000008b000000, 0x000000008b000000, 0x000000008b100000|  0%| F|  |TAMS 0x000000008b000000, 0x000000008b000000| Untracked 
|  29|0x000000008b100000, 0x000000008b100000, 0x000000008b200000|  0%| F|  |TAMS 0x000000008b100000, 0x000000008b100000| Untracked 
|  30|0x000000008b200000, 0x000000008b200000, 0x000000008b300000|  0%| F|  |TAMS 0x000000008b200000, 0x000000008b200000| Untracked 
|  31|0x000000008b300000, 0x000000008b300000, 0x000000008b400000|  0%| F|  |TAMS 0x000000008b300000, 0x000000008b300000| Untracked 
|  32|0x000000008b400000, 0x000000008b400000, 0x000000008b500000|  0%| F|  |TAMS 0x000000008b400000, 0x000000008b400000| Untracked 
|  33|0x000000008b500000, 0x000000008b500000, 0x000000008b600000|  0%| F|  |TAMS 0x000000008b500000, 0x000000008b500000| Untracked 
|  34|0x000000008b600000, 0x000000008b600000, 0x000000008b700000|  0%| F|  |TAMS 0x000000008b600000, 0x000000008b600000| Untracked 
|  35|0x000000008b700000, 0x000000008b700000, 0x000000008b800000|  0%| F|  |TAMS 0x000000008b700000, 0x000000008b700000| Untracked 
|  36|0x000000008b800000, 0x000000008b800000, 0x000000008b900000|  0%| F|  |TAMS 0x000000008b800000, 0x000000008b800000| Untracked 
|  37|0x000000008b900000, 0x000000008b900000, 0x000000008ba00000|  0%| F|  |TAMS 0x000000008b900000, 0x000000008b900000| Untracked 
|  38|0x000000008ba00000, 0x000000008bb00000, 0x000000008bb00000|100%|HS|  |TAMS 0x000000008ba00000, 0x000000008bb00000| Complete 
|  39|0x000000008bb00000, 0x000000008bc00000, 0x000000008bc00000|100%|HC|  |TAMS 0x000000008bb00000, 0x000000008bc00000| Complete 
|  40|0x000000008bc00000, 0x000000008bd00000, 0x000000008bd00000|100%|HC|  |TAMS 0x000000008bc00000, 0x000000008bd00000| Complete 
|  41|0x000000008bd00000, 0x000000008be00000, 0x000000008be00000|100%|HC|  |TAMS 0x000000008bd00000, 0x000000008be00000| Complete 
|  42|0x000000008be00000, 0x000000008be00000, 0x000000008bf00000|  0%| F|  |TAMS 0x000000008be00000, 0x000000008be00000| Untracked 
|  43|0x000000008bf00000, 0x000000008bf00000, 0x000000008c000000|  0%| F|  |TAMS 0x000000008bf00000, 0x000000008bf00000| Untracked 
|  44|0x000000008c000000, 0x000000008c000000, 0x000000008c100000|  0%| F|  |TAMS 0x000000008c000000, 0x000000008c000000| Untracked 
|  45|0x000000008c100000, 0x000000008c100000, 0x000000008c200000|  0%| F|  |TAMS 0x000000008c100000, 0x000000008c100000| Untracked 
|  46|0x000000008c200000, 0x000000008c200000, 0x000000008c300000|  0%| F|  |TAMS 0x000000008c200000, 0x000000008c200000| Untracked 
|  47|0x000000008c300000, 0x000000008c300000, 0x000000008c400000|  0%| F|  |TAMS 0x000000008c300000, 0x000000008c300000| Untracked 
|  48|0x000000008c400000, 0x000000008c400000, 0x000000008c500000|  0%| F|  |TAMS 0x000000008c400000, 0x000000008c400000| Untracked 
|  49|0x000000008c500000, 0x000000008c500000, 0x000000008c600000|  0%| F|  |TAMS 0x000000008c500000, 0x000000008c500000| Untracked 
|  50|0x000000008c600000, 0x000000008c600000, 0x000000008c700000|  0%| F|  |TAMS 0x000000008c600000, 0x000000008c600000| Untracked 
|  51|0x000000008c700000, 0x000000008c700000, 0x000000008c800000|  0%| F|  |TAMS 0x000000008c700000, 0x000000008c700000| Untracked 
|  52|0x000000008c800000, 0x000000008c800000, 0x000000008c900000|  0%| F|  |TAMS 0x000000008c800000, 0x000000008c800000| Untracked 
|  53|0x000000008c900000, 0x000000008c900000, 0x000000008ca00000|  0%| F|  |TAMS 0x000000008c900000, 0x000000008c900000| Untracked 
|  54|0x000000008ca00000, 0x000000008ca00000, 0x000000008cb00000|  0%| F|  |TAMS 0x000000008ca00000, 0x000000008ca00000| Untracked 
|  55|0x000000008cb00000, 0x000000008cb00000, 0x000000008cc00000|  0%| F|  |TAMS 0x000000008cb00000, 0x000000008cb00000| Untracked 
|  56|0x000000008cc00000, 0x000000008cc00000, 0x000000008cd00000|  0%| F|  |TAMS 0x000000008cc00000, 0x000000008cc00000| Untracked 
|  57|0x000000008cd00000, 0x000000008cd00000, 0x000000008ce00000|  0%| F|  |TAMS 0x000000008cd00000, 0x000000008cd00000| Untracked 
|  58|0x000000008ce00000, 0x000000008ce00000, 0x000000008cf00000|  0%| F|  |TAMS 0x000000008ce00000, 0x000000008ce00000| Untracked 
|  59|0x000000008cf00000, 0x000000008cf00000, 0x000000008d000000|  0%| F|  |TAMS 0x000000008cf00000, 0x000000008cf00000| Untracked 
|  60|0x000000008d000000, 0x000000008d000000, 0x000000008d100000|  0%| F|  |TAMS 0x000000008d000000, 0x000000008d000000| Untracked 
|  61|0x000000008d100000, 0x000000008d100000, 0x000000008d200000|  0%| F|  |TAMS 0x000000008d100000, 0x000000008d100000| Untracked 
|  62|0x000000008d200000, 0x000000008d200000, 0x000000008d300000|  0%| F|  |TAMS 0x000000008d200000, 0x000000008d200000| Untracked 
|  63|0x000000008d300000, 0x000000008d300000, 0x000000008d400000|  0%| F|  |TAMS 0x000000008d300000, 0x000000008d300000| Untracked 
|  64|0x000000008d400000, 0x000000008d400000, 0x000000008d500000|  0%| F|  |TAMS 0x000000008d400000, 0x000000008d400000| Untracked 
|  65|0x000000008d500000, 0x000000008d500000, 0x000000008d600000|  0%| F|  |TAMS 0x000000008d500000, 0x000000008d500000| Untracked 
|  66|0x000000008d600000, 0x000000008d600000, 0x000000008d700000|  0%| F|  |TAMS 0x000000008d600000, 0x000000008d600000| Untracked 
|  67|0x000000008d700000, 0x000000008d700000, 0x000000008d800000|  0%| F|  |TAMS 0x000000008d700000, 0x000000008d700000| Untracked 
|  68|0x000000008d800000, 0x000000008d800000, 0x000000008d900000|  0%| F|  |TAMS 0x000000008d800000, 0x000000008d800000| Untracked 
|  69|0x000000008d900000, 0x000000008d900000, 0x000000008da00000|  0%| F|  |TAMS 0x000000008d900000, 0x000000008d900000| Untracked 
|  70|0x000000008da00000, 0x000000008da00000, 0x000000008db00000|  0%| F|  |TAMS 0x000000008da00000, 0x000000008da00000| Untracked 
|  71|0x000000008db00000, 0x000000008db00000, 0x000000008dc00000|  0%| F|  |TAMS 0x000000008db00000, 0x000000008db00000| Untracked 
|  72|0x000000008dc00000, 0x000000008dc00000, 0x000000008dd00000|  0%| F|  |TAMS 0x000000008dc00000, 0x000000008dc00000| Untracked 
|  73|0x000000008dd00000, 0x000000008dd00000, 0x000000008de00000|  0%| F|  |TAMS 0x000000008dd00000, 0x000000008dd00000| Untracked 
|  74|0x000000008de00000, 0x000000008de00000, 0x000000008df00000|  0%| F|  |TAMS 0x000000008de00000, 0x000000008de00000| Untracked 
|  75|0x000000008df00000, 0x000000008df00000, 0x000000008e000000|  0%| F|  |TAMS 0x000000008df00000, 0x000000008df00000| Untracked 
|  76|0x000000008e000000, 0x000000008e000000, 0x000000008e100000|  0%| F|  |TAMS 0x000000008e000000, 0x000000008e000000| Untracked 
|  77|0x000000008e100000, 0x000000008e100000, 0x000000008e200000|  0%| F|  |TAMS 0x000000008e100000, 0x000000008e100000| Untracked 
|  78|0x000000008e200000, 0x000000008e200000, 0x000000008e300000|  0%| F|  |TAMS 0x000000008e200000, 0x000000008e200000| Untracked 
|  79|0x000000008e300000, 0x000000008e300000, 0x000000008e400000|  0%| F|  |TAMS 0x000000008e300000, 0x000000008e300000| Untracked 
|  80|0x000000008e400000, 0x000000008e400000, 0x000000008e500000|  0%| F|  |TAMS 0x000000008e400000, 0x000000008e400000| Untracked 
|  81|0x000000008e500000, 0x000000008e500000, 0x000000008e600000|  0%| F|  |TAMS 0x000000008e500000, 0x000000008e500000| Untracked 
|  82|0x000000008e600000, 0x000000008e600000, 0x000000008e700000|  0%| F|  |TAMS 0x000000008e600000, 0x000000008e600000| Untracked 
|  83|0x000000008e700000, 0x000000008e700000, 0x000000008e800000|  0%| F|  |TAMS 0x000000008e700000, 0x000000008e700000| Untracked 
|  84|0x000000008e800000, 0x000000008e800000, 0x000000008e900000|  0%| F|  |TAMS 0x000000008e800000, 0x000000008e800000| Untracked 
|  85|0x000000008e900000, 0x000000008e900000, 0x000000008ea00000|  0%| F|  |TAMS 0x000000008e900000, 0x000000008e900000| Untracked 
|  86|0x000000008ea00000, 0x000000008ea00000, 0x000000008eb00000|  0%| F|  |TAMS 0x000000008ea00000, 0x000000008ea00000| Untracked 
|  87|0x000000008eb00000, 0x000000008eb00000, 0x000000008ec00000|  0%| F|  |TAMS 0x000000008eb00000, 0x000000008eb00000| Untracked 
|  88|0x000000008ec00000, 0x000000008ec00000, 0x000000008ed00000|  0%| F|  |TAMS 0x000000008ec00000, 0x000000008ec00000| Untracked 
|  89|0x000000008ed00000, 0x000000008ed00000, 0x000000008ee00000|  0%| F|  |TAMS 0x000000008ed00000, 0x000000008ed00000| Untracked 
|  90|0x000000008ee00000, 0x000000008ee00000, 0x000000008ef00000|  0%| F|  |TAMS 0x000000008ee00000, 0x000000008ee00000| Untracked 
|  91|0x000000008ef00000, 0x000000008ef00000, 0x000000008f000000|  0%| F|  |TAMS 0x000000008ef00000, 0x000000008ef00000| Untracked 
|  92|0x000000008f000000, 0x000000008f000000, 0x000000008f100000|  0%| F|  |TAMS 0x000000008f000000, 0x000000008f000000| Untracked 
|  93|0x000000008f100000, 0x000000008f100000, 0x000000008f200000|  0%| F|  |TAMS 0x000000008f100000, 0x000000008f100000| Untracked 
|  94|0x000000008f200000, 0x000000008f200000, 0x000000008f300000|  0%| F|  |TAMS 0x000000008f200000, 0x000000008f200000| Untracked 
|  95|0x000000008f300000, 0x000000008f300000, 0x000000008f400000|  0%| F|  |TAMS 0x000000008f300000, 0x000000008f300000| Untracked 
|  96|0x000000008f400000, 0x000000008f400000, 0x000000008f500000|  0%| F|  |TAMS 0x000000008f400000, 0x000000008f400000| Untracked 
|  97|0x000000008f500000, 0x000000008f500000, 0x000000008f600000|  0%| F|  |TAMS 0x000000008f500000, 0x000000008f500000| Untracked 
|  98|0x000000008f600000, 0x000000008f600000, 0x000000008f700000|  0%| F|  |TAMS 0x000000008f600000, 0x000000008f600000| Untracked 
|  99|0x000000008f700000, 0x000000008f700000, 0x000000008f800000|  0%| F|  |TAMS 0x000000008f700000, 0x000000008f700000| Untracked 
| 100|0x000000008f800000, 0x000000008f800000, 0x000000008f900000|  0%| F|  |TAMS 0x000000008f800000, 0x000000008f800000| Untracked 
| 101|0x000000008f900000, 0x000000008f900000, 0x000000008fa00000|  0%| F|  |TAMS 0x000000008f900000, 0x000000008f900000| Untracked 
| 102|0x000000008fa00000, 0x000000008fa00000, 0x000000008fb00000|  0%| F|  |TAMS 0x000000008fa00000, 0x000000008fa00000| Untracked 
| 103|0x000000008fb00000, 0x000000008fb00000, 0x000000008fc00000|  0%| F|  |TAMS 0x000000008fb00000, 0x000000008fb00000| Untracked 
| 104|0x000000008fc00000, 0x000000008fc00000, 0x000000008fd00000|  0%| F|  |TAMS 0x000000008fc00000, 0x000000008fc00000| Untracked 
| 105|0x000000008fd00000, 0x000000008fd00000, 0x000000008fe00000|  0%| F|  |TAMS 0x000000008fd00000, 0x000000008fd00000| Untracked 
| 106|0x000000008fe00000, 0x000000008fe00000, 0x000000008ff00000|  0%| F|  |TAMS 0x000000008fe00000, 0x000000008fe00000| Untracked 
| 107|0x000000008ff00000, 0x000000008ff00000, 0x0000000090000000|  0%| F|  |TAMS 0x000000008ff00000, 0x000000008ff00000| Untracked 
| 108|0x0000000090000000, 0x0000000090000000, 0x0000000090100000|  0%| F|  |TAMS 0x0000000090000000, 0x0000000090000000| Untracked 
| 109|0x0000000090100000, 0x0000000090100000, 0x0000000090200000|  0%| F|  |TAMS 0x0000000090100000, 0x0000000090100000| Untracked 
| 110|0x0000000090200000, 0x0000000090200000, 0x0000000090300000|  0%| F|  |TAMS 0x0000000090200000, 0x0000000090200000| Untracked 
| 111|0x0000000090300000, 0x0000000090300000, 0x0000000090400000|  0%| F|  |TAMS 0x0000000090300000, 0x0000000090300000| Untracked 
| 112|0x0000000090400000, 0x0000000090400000, 0x0000000090500000|  0%| F|  |TAMS 0x0000000090400000, 0x0000000090400000| Untracked 
| 113|0x0000000090500000, 0x0000000090500000, 0x0000000090600000|  0%| F|  |TAMS 0x0000000090500000, 0x0000000090500000| Untracked 
| 114|0x0000000090600000, 0x0000000090600000, 0x0000000090700000|  0%| F|  |TAMS 0x0000000090600000, 0x0000000090600000| Untracked 
| 115|0x0000000090700000, 0x0000000090700000, 0x0000000090800000|  0%| F|  |TAMS 0x0000000090700000, 0x0000000090700000| Untracked 
| 116|0x0000000090800000, 0x0000000090800000, 0x0000000090900000|  0%| F|  |TAMS 0x0000000090800000, 0x0000000090800000| Untracked 
| 117|0x0000000090900000, 0x0000000090900000, 0x0000000090a00000|  0%| F|  |TAMS 0x0000000090900000, 0x0000000090900000| Untracked 
| 118|0x0000000090a00000, 0x0000000090a00000, 0x0000000090b00000|  0%| F|  |TAMS 0x0000000090a00000, 0x0000000090a00000| Untracked 
| 119|0x0000000090b00000, 0x0000000090b00000, 0x0000000090c00000|  0%| F|  |TAMS 0x0000000090b00000, 0x0000000090b00000| Untracked 
| 120|0x0000000090c00000, 0x0000000090c00000, 0x0000000090d00000|  0%| F|  |TAMS 0x0000000090c00000, 0x0000000090c00000| Untracked 
| 121|0x0000000090d00000, 0x0000000090d00000, 0x0000000090e00000|  0%| F|  |TAMS 0x0000000090d00000, 0x0000000090d00000| Untracked 
| 122|0x0000000090e00000, 0x0000000090e00000, 0x0000000090f00000|  0%| F|  |TAMS 0x0000000090e00000, 0x0000000090e00000| Untracked 
| 123|0x0000000090f00000, 0x0000000090f00000, 0x0000000091000000|  0%| F|  |TAMS 0x0000000090f00000, 0x0000000090f00000| Untracked 
| 124|0x0000000091000000, 0x0000000091000000, 0x0000000091100000|  0%| F|  |TAMS 0x0000000091000000, 0x0000000091000000| Untracked 
| 125|0x0000000091100000, 0x0000000091100000, 0x0000000091200000|  0%| F|  |TAMS 0x0000000091100000, 0x0000000091100000| Untracked 
| 126|0x0000000091200000, 0x0000000091200000, 0x0000000091300000|  0%| F|  |TAMS 0x0000000091200000, 0x0000000091200000| Untracked 
| 127|0x0000000091300000, 0x0000000091300000, 0x0000000091400000|  0%| F|  |TAMS 0x0000000091300000, 0x0000000091300000| Untracked 
| 128|0x0000000091400000, 0x0000000091400000, 0x0000000091500000|  0%| F|  |TAMS 0x0000000091400000, 0x0000000091400000| Untracked 
| 129|0x0000000091500000, 0x0000000091500000, 0x0000000091600000|  0%| F|  |TAMS 0x0000000091500000, 0x0000000091500000| Untracked 
| 130|0x0000000091600000, 0x0000000091600000, 0x0000000091700000|  0%| F|  |TAMS 0x0000000091600000, 0x0000000091600000| Untracked 
| 131|0x0000000091700000, 0x0000000091700000, 0x0000000091800000|  0%| F|  |TAMS 0x0000000091700000, 0x0000000091700000| Untracked 
| 132|0x0000000091800000, 0x0000000091800000, 0x0000000091900000|  0%| F|  |TAMS 0x0000000091800000, 0x0000000091800000| Untracked 
| 133|0x0000000091900000, 0x0000000091900000, 0x0000000091a00000|  0%| F|  |TAMS 0x0000000091900000, 0x0000000091900000| Untracked 
| 134|0x0000000091a00000, 0x0000000091a00000, 0x0000000091b00000|  0%| F|  |TAMS 0x0000000091a00000, 0x0000000091a00000| Untracked 
| 135|0x0000000091b00000, 0x0000000091b00000, 0x0000000091c00000|  0%| F|  |TAMS 0x0000000091b00000, 0x0000000091b00000| Untracked 
| 136|0x0000000091c00000, 0x0000000091c00000, 0x0000000091d00000|  0%| F|  |TAMS 0x0000000091c00000, 0x0000000091c00000| Untracked 
| 137|0x0000000091d00000, 0x0000000091d00000, 0x0000000091e00000|  0%| F|  |TAMS 0x0000000091d00000, 0x0000000091d00000| Untracked 
| 138|0x0000000091e00000, 0x0000000091e00000, 0x0000000091f00000|  0%| F|  |TAMS 0x0000000091e00000, 0x0000000091e00000| Untracked 
| 139|0x0000000091f00000, 0x0000000091f00000, 0x0000000092000000|  0%| F|  |TAMS 0x0000000091f00000, 0x0000000091f00000| Untracked 
| 140|0x0000000092000000, 0x0000000092000000, 0x0000000092100000|  0%| F|  |TAMS 0x0000000092000000, 0x0000000092000000| Untracked 
| 141|0x0000000092100000, 0x0000000092100000, 0x0000000092200000|  0%| F|  |TAMS 0x0000000092100000, 0x0000000092100000| Untracked 
| 142|0x0000000092200000, 0x0000000092200000, 0x0000000092300000|  0%| F|  |TAMS 0x0000000092200000, 0x0000000092200000| Untracked 
| 143|0x0000000092300000, 0x0000000092300000, 0x0000000092400000|  0%| F|  |TAMS 0x0000000092300000, 0x0000000092300000| Untracked 
| 144|0x0000000092400000, 0x0000000092400000, 0x0000000092500000|  0%| F|  |TAMS 0x0000000092400000, 0x0000000092400000| Untracked 
| 145|0x0000000092500000, 0x0000000092500000, 0x0000000092600000|  0%| F|  |TAMS 0x0000000092500000, 0x0000000092500000| Untracked 
| 146|0x0000000092600000, 0x0000000092600000, 0x0000000092700000|  0%| F|  |TAMS 0x0000000092600000, 0x0000000092600000| Untracked 
| 147|0x0000000092700000, 0x0000000092700000, 0x0000000092800000|  0%| F|  |TAMS 0x0000000092700000, 0x0000000092700000| Untracked 
| 148|0x0000000092800000, 0x0000000092800000, 0x0000000092900000|  0%| F|  |TAMS 0x0000000092800000, 0x0000000092800000| Untracked 
| 149|0x0000000092900000, 0x0000000092900000, 0x0000000092a00000|  0%| F|  |TAMS 0x0000000092900000, 0x0000000092900000| Untracked 
| 150|0x0000000092a00000, 0x0000000092a00000, 0x0000000092b00000|  0%| F|  |TAMS 0x0000000092a00000, 0x0000000092a00000| Untracked 
| 151|0x0000000092b00000, 0x0000000092b00000, 0x0000000092c00000|  0%| F|  |TAMS 0x0000000092b00000, 0x0000000092b00000| Untracked 
| 152|0x0000000092c00000, 0x0000000092c00000, 0x0000000092d00000|  0%| F|  |TAMS 0x0000000092c00000, 0x0000000092c00000| Untracked 
| 153|0x0000000092d00000, 0x0000000092d00000, 0x0000000092e00000|  0%| F|  |TAMS 0x0000000092d00000, 0x0000000092d00000| Untracked 
| 154|0x0000000092e00000, 0x0000000092e00000, 0x0000000092f00000|  0%| F|  |TAMS 0x0000000092e00000, 0x0000000092e00000| Untracked 
| 155|0x0000000092f00000, 0x0000000092f00000, 0x0000000093000000|  0%| F|  |TAMS 0x0000000092f00000, 0x0000000092f00000| Untracked 
| 156|0x0000000093000000, 0x0000000093000000, 0x0000000093100000|  0%| F|  |TAMS 0x0000000093000000, 0x0000000093000000| Untracked 
| 157|0x0000000093100000, 0x0000000093100000, 0x0000000093200000|  0%| F|  |TAMS 0x0000000093100000, 0x0000000093100000| Untracked 
| 158|0x0000000093200000, 0x0000000093200000, 0x0000000093300000|  0%| F|  |TAMS 0x0000000093200000, 0x0000000093200000| Untracked 
| 159|0x0000000093300000, 0x0000000093300000, 0x0000000093400000|  0%| F|  |TAMS 0x0000000093300000, 0x0000000093300000| Untracked 
| 160|0x0000000093400000, 0x0000000093400000, 0x0000000093500000|  0%| F|  |TAMS 0x0000000093400000, 0x0000000093400000| Untracked 
| 161|0x0000000093500000, 0x0000000093500000, 0x0000000093600000|  0%| F|  |TAMS 0x0000000093500000, 0x0000000093500000| Untracked 
| 162|0x0000000093600000, 0x0000000093600000, 0x0000000093700000|  0%| F|  |TAMS 0x0000000093600000, 0x0000000093600000| Untracked 
| 163|0x0000000093700000, 0x0000000093700000, 0x0000000093800000|  0%| F|  |TAMS 0x0000000093700000, 0x0000000093700000| Untracked 
| 164|0x0000000093800000, 0x0000000093800000, 0x0000000093900000|  0%| F|  |TAMS 0x0000000093800000, 0x0000000093800000| Untracked 
| 165|0x0000000093900000, 0x0000000093900000, 0x0000000093a00000|  0%| F|  |TAMS 0x0000000093900000, 0x0000000093900000| Untracked 
| 166|0x0000000093a00000, 0x0000000093a00000, 0x0000000093b00000|  0%| F|  |TAMS 0x0000000093a00000, 0x0000000093a00000| Untracked 
| 167|0x0000000093b00000, 0x0000000093b00000, 0x0000000093c00000|  0%| F|  |TAMS 0x0000000093b00000, 0x0000000093b00000| Untracked 
| 168|0x0000000093c00000, 0x0000000093c00000, 0x0000000093d00000|  0%| F|  |TAMS 0x0000000093c00000, 0x0000000093c00000| Untracked 
| 169|0x0000000093d00000, 0x0000000093d00000, 0x0000000093e00000|  0%| F|  |TAMS 0x0000000093d00000, 0x0000000093d00000| Untracked 
| 170|0x0000000093e00000, 0x0000000093e00000, 0x0000000093f00000|  0%| F|  |TAMS 0x0000000093e00000, 0x0000000093e00000| Untracked 
| 171|0x0000000093f00000, 0x0000000093f00000, 0x0000000094000000|  0%| F|  |TAMS 0x0000000093f00000, 0x0000000093f00000| Untracked 
| 172|0x0000000094000000, 0x0000000094000000, 0x0000000094100000|  0%| F|  |TAMS 0x0000000094000000, 0x0000000094000000| Untracked 
| 173|0x0000000094100000, 0x0000000094100000, 0x0000000094200000|  0%| F|  |TAMS 0x0000000094100000, 0x0000000094100000| Untracked 
| 174|0x0000000094200000, 0x0000000094200000, 0x0000000094300000|  0%| F|  |TAMS 0x0000000094200000, 0x0000000094200000| Untracked 
| 175|0x0000000094300000, 0x0000000094300000, 0x0000000094400000|  0%| F|  |TAMS 0x0000000094300000, 0x0000000094300000| Untracked 
| 176|0x0000000094400000, 0x0000000094400000, 0x0000000094500000|  0%| F|  |TAMS 0x0000000094400000, 0x0000000094400000| Untracked 
| 177|0x0000000094500000, 0x0000000094500000, 0x0000000094600000|  0%| F|  |TAMS 0x0000000094500000, 0x0000000094500000| Untracked 
| 178|0x0000000094600000, 0x0000000094600000, 0x0000000094700000|  0%| F|  |TAMS 0x0000000094600000, 0x0000000094600000| Untracked 
| 179|0x0000000094700000, 0x0000000094700000, 0x0000000094800000|  0%| F|  |TAMS 0x0000000094700000, 0x0000000094700000| Untracked 
| 180|0x0000000094800000, 0x0000000094800000, 0x0000000094900000|  0%| F|  |TAMS 0x0000000094800000, 0x0000000094800000| Untracked 
| 181|0x0000000094900000, 0x0000000094900000, 0x0000000094a00000|  0%| F|  |TAMS 0x0000000094900000, 0x0000000094900000| Untracked 
| 182|0x0000000094a00000, 0x0000000094a00000, 0x0000000094b00000|  0%| F|  |TAMS 0x0000000094a00000, 0x0000000094a00000| Untracked 
| 183|0x0000000094b00000, 0x0000000094b00000, 0x0000000094c00000|  0%| F|  |TAMS 0x0000000094b00000, 0x0000000094b00000| Untracked 
| 184|0x0000000094c00000, 0x0000000094c00000, 0x0000000094d00000|  0%| F|  |TAMS 0x0000000094c00000, 0x0000000094c00000| Untracked 
| 185|0x0000000094d00000, 0x0000000094d00000, 0x0000000094e00000|  0%| F|  |TAMS 0x0000000094d00000, 0x0000000094d00000| Untracked 
| 186|0x0000000094e00000, 0x0000000094e00000, 0x0000000094f00000|  0%| F|  |TAMS 0x0000000094e00000, 0x0000000094e00000| Untracked 
| 187|0x0000000094f00000, 0x0000000094f00000, 0x0000000095000000|  0%| F|  |TAMS 0x0000000094f00000, 0x0000000094f00000| Untracked 
| 188|0x0000000095000000, 0x0000000095000000, 0x0000000095100000|  0%| F|  |TAMS 0x0000000095000000, 0x0000000095000000| Untracked 
| 189|0x0000000095100000, 0x0000000095100000, 0x0000000095200000|  0%| F|  |TAMS 0x0000000095100000, 0x0000000095100000| Untracked 
| 190|0x0000000095200000, 0x0000000095200000, 0x0000000095300000|  0%| F|  |TAMS 0x0000000095200000, 0x0000000095200000| Untracked 
| 191|0x0000000095300000, 0x0000000095300000, 0x0000000095400000|  0%| F|  |TAMS 0x0000000095300000, 0x0000000095300000| Untracked 
| 192|0x0000000095400000, 0x0000000095400000, 0x0000000095500000|  0%| F|  |TAMS 0x0000000095400000, 0x0000000095400000| Untracked 
| 193|0x0000000095500000, 0x0000000095500000, 0x0000000095600000|  0%| F|  |TAMS 0x0000000095500000, 0x0000000095500000| Untracked 
| 194|0x0000000095600000, 0x0000000095600000, 0x0000000095700000|  0%| F|  |TAMS 0x0000000095600000, 0x0000000095600000| Untracked 
| 195|0x0000000095700000, 0x0000000095700000, 0x0000000095800000|  0%| F|  |TAMS 0x0000000095700000, 0x0000000095700000| Untracked 
| 196|0x0000000095800000, 0x0000000095800000, 0x0000000095900000|  0%| F|  |TAMS 0x0000000095800000, 0x0000000095800000| Untracked 
| 197|0x0000000095900000, 0x0000000095900000, 0x0000000095a00000|  0%| F|  |TAMS 0x0000000095900000, 0x0000000095900000| Untracked 
| 198|0x0000000095a00000, 0x0000000095a00000, 0x0000000095b00000|  0%| F|  |TAMS 0x0000000095a00000, 0x0000000095a00000| Untracked 
| 199|0x0000000095b00000, 0x0000000095b00000, 0x0000000095c00000|  0%| F|  |TAMS 0x0000000095b00000, 0x0000000095b00000| Untracked 
| 200|0x0000000095c00000, 0x0000000095c00000, 0x0000000095d00000|  0%| F|  |TAMS 0x0000000095c00000, 0x0000000095c00000| Untracked 
| 201|0x0000000095d00000, 0x0000000095d00000, 0x0000000095e00000|  0%| F|  |TAMS 0x0000000095d00000, 0x0000000095d00000| Untracked 
| 202|0x0000000095e00000, 0x0000000095e00000, 0x0000000095f00000|  0%| F|  |TAMS 0x0000000095e00000, 0x0000000095e00000| Untracked 
| 203|0x0000000095f00000, 0x0000000095f00000, 0x0000000096000000|  0%| F|  |TAMS 0x0000000095f00000, 0x0000000095f00000| Untracked 
| 204|0x0000000096000000, 0x0000000096000000, 0x0000000096100000|  0%| F|  |TAMS 0x0000000096000000, 0x0000000096000000| Untracked 
| 205|0x0000000096100000, 0x0000000096100000, 0x0000000096200000|  0%| F|  |TAMS 0x0000000096100000, 0x0000000096100000| Untracked 
| 206|0x0000000096200000, 0x0000000096200000, 0x0000000096300000|  0%| F|  |TAMS 0x0000000096200000, 0x0000000096200000| Untracked 
| 207|0x0000000096300000, 0x0000000096300000, 0x0000000096400000|  0%| F|  |TAMS 0x0000000096300000, 0x0000000096300000| Untracked 
| 208|0x0000000096400000, 0x0000000096400000, 0x0000000096500000|  0%| F|  |TAMS 0x0000000096400000, 0x0000000096400000| Untracked 
| 209|0x0000000096500000, 0x0000000096500000, 0x0000000096600000|  0%| F|  |TAMS 0x0000000096500000, 0x0000000096500000| Untracked 
| 210|0x0000000096600000, 0x0000000096600000, 0x0000000096700000|  0%| F|  |TAMS 0x0000000096600000, 0x0000000096600000| Untracked 
| 211|0x0000000096700000, 0x0000000096700000, 0x0000000096800000|  0%| F|  |TAMS 0x0000000096700000, 0x0000000096700000| Untracked 
| 212|0x0000000096800000, 0x0000000096800000, 0x0000000096900000|  0%| F|  |TAMS 0x0000000096800000, 0x0000000096800000| Untracked 
| 213|0x0000000096900000, 0x0000000096900000, 0x0000000096a00000|  0%| F|  |TAMS 0x0000000096900000, 0x0000000096900000| Untracked 
| 214|0x0000000096a00000, 0x0000000096a00000, 0x0000000096b00000|  0%| F|  |TAMS 0x0000000096a00000, 0x0000000096a00000| Untracked 
| 215|0x0000000096b00000, 0x0000000096b00000, 0x0000000096c00000|  0%| F|  |TAMS 0x0000000096b00000, 0x0000000096b00000| Untracked 
| 216|0x0000000096c00000, 0x0000000096c00000, 0x0000000096d00000|  0%| F|  |TAMS 0x0000000096c00000, 0x0000000096c00000| Untracked 
| 217|0x0000000096d00000, 0x0000000096d00000, 0x0000000096e00000|  0%| F|  |TAMS 0x0000000096d00000, 0x0000000096d00000| Untracked 
| 218|0x0000000096e00000, 0x0000000096e00000, 0x0000000096f00000|  0%| F|  |TAMS 0x0000000096e00000, 0x0000000096e00000| Untracked 
| 219|0x0000000096f00000, 0x0000000096f00000, 0x0000000097000000|  0%| F|  |TAMS 0x0000000096f00000, 0x0000000096f00000| Untracked 
| 220|0x0000000097000000, 0x0000000097000000, 0x0000000097100000|  0%| F|  |TAMS 0x0000000097000000, 0x0000000097000000| Untracked 
| 221|0x0000000097100000, 0x0000000097100000, 0x0000000097200000|  0%| F|  |TAMS 0x0000000097100000, 0x0000000097100000| Untracked 
| 222|0x0000000097200000, 0x0000000097200000, 0x0000000097300000|  0%| F|  |TAMS 0x0000000097200000, 0x0000000097200000| Untracked 
| 223|0x0000000097300000, 0x0000000097300000, 0x0000000097400000|  0%| F|  |TAMS 0x0000000097300000, 0x0000000097300000| Untracked 
| 224|0x0000000097400000, 0x0000000097400000, 0x0000000097500000|  0%| F|  |TAMS 0x0000000097400000, 0x0000000097400000| Untracked 
| 225|0x0000000097500000, 0x0000000097500000, 0x0000000097600000|  0%| F|  |TAMS 0x0000000097500000, 0x0000000097500000| Untracked 
| 226|0x0000000097600000, 0x0000000097600000, 0x0000000097700000|  0%| F|  |TAMS 0x0000000097600000, 0x0000000097600000| Untracked 
| 227|0x0000000097700000, 0x0000000097700000, 0x0000000097800000|  0%| F|  |TAMS 0x0000000097700000, 0x0000000097700000| Untracked 
| 228|0x0000000097800000, 0x0000000097800000, 0x0000000097900000|  0%| F|  |TAMS 0x0000000097800000, 0x0000000097800000| Untracked 
| 229|0x0000000097900000, 0x0000000097900000, 0x0000000097a00000|  0%| F|  |TAMS 0x0000000097900000, 0x0000000097900000| Untracked 
| 230|0x0000000097a00000, 0x0000000097a00000, 0x0000000097b00000|  0%| F|  |TAMS 0x0000000097a00000, 0x0000000097a00000| Untracked 
| 231|0x0000000097b00000, 0x0000000097b00000, 0x0000000097c00000|  0%| F|  |TAMS 0x0000000097b00000, 0x0000000097b00000| Untracked 
| 232|0x0000000097c00000, 0x0000000097c00000, 0x0000000097d00000|  0%| F|  |TAMS 0x0000000097c00000, 0x0000000097c00000| Untracked 
| 233|0x0000000097d00000, 0x0000000097d00000, 0x0000000097e00000|  0%| F|  |TAMS 0x0000000097d00000, 0x0000000097d00000| Untracked 
| 234|0x0000000097e00000, 0x0000000097e00000, 0x0000000097f00000|  0%| F|  |TAMS 0x0000000097e00000, 0x0000000097e00000| Untracked 
| 235|0x0000000097f00000, 0x0000000097f00000, 0x0000000098000000|  0%| F|  |TAMS 0x0000000097f00000, 0x0000000097f00000| Untracked 
| 236|0x0000000098000000, 0x0000000098000000, 0x0000000098100000|  0%| F|  |TAMS 0x0000000098000000, 0x0000000098000000| Untracked 
| 237|0x0000000098100000, 0x0000000098100000, 0x0000000098200000|  0%| F|  |TAMS 0x0000000098100000, 0x0000000098100000| Untracked 
| 238|0x0000000098200000, 0x0000000098200000, 0x0000000098300000|  0%| F|  |TAMS 0x0000000098200000, 0x0000000098200000| Untracked 
| 239|0x0000000098300000, 0x00000000983dd640, 0x0000000098400000| 86%| S|CS|TAMS 0x0000000098300000, 0x0000000098300000| Complete 
| 240|0x0000000098400000, 0x0000000098500000, 0x0000000098500000|100%| S|CS|TAMS 0x0000000098400000, 0x0000000098400000| Complete 
| 241|0x0000000098500000, 0x0000000098600000, 0x0000000098600000|100%| S|CS|TAMS 0x0000000098500000, 0x0000000098500000| Complete 
| 242|0x0000000098600000, 0x0000000098700000, 0x0000000098700000|100%| S|CS|TAMS 0x0000000098600000, 0x0000000098600000| Complete 
| 243|0x0000000098700000, 0x0000000098800000, 0x0000000098800000|100%| S|CS|TAMS 0x0000000098700000, 0x0000000098700000| Complete 
| 244|0x0000000098800000, 0x0000000098900000, 0x0000000098900000|100%| S|CS|TAMS 0x0000000098800000, 0x0000000098800000| Complete 
| 245|0x0000000098900000, 0x0000000098a00000, 0x0000000098a00000|100%| S|CS|TAMS 0x0000000098900000, 0x0000000098900000| Complete 
| 246|0x0000000098a00000, 0x0000000098a00000, 0x0000000098b00000|  0%| F|  |TAMS 0x0000000098a00000, 0x0000000098a00000| Untracked 
| 247|0x0000000098b00000, 0x0000000098b00000, 0x0000000098c00000|  0%| F|  |TAMS 0x0000000098b00000, 0x0000000098b00000| Untracked 
| 248|0x0000000098c00000, 0x0000000098c00000, 0x0000000098d00000|  0%| F|  |TAMS 0x0000000098c00000, 0x0000000098c00000| Untracked 
| 249|0x0000000098d00000, 0x0000000098d00000, 0x0000000098e00000|  0%| F|  |TAMS 0x0000000098d00000, 0x0000000098d00000| Untracked 
| 250|0x0000000098e00000, 0x0000000098e00000, 0x0000000098f00000|  0%| F|  |TAMS 0x0000000098e00000, 0x0000000098e00000| Untracked 
| 251|0x0000000098f00000, 0x0000000098f00000, 0x0000000099000000|  0%| F|  |TAMS 0x0000000098f00000, 0x0000000098f00000| Untracked 
| 252|0x0000000099000000, 0x0000000099000000, 0x0000000099100000|  0%| F|  |TAMS 0x0000000099000000, 0x0000000099000000| Untracked 
| 253|0x0000000099100000, 0x0000000099100000, 0x0000000099200000|  0%| F|  |TAMS 0x0000000099100000, 0x0000000099100000| Untracked 
| 254|0x0000000099200000, 0x0000000099200000, 0x0000000099300000|  0%| F|  |TAMS 0x0000000099200000, 0x0000000099200000| Untracked 
| 255|0x0000000099300000, 0x0000000099300000, 0x0000000099400000|  0%| F|  |TAMS 0x0000000099300000, 0x0000000099300000| Untracked 
| 256|0x0000000099400000, 0x0000000099400000, 0x0000000099500000|  0%| F|  |TAMS 0x0000000099400000, 0x0000000099400000| Untracked 
| 257|0x0000000099500000, 0x0000000099500000, 0x0000000099600000|  0%| F|  |TAMS 0x0000000099500000, 0x0000000099500000| Untracked 
| 258|0x0000000099600000, 0x0000000099600000, 0x0000000099700000|  0%| F|  |TAMS 0x0000000099600000, 0x0000000099600000| Untracked 
| 259|0x0000000099700000, 0x0000000099700000, 0x0000000099800000|  0%| F|  |TAMS 0x0000000099700000, 0x0000000099700000| Untracked 
| 260|0x0000000099800000, 0x0000000099800000, 0x0000000099900000|  0%| F|  |TAMS 0x0000000099800000, 0x0000000099800000| Untracked 
| 261|0x0000000099900000, 0x0000000099900000, 0x0000000099a00000|  0%| F|  |TAMS 0x0000000099900000, 0x0000000099900000| Untracked 
| 262|0x0000000099a00000, 0x0000000099a00000, 0x0000000099b00000|  0%| F|  |TAMS 0x0000000099a00000, 0x0000000099a00000| Untracked 
| 263|0x0000000099b00000, 0x0000000099b00000, 0x0000000099c00000|  0%| F|  |TAMS 0x0000000099b00000, 0x0000000099b00000| Untracked 
| 264|0x0000000099c00000, 0x0000000099c00000, 0x0000000099d00000|  0%| F|  |TAMS 0x0000000099c00000, 0x0000000099c00000| Untracked 
| 265|0x0000000099d00000, 0x0000000099d00000, 0x0000000099e00000|  0%| F|  |TAMS 0x0000000099d00000, 0x0000000099d00000| Untracked 
| 266|0x0000000099e00000, 0x0000000099e00000, 0x0000000099f00000|  0%| F|  |TAMS 0x0000000099e00000, 0x0000000099e00000| Untracked 
| 267|0x0000000099f00000, 0x0000000099f00000, 0x000000009a000000|  0%| F|  |TAMS 0x0000000099f00000, 0x0000000099f00000| Untracked 
| 268|0x000000009a000000, 0x000000009a000000, 0x000000009a100000|  0%| F|  |TAMS 0x000000009a000000, 0x000000009a000000| Untracked 
| 269|0x000000009a100000, 0x000000009a100000, 0x000000009a200000|  0%| F|  |TAMS 0x000000009a100000, 0x000000009a100000| Untracked 
| 270|0x000000009a200000, 0x000000009a200000, 0x000000009a300000|  0%| F|  |TAMS 0x000000009a200000, 0x000000009a200000| Untracked 
| 271|0x000000009a300000, 0x000000009a300000, 0x000000009a400000|  0%| F|  |TAMS 0x000000009a300000, 0x000000009a300000| Untracked 
| 272|0x000000009a400000, 0x000000009a400000, 0x000000009a500000|  0%| F|  |TAMS 0x000000009a400000, 0x000000009a400000| Untracked 
| 273|0x000000009a500000, 0x000000009a500000, 0x000000009a600000|  0%| F|  |TAMS 0x000000009a500000, 0x000000009a500000| Untracked 
| 274|0x000000009a600000, 0x000000009a600000, 0x000000009a700000|  0%| F|  |TAMS 0x000000009a600000, 0x000000009a600000| Untracked 
| 275|0x000000009a700000, 0x000000009a700000, 0x000000009a800000|  0%| F|  |TAMS 0x000000009a700000, 0x000000009a700000| Untracked 
| 276|0x000000009a800000, 0x000000009a800000, 0x000000009a900000|  0%| F|  |TAMS 0x000000009a800000, 0x000000009a800000| Untracked 
| 277|0x000000009a900000, 0x000000009a900000, 0x000000009aa00000|  0%| F|  |TAMS 0x000000009a900000, 0x000000009a900000| Untracked 
| 278|0x000000009aa00000, 0x000000009aa00000, 0x000000009ab00000|  0%| F|  |TAMS 0x000000009aa00000, 0x000000009aa00000| Untracked 
| 279|0x000000009ab00000, 0x000000009ab00000, 0x000000009ac00000|  0%| F|  |TAMS 0x000000009ab00000, 0x000000009ab00000| Untracked 
| 280|0x000000009ac00000, 0x000000009ac00000, 0x000000009ad00000|  0%| F|  |TAMS 0x000000009ac00000, 0x000000009ac00000| Untracked 
| 281|0x000000009ad00000, 0x000000009ad00000, 0x000000009ae00000|  0%| F|  |TAMS 0x000000009ad00000, 0x000000009ad00000| Untracked 
| 282|0x000000009ae00000, 0x000000009ae00000, 0x000000009af00000|  0%| F|  |TAMS 0x000000009ae00000, 0x000000009ae00000| Untracked 
| 283|0x000000009af00000, 0x000000009af00000, 0x000000009b000000|  0%| F|  |TAMS 0x000000009af00000, 0x000000009af00000| Untracked 
| 284|0x000000009b000000, 0x000000009b000000, 0x000000009b100000|  0%| F|  |TAMS 0x000000009b000000, 0x000000009b000000| Untracked 
| 285|0x000000009b100000, 0x000000009b100000, 0x000000009b200000|  0%| F|  |TAMS 0x000000009b100000, 0x000000009b100000| Untracked 
| 286|0x000000009b200000, 0x000000009b200000, 0x000000009b300000|  0%| F|  |TAMS 0x000000009b200000, 0x000000009b200000| Untracked 
| 287|0x000000009b300000, 0x000000009b300000, 0x000000009b400000|  0%| F|  |TAMS 0x000000009b300000, 0x000000009b300000| Untracked 
| 288|0x000000009b400000, 0x000000009b400000, 0x000000009b500000|  0%| F|  |TAMS 0x000000009b400000, 0x000000009b400000| Untracked 
| 289|0x000000009b500000, 0x000000009b500000, 0x000000009b600000|  0%| F|  |TAMS 0x000000009b500000, 0x000000009b500000| Untracked 
| 290|0x000000009b600000, 0x000000009b600000, 0x000000009b700000|  0%| F|  |TAMS 0x000000009b600000, 0x000000009b600000| Untracked 
| 291|0x000000009b700000, 0x000000009b700000, 0x000000009b800000|  0%| F|  |TAMS 0x000000009b700000, 0x000000009b700000| Untracked 
| 292|0x000000009b800000, 0x000000009b800000, 0x000000009b900000|  0%| F|  |TAMS 0x000000009b800000, 0x000000009b800000| Untracked 
| 293|0x000000009b900000, 0x000000009b900000, 0x000000009ba00000|  0%| F|  |TAMS 0x000000009b900000, 0x000000009b900000| Untracked 
| 294|0x000000009ba00000, 0x000000009ba00000, 0x000000009bb00000|  0%| F|  |TAMS 0x000000009ba00000, 0x000000009ba00000| Untracked 
| 295|0x000000009bb00000, 0x000000009bb80800, 0x000000009bc00000| 50%| E|  |TAMS 0x000000009bb00000, 0x000000009bb00000| Complete 
| 296|0x000000009bc00000, 0x000000009bd00000, 0x000000009bd00000|100%| E|CS|TAMS 0x000000009bc00000, 0x000000009bc00000| Complete 

Card table byte_map: [0x000001ef7dc20000,0x000001ef7dfe0000] _byte_map_base: 0x000001ef7d7d6000

Marking Bits (Prev, Next): (CMBitMap*) 0x000001ef64d7fd00, (CMBitMap*) 0x000001ef64d7fd40
 Prev Bits: [0x000001ef00000000, 0x000001ef01db0000)
 Next Bits: [0x000001ef01db0000, 0x000001ef03b60000)

Polling page: 0x000001ef64890000

Metaspace:

Usage:
  Non-class:     18.55 MB used.
      Class:      2.21 MB used.
       Both:     20.76 MB used.

Virtual space:
  Non-class space:       64.00 MB reserved,      18.69 MB ( 29%) committed,  1 nodes.
      Class space:        1.00 GB reserved,       2.38 MB ( <1%) committed,  1 nodes.
             Both:        1.06 GB reserved,      21.06 MB (  2%) committed. 

Chunk freelists:
   Non-Class:  13.23 MB
       Class:  13.53 MB
        Both:  26.76 MB

MaxMetaspaceSize: unlimited
CompressedClassSpaceSize: 1.00 GB
Initial GC threshold: 21.00 MB
Current GC threshold: 21.31 MB
CDS: on
MetaspaceReclaimPolicy: balanced
 - commit_granule_bytes: 65536.
 - commit_granule_words: 8192.
 - virtual_space_node_default_size: 8388608.
 - enlarge_chunks_in_place: 1.
 - new_chunks_are_fully_committed: 0.
 - uncommit_free_chunks: 1.
 - use_allocation_guard: 0.
 - handle_deallocations: 1.


Internal statistics:

num_allocs_failed_limit: 3.
num_arena_births: 146.
num_arena_deaths: 0.
num_vsnodes_births: 2.
num_vsnodes_deaths: 0.
num_space_committed: 338.
num_space_uncommitted: 0.
num_chunks_returned_to_freelist: 3.
num_chunks_taken_from_freelist: 953.
num_chunk_merges: 3.
num_chunk_splits: 646.
num_chunks_enlarged: 491.
num_inconsistent_stats: 0.

CodeHeap 'non-profiled nmethods': size=120000Kb used=2823Kb max_used=2823Kb free=117176Kb
 bounds [0x000001ef75680000, 0x000001ef75950000, 0x000001ef7cbb0000]
CodeHeap 'profiled nmethods': size=120000Kb used=11332Kb max_used=11332Kb free=108668Kb
 bounds [0x000001ef6dbb0000, 0x000001ef6e6d0000, 0x000001ef750e0000]
CodeHeap 'non-nmethods': size=5760Kb used=1194Kb max_used=1241Kb free=4565Kb
 bounds [0x000001ef750e0000, 0x000001ef75350000, 0x000001ef75680000]
 total_blobs=5573 nmethods=5082 adapters=403
 compilation: enabled
              stopped_count=0, restarted_count=0
 full_count=0

Compilation events (20 events):
Event: 9.053 Thread 0x000001ef7f063090 nmethod 5049 0x000001ef6e6a6110 code [0x000001ef6e6a6820, 0x000001ef6e6aa438]
Event: 9.053 Thread 0x000001ef7f063090 5050       3       java.util.stream.Collectors$$Lambda$54/0x000001ef070666f8::accept (14 bytes)
Event: 9.054 Thread 0x000001ef7f063090 nmethod 5050 0x000001ef6e6ab810 code [0x000001ef6e6ab9e0, 0x000001ef6e6ac008]
Event: 9.069 Thread 0x000001ef7f062ac0 5051       4       java.security.CodeSource::getCertificates (98 bytes)
Event: 9.070 Thread 0x000001ef7f062ac0 nmethod 5051 0x000001ef75940c90 code [0x000001ef75940e00, 0x000001ef75940eb8]
Event: 10.158 Thread 0x000001ef7f062ac0 5052       4       jdk.internal.org.objectweb.asm.Frame::execute (2305 bytes)
Event: 10.158 Thread 0x000001ef7f063090 5053       3       jdk.internal.org.objectweb.asm.Frame::addInitializedType (77 bytes)
Event: 10.158 Thread 0x000001ef7f063090 nmethod 5053 0x000001ef6e6ac210 code [0x000001ef6e6ac3e0, 0x000001ef6e6ac908]
Event: 10.175 Thread 0x000001ef7f063090 5054       3       java.nio.HeapByteBuffer::get (14 bytes)
Event: 10.176 Thread 0x000001ef7f063090 nmethod 5054 0x000001ef6e6aca90 code [0x000001ef6e6acc60, 0x000001ef6e6acf48]
Event: 10.176 Thread 0x000001ef7f063090 5056       3       java.lang.PublicMethods$MethodList::filter (104 bytes)
Event: 10.177 Thread 0x000001ef7f063090 nmethod 5056 0x000001ef6e6ad110 code [0x000001ef6e6ad340, 0x000001ef6e6addb8]
Event: 10.177 Thread 0x000001ef7f063090 5055       3       java.nio.Buffer::nextGetIndex (30 bytes)
Event: 10.177 Thread 0x000001ef7f063090 nmethod 5055 0x000001ef6e6ae290 code [0x000001ef6e6ae440, 0x000001ef6e6ae608]
Event: 10.177 Thread 0x000001ef7f063090 5058       3       jdk.internal.reflect.ClassFileAssembler::emitConstantPoolClass (23 bytes)
Event: 10.177 Thread 0x000001ef7f063090 nmethod 5058 0x000001ef6e6ae710 code [0x000001ef6e6ae900, 0x000001ef6e6aed68]
Event: 10.177 Thread 0x000001ef7f063090 5059       3       java.lang.Class::getMethodsRecursive (99 bytes)
Event: 10.178 Thread 0x000001ef7f063090 nmethod 5059 0x000001ef6e6af010 code [0x000001ef6e6af240, 0x000001ef6e6af7e8]
Event: 10.178 Thread 0x000001ef7f063090 5060       3       kotlin.jvm.internal.Intrinsics::checkNotNullParameter (9 bytes)
Event: 10.178 Thread 0x000001ef7f063090 nmethod 5060 0x000001ef6e6afb10 code [0x000001ef6e6afd00, 0x000001ef6e6b01f8]

GC Heap History (18 events):
Event: 1.488 GC heap before
{Heap before GC invocations=0 (full 0):
 garbage-first heap   total 122880K, used 22528K [0x0000000089400000, 0x0000000100000000)
  region size 1024K, 23 young (23552K), 0 survivors (0K)
 Metaspace       used 5374K, committed 5568K, reserved 1114112K
  class space    used 647K, committed 768K, reserved 1048576K
}
Event: 1.496 GC heap after
{Heap after GC invocations=1 (full 0):
 garbage-first heap   total 122880K, used 4000K [0x0000000089400000, 0x0000000100000000)
  region size 1024K, 3 young (3072K), 3 survivors (3072K)
 Metaspace       used 5374K, committed 5568K, reserved 1114112K
  class space    used 647K, committed 768K, reserved 1048576K
}
Event: 2.343 GC heap before
{Heap before GC invocations=1 (full 0):
 garbage-first heap   total 122880K, used 34720K [0x0000000089400000, 0x0000000100000000)
  region size 1024K, 33 young (33792K), 3 survivors (3072K)
 Metaspace       used 9200K, committed 9408K, reserved 1114112K
  class space    used 1120K, committed 1216K, reserved 1048576K
}
Event: 2.352 GC heap after
{Heap after GC invocations=2 (full 0):
 garbage-first heap   total 122880K, used 5785K [0x0000000089400000, 0x0000000100000000)
  region size 1024K, 2 young (2048K), 2 survivors (2048K)
 Metaspace       used 9200K, committed 9408K, reserved 1114112K
  class space    used 1120K, committed 1216K, reserved 1048576K
}
Event: 4.537 GC heap before
{Heap before GC invocations=2 (full 0):
 garbage-first heap   total 122880K, used 77465K [0x0000000089400000, 0x0000000100000000)
  region size 1024K, 72 young (73728K), 2 survivors (2048K)
 Metaspace       used 15349K, committed 15552K, reserved 1114112K
  class space    used 1839K, committed 1920K, reserved 1048576K
}
Event: 4.558 GC heap after
{Heap after GC invocations=3 (full 0):
 garbage-first heap   total 122880K, used 13518K [0x0000000089400000, 0x0000000100000000)
  region size 1024K, 9 young (9216K), 9 survivors (9216K)
 Metaspace       used 15349K, committed 15552K, reserved 1114112K
  class space    used 1839K, committed 1920K, reserved 1048576K
}
Event: 5.994 GC heap before
{Heap before GC invocations=3 (full 0):
 garbage-first heap   total 122880K, used 78030K [0x0000000089400000, 0x0000000100000000)
  region size 1024K, 72 young (73728K), 9 survivors (9216K)
 Metaspace       used 16074K, committed 16320K, reserved 1114112K
  class space    used 1857K, committed 1984K, reserved 1048576K
}
Event: 6.016 GC heap after
{Heap after GC invocations=4 (full 0):
 garbage-first heap   total 122880K, used 16587K [0x0000000089400000, 0x0000000100000000)
  region size 1024K, 3 young (3072K), 3 survivors (3072K)
 Metaspace       used 16074K, committed 16320K, reserved 1114112K
  class space    used 1857K, committed 1984K, reserved 1048576K
}
Event: 6.445 GC heap before
{Heap before GC invocations=4 (full 0):
 garbage-first heap   total 122880K, used 70859K [0x0000000089400000, 0x0000000100000000)
  region size 1024K, 17 young (17408K), 3 survivors (3072K)
 Metaspace       used 17062K, committed 17408K, reserved 1114112K
  class space    used 1977K, committed 2176K, reserved 1048576K
}
Event: 6.453 GC heap after
{Heap after GC invocations=5 (full 0):
 garbage-first heap   total 122880K, used 25803K [0x0000000089400000, 0x0000000100000000)
  region size 1024K, 4 young (4096K), 4 survivors (4096K)
 Metaspace       used 17062K, committed 17408K, reserved 1114112K
  class space    used 1977K, committed 2176K, reserved 1048576K
}
Event: 6.463 GC heap before
{Heap before GC invocations=5 (full 0):
 garbage-first heap   total 122880K, used 58571K [0x0000000089400000, 0x0000000100000000)
  region size 1024K, 5 young (5120K), 4 survivors (4096K)
 Metaspace       used 17066K, committed 17408K, reserved 1114112K
  class space    used 1977K, committed 2176K, reserved 1048576K
}
Event: 6.468 GC heap after
{Heap after GC invocations=6 (full 0):
 garbage-first heap   total 122880K, used 26192K [0x0000000089400000, 0x0000000100000000)
  region size 1024K, 5 young (5120K), 5 survivors (5120K)
 Metaspace       used 17066K, committed 17408K, reserved 1114112K
  class space    used 1977K, committed 2176K, reserved 1048576K
}
Event: 6.477 GC heap before
{Heap before GC invocations=6 (full 0):
 garbage-first heap   total 122880K, used 58960K [0x0000000089400000, 0x0000000100000000)
  region size 1024K, 6 young (6144K), 5 survivors (5120K)
 Metaspace       used 17066K, committed 17408K, reserved 1114112K
  class space    used 1977K, committed 2176K, reserved 1048576K
}
Event: 6.483 GC heap after
{Heap after GC invocations=7 (full 0):
 garbage-first heap   total 122880K, used 25803K [0x0000000089400000, 0x0000000100000000)
  region size 1024K, 4 young (4096K), 4 survivors (4096K)
 Metaspace       used 17066K, committed 17408K, reserved 1114112K
  class space    used 1977K, committed 2176K, reserved 1048576K
}
Event: 6.491 GC heap before
{Heap before GC invocations=7 (full 0):
 garbage-first heap   total 122880K, used 58571K [0x0000000089400000, 0x0000000100000000)
  region size 1024K, 5 young (5120K), 4 survivors (4096K)
 Metaspace       used 17066K, committed 17408K, reserved 1114112K
  class space    used 1977K, committed 2176K, reserved 1048576K
}
Event: 6.499 GC heap after
{Heap after GC invocations=8 (full 0):
 garbage-first heap   total 304128K, used 25803K [0x0000000089400000, 0x0000000100000000)
  region size 1024K, 4 young (4096K), 4 survivors (4096K)
 Metaspace       used 17066K, committed 17408K, reserved 1114112K
  class space    used 1977K, committed 2176K, reserved 1048576K
}
Event: 6.535 GC heap before
{Heap before GC invocations=8 (full 0):
 garbage-first heap   total 304128K, used 136395K [0x0000000089400000, 0x0000000100000000)
  region size 1024K, 5 young (5120K), 4 survivors (4096K)
 Metaspace       used 17066K, committed 17408K, reserved 1114112K
  class space    used 1977K, committed 2176K, reserved 1048576K
}
Event: 6.540 GC heap after
{Heap after GC invocations=9 (full 0):
 garbage-first heap   total 304128K, used 38202K [0x0000000089400000, 0x0000000100000000)
  region size 1024K, 5 young (5120K), 5 survivors (5120K)
 Metaspace       used 17066K, committed 17408K, reserved 1114112K
  class space    used 1977K, committed 2176K, reserved 1048576K
}

Deoptimization events (20 events):
Event: 9.048 Thread 0x000001ef64d2b8b0 Uncommon trap: trap_request=0xffffff45 fr.pc=0x000001ef75906608 relative=0x0000000000000a08
Event: 9.048 Thread 0x000001ef64d2b8b0 Uncommon trap: reason=unstable_if action=reinterpret pc=0x000001ef75906608 method=org.codehaus.plexus.classworlds.realm.Entry.matches(Ljava/lang/String;)Z @ 20 c2
Event: 9.048 Thread 0x000001ef64d2b8b0 DEOPT PACKING pc=0x000001ef75906608 sp=0x0000002be02fd980
Event: 9.048 Thread 0x000001ef64d2b8b0 DEOPT UNPACKING pc=0x000001ef751323a3 sp=0x0000002be02fd948 mode 2
Event: 10.159 Thread 0x000001ef64d2b8b0 Uncommon trap: trap_request=0xffffffde fr.pc=0x000001ef7590748c relative=0x00000000000002cc
Event: 10.159 Thread 0x000001ef64d2b8b0 Uncommon trap: reason=class_check action=maybe_recompile pc=0x000001ef7590748c method=java.lang.reflect.Field.getAnnotation(Ljava/lang/Class;)Ljava/lang/annotation/Annotation; @ 19 c2
Event: 10.159 Thread 0x000001ef64d2b8b0 DEOPT PACKING pc=0x000001ef7590748c sp=0x0000002be02fd840
Event: 10.159 Thread 0x000001ef64d2b8b0 DEOPT UNPACKING pc=0x000001ef751323a3 sp=0x0000002be02fd800 mode 2
Event: 10.170 Thread 0x000001ef64d2b8b0 Uncommon trap: trap_request=0xffffffde fr.pc=0x000001ef7590748c relative=0x00000000000002cc
Event: 10.170 Thread 0x000001ef64d2b8b0 Uncommon trap: reason=class_check action=maybe_recompile pc=0x000001ef7590748c method=java.lang.reflect.Field.getAnnotation(Ljava/lang/Class;)Ljava/lang/annotation/Annotation; @ 19 c2
Event: 10.170 Thread 0x000001ef64d2b8b0 DEOPT PACKING pc=0x000001ef7590748c sp=0x0000002be02fd840
Event: 10.170 Thread 0x000001ef64d2b8b0 DEOPT UNPACKING pc=0x000001ef751323a3 sp=0x0000002be02fd800 mode 2
Event: 10.170 Thread 0x000001ef64d2b8b0 Uncommon trap: trap_request=0xffffffde fr.pc=0x000001ef7590748c relative=0x00000000000002cc
Event: 10.170 Thread 0x000001ef64d2b8b0 Uncommon trap: reason=class_check action=maybe_recompile pc=0x000001ef7590748c method=java.lang.reflect.Field.getAnnotation(Ljava/lang/Class;)Ljava/lang/annotation/Annotation; @ 19 c2
Event: 10.170 Thread 0x000001ef64d2b8b0 DEOPT PACKING pc=0x000001ef7590748c sp=0x0000002be02fd840
Event: 10.170 Thread 0x000001ef64d2b8b0 DEOPT UNPACKING pc=0x000001ef751323a3 sp=0x0000002be02fd800 mode 2
Event: 10.170 Thread 0x000001ef64d2b8b0 Uncommon trap: trap_request=0xffffffde fr.pc=0x000001ef7590748c relative=0x00000000000002cc
Event: 10.170 Thread 0x000001ef64d2b8b0 Uncommon trap: reason=class_check action=maybe_recompile pc=0x000001ef7590748c method=java.lang.reflect.Field.getAnnotation(Ljava/lang/Class;)Ljava/lang/annotation/Annotation; @ 19 c2
Event: 10.170 Thread 0x000001ef64d2b8b0 DEOPT PACKING pc=0x000001ef7590748c sp=0x0000002be02fd840
Event: 10.170 Thread 0x000001ef64d2b8b0 DEOPT UNPACKING pc=0x000001ef751323a3 sp=0x0000002be02fd800 mode 2

Classes unloaded (0 events):
No events

Classes redefined (0 events):
No events

Internal exceptions (20 events):
Event: 2.609 Thread 0x000001ef64d2b8b0 Exception <a 'java/lang/NoSuchMethodError'{0x00000000905cc558}: 'int java.lang.invoke.DirectMethodHandle$Holder.invokeSpecial(java.lang.Object, java.lang.Object, java.lang.Object, java.lang.Object)'> (0x00000000905cc558) 
thrown [s\open\src\hotspot\share\interpreter\linkResolver.cpp, line 759]
Event: 2.961 Thread 0x000001ef64d2b8b0 Exception <a 'java/lang/NoClassDefFoundError'{0x000000008fcafe90}: com/google/inject/servlet/ServletModuleTargetVisitor> (0x000000008fcafe90) 
thrown [s\open\src\hotspot\share\classfile\systemDictionary.cpp, line 245]
Event: 3.078 Thread 0x000001ef64d2b8b0 Exception <a 'java/lang/NoSuchMethodError'{0x000000008fae9990}: 'java.lang.Object java.lang.invoke.DirectMethodHandle$Holder.invokeStaticInit(java.lang.Object, int, int, int, int)'> (0x000000008fae9990) 
thrown [s\open\src\hotspot\share\interpreter\linkResolver.cpp, line 759]
Event: 3.197 Thread 0x000001ef64d2b8b0 Implicit null exception at 0x000001ef756ab172 to 0x000001ef756ab73c
Event: 3.197 Thread 0x000001ef64d2b8b0 Implicit null exception at 0x000001ef756a4cf2 to 0x000001ef756a52cc
Event: 3.249 Thread 0x000001ef64d2b8b0 Exception <a 'java/lang/NoSuchMethodError'{0x000000008f5e7150}: 'void java.lang.invoke.DirectMethodHandle$Holder.invokeSpecial(java.lang.Object, java.lang.Object, java.lang.Object, java.lang.Object, java.lang.Object)'> (0x000000008f5e7150) 
thrown [s\open\src\hotspot\share\interpreter\linkResolver.cpp, line 759]
Event: 3.251 Thread 0x000001ef64d2b8b0 Exception <a 'java/lang/NoSuchMethodError'{0x000000008f4004d8}: 'void java.lang.invoke.DirectMethodHandle$Holder.invokeSpecial(java.lang.Object, java.lang.Object, java.lang.Object, java.lang.Object, java.lang.Object, java.lang.Object)'> (0x000000008f4004d8) 
thrown [s\open\src\hotspot\share\interpreter\linkResolver.cpp, line 759]
Event: 3.276 Thread 0x000001ef64d2b8b0 Exception <a 'java/lang/NoSuchMethodError'{0x000000008f344fa8}: 'java.lang.Object java.lang.invoke.DirectMethodHandle$Holder.invokeVirtual(java.lang.Object, java.lang.Object, java.lang.Object)'> (0x000000008f344fa8) 
thrown [s\open\src\hotspot\share\interpreter\linkResolver.cpp, line 759]
Event: 4.091 Thread 0x000001ef64d2b8b0 Exception <a 'java/lang/NoSuchMethodError'{0x000000008d520ac8}: 'void java.lang.invoke.DirectMethodHandle$Holder.invokeStatic(java.lang.Object, java.lang.Object, java.lang.Object, java.lang.Object)'> (0x000000008d520ac8) 
thrown [s\open\src\hotspot\share\interpreter\linkResolver.cpp, line 759]
Event: 4.096 Thread 0x000001ef64d2b8b0 Exception <a 'java/lang/NoSuchMethodError'{0x000000008d53d2b0}: 'int java.lang.invoke.DirectMethodHandle$Holder.invokeSpecialIFC(java.lang.Object, java.lang.Object, java.lang.Object, java.lang.Object)'> (0x000000008d53d2b0) 
thrown [s\open\src\hotspot\share\interpreter\linkResolver.cpp, line 759]
Event: 5.853 Thread 0x000001ef64d2b8b0 Implicit null exception at 0x000001ef7573666a to 0x000001ef75736834
Event: 5.853 Thread 0x000001ef64d2b8b0 Implicit null exception at 0x000001ef75846dea to 0x000001ef75846fa8
Event: 5.853 Thread 0x000001ef64d2b8b0 Implicit null exception at 0x000001ef7572088f to 0x000001ef75720909
Event: 6.049 Thread 0x000001ef64d2b8b0 Exception <a 'java/lang/NoSuchMethodError'{0x0000000090bf03b8}: 'java.lang.Object java.lang.invoke.DirectMethodHandle$Holder.newInvokeSpecial(java.lang.Object, java.lang.Object, java.lang.Object, java.lang.Object, java.lang.Object, java.lang.Object, java.lang.Object)'> (0x0000000090bf03b8) 
thrown [s\open\src\hotspot\share\interpreter\linkResolver.cpp, line 759]
Event: 6.049 Thread 0x000001ef64d2b8b0 Exception <a 'java/lang/NoSuchMethodError'{0x0000000090bf4cc8}: 'java.lang.Object java.lang.invoke.Invokers$Holder.linkToTargetMethod(java.lang.Object, java.lang.Object, java.lang.Object, java.lang.Object, java.lang.Object, java.lang.Object, java.lang.Object)'> (0x0000000090bf4cc8) 
thrown [s\open\src\hotspot\share\interpreter\linkResolver.cpp, line 759]
Event: 6.052 Thread 0x000001ef64d2b8b0 Implicit null exception at 0x000001ef758754e6 to 0x000001ef758760f8
Event: 6.335 Thread 0x000001ef64d2b8b0 Exception <a 'java/lang/NoSuchMethodError'{0x00000000901ebb70}: 'int java.lang.invoke.DirectMethodHandle$Holder.invokeVirtual(java.lang.Object, java.lang.Object)'> (0x00000000901ebb70) 
thrown [s\open\src\hotspot\share\interpreter\linkResolver.cpp, line 759]
Event: 6.358 Thread 0x000001ef64d2b8b0 Implicit null exception at 0x000001ef75730758 to 0x000001ef757307ee
Event: 6.395 Thread 0x000001ef64d2b8b0 Exception <a 'java/lang/NoSuchMethodError'{0x000000008ffe8260}: 'int java.lang.invoke.DirectMethodHandle$Holder.invokeStatic(java.lang.Object, java.lang.Object, int)'> (0x000000008ffe8260) 
thrown [s\open\src\hotspot\share\interpreter\linkResolver.cpp, line 759]
Event: 9.079 Thread 0x000001ef64d2b8b0 Exception <a 'java/lang/NoSuchMethodError'{0x0000000098e00800}: 'java.lang.Object java.lang.invoke.DirectMethodHandle$Holder.invokeStaticInit(java.lang.Object, int)'> (0x0000000098e00800) 
thrown [s\open\src\hotspot\share\interpreter\linkResolver.cpp, line 759]

VM Operations (20 events):
Event: 6.444 Executing VM operation: G1TryInitiateConcMark
Event: 6.453 Executing VM operation: G1TryInitiateConcMark done
Event: 6.462 Executing VM operation: G1TryInitiateConcMark
Event: 6.468 Executing VM operation: G1TryInitiateConcMark done
Event: 6.477 Executing VM operation: G1TryInitiateConcMark
Event: 6.483 Executing VM operation: G1TryInitiateConcMark done
Event: 6.491 Executing VM operation: G1TryInitiateConcMark
Event: 6.499 Executing VM operation: G1TryInitiateConcMark done
Event: 6.535 Executing VM operation: G1TryInitiateConcMark
Event: 6.540 Executing VM operation: G1TryInitiateConcMark done
Event: 7.319 Executing VM operation: ICBufferFull
Event: 7.320 Executing VM operation: ICBufferFull done
Event: 8.324 Executing VM operation: Cleanup
Event: 8.895 Executing VM operation: Cleanup done
Event: 8.933 Executing VM operation: HandshakeAllThreads
Event: 8.933 Executing VM operation: HandshakeAllThreads done
Event: 9.933 Executing VM operation: Cleanup
Event: 10.153 Executing VM operation: Cleanup done
Event: 11.159 Executing VM operation: Cleanup
Event: 11.159 Executing VM operation: Cleanup done

Events (20 events):
Event: 7.298 loading class java/util/Comparators$NaturalOrderComparator
Event: 7.298 loading class java/util/Comparators$NaturalOrderComparator done
Event: 7.301 loading class java/nio/channels/Channels$1
Event: 7.301 loading class java/nio/channels/Channels$1 done
Event: 7.489 Thread 0x000001ef4b524050 Thread added: 0x000001ef4b524050
Event: 7.866 loading class java/util/concurrent/ThreadPoolExecutor
Event: 7.867 loading class java/util/concurrent/ThreadPoolExecutor done
Event: 8.895 loading class java/util/concurrent/ThreadPoolExecutor$AbortPolicy
Event: 8.895 loading class java/util/concurrent/RejectedExecutionHandler
Event: 8.896 loading class java/util/concurrent/RejectedExecutionHandler done
Event: 8.896 loading class java/util/concurrent/ThreadPoolExecutor$AbortPolicy done
Event: 8.896 Thread 0x000001ef4b524050 Thread exited: 0x000001ef4b524050
Event: 8.946 loading class java/nio/file/InvalidPathException
Event: 8.946 loading class java/nio/file/InvalidPathException done
Event: 8.947 loading class java/nio/file/attribute/PosixFilePermission
Event: 8.947 loading class java/nio/file/attribute/PosixFilePermission done
Event: 9.128 loading class java/io/NotSerializableException
Event: 9.128 loading class java/io/NotSerializableException done
Event: 10.181 loading class java/lang/annotation/Repeatable
Event: 10.181 loading class java/lang/annotation/Repeatable done


Dynamic libraries:
0x00007ff6cfd10000 - 0x00007ff6cfd20000 	C:\Program Files\Java\jdk-17\bin\java.exe
0x00007ffc6a100000 - 0x00007ffc6a367000 	C:\WINDOWS\SYSTEM32\ntdll.dll
0x00007ffc690e0000 - 0x00007ffc691a9000 	C:\WINDOWS\System32\KERNEL32.DLL
0x00007ffc66b80000 - 0x00007ffc66f71000 	C:\WINDOWS\System32\KERNELBASE.dll
0x00007ffc66f80000 - 0x00007ffc670cb000 	C:\WINDOWS\System32\ucrtbase.dll
0x00007ffc55890000 - 0x00007ffc558a9000 	C:\Program Files\Java\jdk-17\bin\jli.dll
0x00007ffc55c50000 - 0x00007ffc55c6b000 	C:\Program Files\Java\jdk-17\bin\VCRUNTIME140.dll
0x00007ffc68d60000 - 0x00007ffc68e1b000 	C:\WINDOWS\System32\ADVAPI32.dll
0x00007ffc6a010000 - 0x00007ffc6a0b9000 	C:\WINDOWS\System32\msvcrt.dll
0x00007ffc69030000 - 0x00007ffc690d7000 	C:\WINDOWS\System32\sechost.dll
0x00007ffc687d0000 - 0x00007ffc688e8000 	C:\WINDOWS\System32\RPCRT4.dll
0x00007ffc691b0000 - 0x00007ffc69375000 	C:\WINDOWS\System32\USER32.dll
0x00007ffc65de0000 - 0x00007ffc66073000 	C:\WINDOWS\WinSxS\amd64_microsoft.windows.common-controls_6595b64144ccf1df_6.0.26100.8037_none_3e092faae333b53b\COMCTL32.dll
0x00007ffc66b50000 - 0x00007ffc66b77000 	C:\WINDOWS\System32\win32u.dll
0x00007ffc69000000 - 0x00007ffc6902b000 	C:\WINDOWS\System32\GDI32.dll
0x00007ffc670d0000 - 0x00007ffc671fb000 	C:\WINDOWS\System32\gdi32full.dll
0x00007ffc67c70000 - 0x00007ffc67d13000 	C:\WINDOWS\System32\msvcp_win.dll
0x00007ffc5e8e0000 - 0x00007ffc5e8eb000 	C:\WINDOWS\SYSTEM32\VERSION.dll
0x00007ffc69380000 - 0x00007ffc693b1000 	C:\WINDOWS\System32\IMM32.DLL
0x00007ffc611e0000 - 0x00007ffc611ec000 	C:\Program Files\Java\jdk-17\bin\vcruntime140_1.dll
0x00007ffc3db20000 - 0x00007ffc3dbae000 	C:\Program Files\Java\jdk-17\bin\msvcp140.dll
0x00007ffbabd10000 - 0x00007ffbac8f1000 	C:\Program Files\Java\jdk-17\bin\server\jvm.dll
0x00007ffc69c70000 - 0x00007ffc69c78000 	C:\WINDOWS\System32\PSAPI.DLL
0x00007ffc320b0000 - 0x00007ffc320ba000 	C:\WINDOWS\SYSTEM32\WSOCK32.dll
0x00007ffc5e8a0000 - 0x00007ffc5e8d5000 	C:\WINDOWS\SYSTEM32\WINMM.dll
0x00007ffc68750000 - 0x00007ffc687c4000 	C:\WINDOWS\System32\WS2_32.dll
0x00007ffc64e00000 - 0x00007ffc64e1b000 	C:\WINDOWS\SYSTEM32\kernel.appcore.dll
0x00007ffc59300000 - 0x00007ffc5930a000 	C:\Program Files\Java\jdk-17\bin\jimage.dll
0x00007ffc661b0000 - 0x00007ffc663f2000 	C:\WINDOWS\SYSTEM32\DBGHELP.DLL
0x00007ffc69c80000 - 0x00007ffc6a002000 	C:\WINDOWS\System32\combase.dll
0x00007ffc684d0000 - 0x00007ffc685a7000 	C:\WINDOWS\System32\OLEAUT32.dll
0x00007ffc66080000 - 0x00007ffc660bb000 	C:\WINDOWS\SYSTEM32\dbgcore.DLL
0x00007ffc67350000 - 0x00007ffc673f5000 	C:\WINDOWS\System32\bcryptPrimitives.dll
0x00007ffc50ae0000 - 0x00007ffc50b05000 	C:\Program Files\Java\jdk-17\bin\java.dll
0x00007ffc3d480000 - 0x00007ffc3d557000 	C:\Program Files\Java\jdk-17\bin\jsvml.dll
0x00007ffc69500000 - 0x00007ffc69c5f000 	C:\WINDOWS\System32\SHELL32.dll
0x00007ffc669e0000 - 0x00007ffc66b4a000 	C:\WINDOWS\System32\wintypes.dll
0x00007ffc67400000 - 0x00007ffc67c64000 	C:\WINDOWS\System32\windows.storage.dll
0x00007ffc685b0000 - 0x00007ffc686a7000 	C:\WINDOWS\System32\SHCORE.dll
0x00007ffc68f90000 - 0x00007ffc68ff7000 	C:\WINDOWS\System32\shlwapi.dll
0x00007ffc66900000 - 0x00007ffc66929000 	C:\WINDOWS\SYSTEM32\profapi.dll
0x00007ffc4dd20000 - 0x00007ffc4dd39000 	C:\Program Files\Java\jdk-17\bin\net.dll
0x00007ffc60ba0000 - 0x00007ffc60cc7000 	C:\WINDOWS\SYSTEM32\WINHTTP.dll
0x00007ffc65310000 - 0x00007ffc6537b000 	C:\WINDOWS\system32\mswsock.dll
0x00007ffc48e40000 - 0x00007ffc48e56000 	C:\Program Files\Java\jdk-17\bin\nio.dll
0x00007ffc48bf0000 - 0x00007ffc48c08000 	C:\Program Files\Java\jdk-17\bin\zip.dll
0x00007ffc1dc80000 - 0x00007ffc1dca4000 	C:\Users\asus\.m2\wrapper\dists\apache-maven-3.9.12\6068d197\lib\jansi-native\Windows\x86_64\jansi.dll
0x00007ffc59000000 - 0x00007ffc59010000 	C:\Program Files\Java\jdk-17\bin\verify.dll

dbghelp: loaded successfully - version: 4.0.5 - missing functions: none
symbol engine: initialized successfully - sym options: 0x614 - pdb path: .;C:\Program Files\Java\jdk-17\bin;C:\WINDOWS\SYSTEM32;C:\WINDOWS\WinSxS\amd64_microsoft.windows.common-controls_6595b64144ccf1df_6.0.26100.8037_none_3e092faae333b53b;C:\Program Files\Java\jdk-17\bin\server;C:\Users\asus\.m2\wrapper\dists\apache-maven-3.9.12\6068d197\lib\jansi-native\Windows\x86_64

VM Arguments:
jvm_args: --add-opens=java.base/java.lang=ALL-UNNAMED --enable-native-access=ALL-UNNAMED -Dclassworlds.conf=C:/Users/asus/.m2/wrapper/dists/apache-maven-3.9.12/6068d197/bin/m2.conf -Dmaven.home=C:/Users/asus/.m2/wrapper/dists/apache-maven-3.9.12/6068d197 -Dlibrary.jansi.path=C:/Users/asus/.m2/wrapper/dists/apache-maven-3.9.12/6068d197/lib/jansi-native -Dmaven.multiModuleProjectDirectory=C:/Projet_Mika_Services/backend 
java_command: org.codehaus.plexus.classworlds.launcher.Launcher compile
java_class_path (initial): C:/Users/asus/.m2/wrapper/dists/apache-maven-3.9.12/6068d197/boot/plexus-classworlds-2.9.0.jar
Launcher Type: SUN_STANDARD

[Global flags]
     intx CICompilerCount                          = 4                                         {product} {ergonomic}
     uint ConcGCThreads                            = 3                                         {product} {ergonomic}
     uint G1ConcRefinementThreads                  = 10                                        {product} {ergonomic}
   size_t G1HeapRegionSize                         = 1048576                                   {product} {ergonomic}
    uintx GCDrainStackTargetSize                   = 64                                        {product} {ergonomic}
   size_t InitialHeapSize                          = 125829120                                 {product} {ergonomic}
   size_t MarkStackSize                            = 4194304                                   {product} {ergonomic}
   size_t MaxHeapSize                              = 1992294400                                {product} {ergonomic}
   size_t MaxNewSize                               = 1195376640                                {product} {ergonomic}
   size_t MinHeapDeltaBytes                        = 1048576                                   {product} {ergonomic}
   size_t MinHeapSize                              = 8388608                                   {product} {ergonomic}
    uintx NonNMethodCodeHeapSize                   = 5839372                                {pd product} {ergonomic}
    uintx NonProfiledCodeHeapSize                  = 122909434                              {pd product} {ergonomic}
    uintx ProfiledCodeHeapSize                     = 122909434                              {pd product} {ergonomic}
    uintx ReservedCodeCacheSize                    = 251658240                              {pd product} {ergonomic}
     bool SegmentedCodeCache                       = true                                      {product} {ergonomic}
   size_t SoftMaxHeapSize                          = 1992294400                             {manageable} {ergonomic}
     bool UseCompressedClassPointers               = true                           {product lp64_product} {ergonomic}
     bool UseCompressedOops                        = true                           {product lp64_product} {ergonomic}
     bool UseG1GC                                  = true                                      {product} {ergonomic}
     bool UseLargePagesIndividualAllocation        = false                                  {pd product} {ergonomic}

Logging:
Log output configuration:
 #0: stdout all=warning uptime,level,tags
 #1: stderr all=off uptime,level,tags

Environment Variables:
PATH=C:\Program Files\Git\mingw64\bin;C:\Program Files\Git\usr\bin;C:\Users\asus\bin;C:\python314\Scripts;C:\Users\asus\AppData\Local\Programs\Microsoft VS Code;C:\Python314\Scripts;C:\Python314;C:\Program Files\Common Files\Oracle\Java\javapath;C:\WINDOWS\System32;C:\WINDOWS\System32\WindowsPowerShell\v1.0;C:\Program Files\Git\cmd;C:\Program Files\dotnet;C:\Users\asus\AppData\Local\Programs\Python\Python312\Scripts;C:\Users\asus\AppData\Local\Programs\Python\Python312;C:\apache-maven-3.9.4\bin;C:\mongosh-2.5.1-win32-x64\bin;C:\Gradle\gradle-8.9\gradle-8.9\bin;C:\xampp\php;C:\ProgramData\ComposerSetup\bin;C:\Users\asus\AppData\Local\Google\Cloud SDK\google-cloud-sdk\bin;C:\terraform\bin;C:\WINDOWS\system32;C:\WINDOWS;C:\WINDOWS\System32\Wbem;C:\WINDOWS\System32\WindowsPowerShell\v1.0;C:\WINDOWS\System32\OpenSSH;C:\Program Files;C:\ProgramData\chocolatey\bin;C:\Program Files\Docker\Docker\resources\bin;C:\Program Files\cursor\resources\app\bin;C:\mysql-9.5.0-winx64\bin;C:\Program Files\PowerShell\7;C:\Program Files\PowerShell\7;C:\Python314\Scripts;C:\Python314;C:\Program Files\Common Files\Oracle\Java\javapath;C:\WINDOWS\System32;C:\WINDOWS\System32\WindowsPowerShell\v1.0;C:\Program Files\Git\cmd;C:\Program Files\dotnet;C:\Users\asus\AppData\Local\Programs\Python\Python312\Scripts;C:\Users\asus\AppData\Local\Programs\Python\Python312;C:\apache-maven-3.9.4\bin;C:\mongosh-2.5.1-win32-x64\bin;C:\Gradle\gradle-8.9\gradle-8.9\bin;C:\xampp\php;C:\ProgramData\ComposerSetup\bin;C:\Users\asus\AppData\Local\Google\Cloud SDK\google-cloud-sdk\bin;C:\terraform\bin;C:\WINDOWS\system32;C:\WINDOWS;C:\WINDOWS\System32\Wbem;C:\WINDOWS\System32\WindowsPowerShell\v1.0;C:\WINDOWS\System32\OpenSSH;C:\Program Files\PowerShell\7;C:\Program Files;C:\ProgramData\chocolatey\bin;C:\Program Files\Docker\Docker\resources\bin;C:\Program Files\cursor\resources\app\bin;C:\mysql-9.5.0-winx64\bin;C:\Program Files\PowerShell\7;C:\Python314\Scripts;C:\Python314;C:\Program Files\Common Files\Oracle\Java\ja
USERNAME=asus
SHELL=C:\Program Files\Git\usr\bin\bash.exe
OS=Windows_NT
PROCESSOR_IDENTIFIER=AMD64 Family 23 Model 96 Stepping 1, AuthenticAMD



---------------  S Y S T E M  ---------------

OS:
 Windows 11 , 64 bit Build 26100 (10.0.26100.7920)
OS uptime: 0 days 15:48 hours
Hyper-V role detected

CPU: total 12 (initial active 12) (12 cores per cpu, 2 threads per core) family 23 model 96 stepping 1 microcode 0x8600106, cx8, cmov, fxsr, ht, mmx, 3dnowpref, sse, sse2, sse3, ssse3, sse4a, sse4.1, sse4.2, popcnt, lzcnt, tsc, tscinvbit, avx, avx2, aes, clmul, bmi1, bmi2, adx, sha, fma, vzeroupper, clflush, clflushopt, hv

Memory: 4k page, system-wide physical 7597M (352M free)
TotalPageFile size 31149M (AvailPageFile size 12M)
current process WorkingSet (physical memory assigned to process): 291M, peak: 292M
current process commit charge ("private bytes"): 441M, peak: 450M

vm_info: Java HotSpot(TM) 64-Bit Server VM (17.0.13+10-LTS-268) for windows-amd64 JRE (17.0.13+10-LTS-268), built on Sep 30 2024 06:33:13 by "mach5one" with MS VC++ 17.6 (VS2022)

END.
